<?xml version="1.0" encoding="UTF-8"?>
<coverage generated="1788395823676" clover="3.2.0">
  <project timestamp="1788395823676" name="All files">
    <metrics statements="6082" coveredstatements="2734" conditionals="3445" coveredconditionals="1111" methods="832" coveredmethods="433" elements="10359" coveredelements="4278" complexity="0" loc="6082" ncloc="6082" packages="9" files="61" classes="61"/>
    <package name="app">
      <metrics statements="14" coveredstatements="8" conditionals="6" coveredconditionals="1" methods="4" coveredmethods="1"/>
      <file name="index.tsx" path="/home/runner/work/tsumego-hero/tsumego-hero/app/index.tsx">
        <metrics statements="9" coveredstatements="7" conditionals="2" coveredconditionals="1" methods="2" coveredmethods="1"/>
        <line num="10" count="205" type="stmt"/>
        <line num="11" count="205" type="stmt"/>
        <line num="12" count="205" type="stmt"/>
        <line num="13" count="205" type="stmt"/>
        <line num="16" count="205" type="stmt"/>
        <line num="17" count="0" type="stmt"/>
        <line num="21" count="205" type="cond" truecount="1" falsecount="1"/>
        <line num="22" count="0" type="stmt"/>
        <line num="24" count="205" type="stmt"/>
      </file>
      <file name="queryClient.ts" path="/home/runner/work/tsumego-hero/tsumego-hero/app/queryClient.ts">
        <metrics statements="5" coveredstatements="1" conditionals="4" coveredconditionals="0" methods="2" coveredmethods="0"/>
        <line num="4" count="205" type="stmt"/>
        <line num="10" count="0" type="cond" truecount="0" falsecount="4"/>
        <line num="11" count="0" type="stmt"/>
        <line num="12" count="0" type="stmt"/>
        <line num="14" count="0" type="stmt"/>
      </file>
    </package>
    <package name="app.comments">
      <metrics statements="301" coveredstatements="124" conditionals="189" coveredconditionals="92" methods="78" coveredmethods="33"/>
      <file name="Comment.tsx" path="/home/runner/work/tsumego-hero/tsumego-hero/app/comments/Comment.tsx">
        <metrics statements="51" coveredstatements="16" conditionals="34" coveredconditionals="22" methods="9" coveredmethods="3"/>
        <line num="20" count="0" type="stmt"/>
        <line num="22" count="0" type="stmt"/>
        <line num="25" count="0" type="stmt"/>
        <line num="27" count="0" type="stmt"/>
        <line num="30" count="0" type="stmt"/>
        <line num="46" count="7" type="cond" truecount="0" falsecount="1"/>
        <line num="47" count="0" type="stmt"/>
        <line num="49" count="7" type="stmt"/>
        <line num="50" count="7" type="stmt"/>
        <line num="51" count="7" type="stmt"/>
        <line num="54" count="7" type="stmt"/>
        <line num="56" count="0" type="stmt"/>
        <line num="58" count="0" type="cond" truecount="0" falsecount="3"/>
        <line num="61" count="0" type="cond" truecount="0" falsecount="1"/>
        <line num="62" count="0" type="stmt"/>
        <line num="65" count="0" type="stmt"/>
        <line num="66" count="0" type="stmt"/>
        <line num="71" count="7" type="cond" truecount="1" falsecount="0"/>
        <line num="72" count="7" type="stmt"/>
        <line num="74" count="7" type="cond" truecount="1" falsecount="1"/>
        <line num="86" count="7" type="stmt"/>
        <line num="87" count="7" type="cond" truecount="2" falsecount="0"/>
        <line num="89" count="7" type="cond" truecount="3" falsecount="0"/>
        <line num="92" count="7" type="cond" truecount="2" falsecount="0"/>
        <line num="95" count="7" type="stmt"/>
        <line num="100" count="7" type="cond" truecount="3" falsecount="0"/>
        <line num="102" count="7" type="stmt"/>
        <line num="138" count="0" type="cond" truecount="0" falsecount="1"/>
        <line num="139" count="0" type="stmt"/>
        <line num="142" count="0" type="stmt"/>
        <line num="143" count="0" type="stmt"/>
        <line num="145" count="0" type="cond" truecount="0" falsecount="1"/>
        <line num="146" count="0" type="stmt"/>
        <line num="149" count="0" type="stmt"/>
        <line num="150" count="0" type="stmt"/>
        <line num="151" count="0" type="stmt"/>
        <line num="152" count="0" type="stmt"/>
        <line num="153" count="0" type="stmt"/>
        <line num="154" count="0" type="stmt"/>
        <line num="155" count="0" type="stmt"/>
        <line num="156" count="0" type="stmt"/>
        <line num="157" count="0" type="stmt"/>
        <line num="160" count="0" type="stmt"/>
        <line num="163" count="0" type="stmt"/>
        <line num="164" count="0" type="stmt"/>
        <line num="167" count="0" type="cond" truecount="0" falsecount="3"/>
        <line num="169" count="0" type="stmt"/>
        <line num="172" count="0" type="stmt"/>
        <line num="174" count="0" type="stmt"/>
        <line num="182" count="1" type="stmt"/>
        <line num="187" count="0" type="stmt"/>
      </file>
      <file name="CommentForm.tsx" path="/home/runner/work/tsumego-hero/tsumego-hero/app/comments/CommentForm.tsx">
        <metrics statements="48" coveredstatements="9" conditionals="36" coveredconditionals="14" methods="12" coveredmethods="4"/>
        <line num="20" count="50" type="stmt"/>
        <line num="26" count="50" type="stmt"/>
        <line num="28" count="2" type="stmt"/>
        <line num="29" count="2" type="cond" truecount="2" falsecount="1"/>
        <line num="30" count="0" type="stmt"/>
        <line num="32" count="2" type="stmt"/>
        <line num="33" count="1" type="stmt"/>
        <line num="36" count="50" type="stmt"/>
        <line num="38" count="0" type="cond" truecount="0" falsecount="2"/>
        <line num="41" count="0" type="stmt"/>
        <line num="42" count="0" type="cond" truecount="0" falsecount="1"/>
        <line num="44" count="0" type="stmt"/>
        <line num="45" count="0" type="stmt"/>
        <line num="49" count="0" type="stmt"/>
        <line num="50" count="0" type="cond" truecount="0" falsecount="2"/>
        <line num="53" count="0" type="stmt"/>
        <line num="54" count="0" type="stmt"/>
        <line num="57" count="0" type="stmt"/>
        <line num="58" count="0" type="stmt"/>
        <line num="59" count="0" type="cond" truecount="0" falsecount="4"/>
        <line num="61" count="0" type="stmt"/>
        <line num="62" count="0" type="stmt"/>
        <line num="66" count="0" type="stmt"/>
        <line num="67" count="0" type="stmt"/>
        <line num="68" count="0" type="cond" truecount="0" falsecount="4"/>
        <line num="70" count="0" type="stmt"/>
        <line num="71" count="0" type="stmt"/>
        <line num="75" count="0" type="stmt"/>
        <line num="76" count="0" type="stmt"/>
        <line num="77" count="0" type="stmt"/>
        <line num="78" count="0" type="cond" truecount="0" falsecount="2"/>
        <line num="80" count="0" type="stmt"/>
        <line num="81" count="0" type="stmt"/>
        <line num="84" count="0" type="stmt"/>
        <line num="85" count="0" type="stmt"/>
        <line num="88" count="0" type="cond" truecount="0" falsecount="2"/>
        <line num="91" count="0" type="stmt"/>
        <line num="92" count="0" type="cond" truecount="0" falsecount="1"/>
        <line num="94" count="0" type="stmt"/>
        <line num="95" count="0" type="stmt"/>
        <line num="98" count="0" type="stmt"/>
        <line num="103" count="0" type="stmt"/>
        <line num="104" count="0" type="stmt"/>
        <line num="108" count="50" type="stmt"/>
        <line num="114" count="38" type="stmt"/>
        <line num="139" count="0" type="stmt"/>
        <line num="162" count="0" type="stmt"/>
        <line num="163" count="0" type="stmt"/>
      </file>
      <file name="CommentSection.tsx" path="/home/runner/work/tsumego-hero/tsumego-hero/app/comments/CommentSection.tsx">
        <metrics statements="72" coveredstatements="64" conditionals="72" coveredconditionals="51" methods="19" coveredmethods="14"/>
        <line num="21" count="70" type="stmt"/>
        <line num="22" count="70" type="stmt"/>
        <line num="25" count="70" type="stmt"/>
        <line num="26" count="70" type="stmt"/>
        <line num="29" count="70" type="stmt"/>
        <line num="40" count="70" type="stmt"/>
        <line num="43" count="70" type="cond" truecount="2" falsecount="0"/>
        <line num="46" count="70" type="stmt"/>
        <line num="49" count="61" type="cond" truecount="2" falsecount="0"/>
        <line num="50" count="61" type="cond" truecount="2" falsecount="0"/>
        <line num="55" count="61" type="stmt"/>
        <line num="58" count="61" type="stmt"/>
        <line num="60" count="1" type="stmt"/>
        <line num="61" count="1" type="cond" truecount="3" falsecount="0"/>
        <line num="64" count="1" type="stmt"/>
        <line num="65" count="1" type="cond" truecount="0" falsecount="1"/>
        <line num="66" count="0" type="stmt"/>
        <line num="68" count="1" type="stmt"/>
        <line num="76" count="61" type="stmt"/>
        <line num="78" count="2" type="stmt"/>
        <line num="86" count="61" type="stmt"/>
        <line num="88" count="61" type="stmt"/>
        <line num="92" count="70" type="stmt"/>
        <line num="94" count="3" type="stmt"/>
        <line num="95" count="6" type="cond" truecount="1" falsecount="1"/>
        <line num="99" count="70" type="stmt"/>
        <line num="102" count="56" type="stmt"/>
        <line num="103" count="56" type="stmt"/>
        <line num="107" count="70" type="stmt"/>
        <line num="108" count="70" type="stmt"/>
        <line num="110" count="67" type="stmt"/>
        <line num="112" count="70" type="stmt"/>
        <line num="114" count="0" type="stmt"/>
        <line num="120" count="70" type="stmt"/>
        <line num="129" count="70" type="stmt"/>
        <line num="131" count="1" type="stmt"/>
        <line num="134" count="70" type="stmt"/>
        <line num="136" count="1" type="cond" truecount="0" falsecount="1"/>
        <line num="137" count="0" type="stmt"/>
        <line num="138" count="1" type="stmt"/>
        <line num="141" count="70" type="stmt"/>
        <line num="143" count="1" type="stmt"/>
        <line num="146" count="70" type="stmt"/>
        <line num="148" count="0" type="stmt"/>
        <line num="151" count="70" type="stmt"/>
        <line num="152" count="0" type="stmt"/>
        <line num="155" count="70" type="stmt"/>
        <line num="157" count="5" type="cond" truecount="0" falsecount="1"/>
        <line num="158" count="0" type="stmt"/>
        <line num="159" count="5" type="cond" truecount="1" falsecount="0"/>
        <line num="160" count="5" type="cond" truecount="2" falsecount="0"/>
        <line num="162" count="0" type="cond" truecount="0" falsecount="2"/>
        <line num="165" count="70" type="stmt"/>
        <line num="166" count="70" type="stmt"/>
        <line num="167" count="70" type="cond" truecount="2" falsecount="0"/>
        <line num="168" count="70" type="cond" truecount="3" falsecount="1"/>
        <line num="169" count="70" type="cond" truecount="3" falsecount="1"/>
        <line num="171" count="70" type="stmt"/>
        <line num="172" count="70" type="cond" truecount="3" falsecount="1"/>
        <line num="173" count="70" type="cond" truecount="2" falsecount="0"/>
        <line num="175" count="64" type="cond" truecount="1" falsecount="0"/>
        <line num="177" count="5" type="stmt"/>
        <line num="179" count="70" type="stmt"/>
        <line num="180" count="70" type="cond" truecount="1" falsecount="3"/>
        <line num="182" count="70" type="stmt"/>
        <line num="188" count="3" type="stmt"/>
        <line num="195" count="0" type="stmt"/>
        <line num="218" count="5" type="cond" truecount="2" falsecount="0"/>
        <line num="220" count="2" type="stmt"/>
        <line num="221" count="2" type="stmt"/>
        <line num="239" count="3" type="stmt"/>
        <line num="240" count="3" type="stmt"/>
      </file>
      <file name="CommentSkeleton.tsx" path="/home/runner/work/tsumego-hero/tsumego-hero/app/comments/CommentSkeleton.tsx">
        <metrics statements="2" coveredstatements="2" conditionals="0" coveredconditionals="0" methods="2" coveredmethods="2"/>
        <line num="8" count="45" type="stmt"/>
        <line num="38" count="3" type="stmt"/>
      </file>
      <file name="useComments.ts" path="/home/runner/work/tsumego-hero/tsumego-hero/app/comments/useComments.ts">
        <metrics statements="25" coveredstatements="15" conditionals="8" coveredconditionals="1" methods="14" coveredmethods="7"/>
        <line num="46" count="70" type="stmt"/>
        <line num="47" count="70" type="stmt"/>
        <line num="49" count="70" type="stmt"/>
        <line num="52" count="1" type="cond" truecount="0" falsecount="1"/>
        <line num="53" count="0" type="stmt"/>
        <line num="58" count="1" type="stmt"/>
        <line num="63" count="70" type="stmt"/>
        <line num="65" count="1" type="stmt"/>
        <line num="69" count="70" type="stmt"/>
        <line num="71" count="1" type="stmt"/>
        <line num="80" count="70" type="stmt"/>
        <line num="84" count="0" type="cond" truecount="0" falsecount="2"/>
        <line num="85" count="0" type="stmt"/>
        <line num="90" count="70" type="stmt"/>
        <line num="92" count="0" type="stmt"/>
        <line num="99" count="70" type="stmt"/>
        <line num="101" count="0" type="stmt"/>
        <line num="108" count="70" type="stmt"/>
        <line num="130" count="70" type="stmt"/>
        <line num="132" count="6" type="stmt"/>
        <line num="145" count="0" type="stmt"/>
        <line num="149" count="0" type="cond" truecount="0" falsecount="2"/>
        <line num="150" count="0" type="stmt"/>
        <line num="157" count="0" type="stmt"/>
        <line num="159" count="0" type="stmt"/>
      </file>
      <file name="useSortableDnD.ts" path="/home/runner/work/tsumego-hero/tsumego-hero/app/comments/useSortableDnD.ts">
        <metrics statements="103" coveredstatements="18" conditionals="39" coveredconditionals="4" methods="22" coveredmethods="3"/>
        <line num="26" count="70" type="stmt"/>
        <line num="27" count="70" type="stmt"/>
        <line num="29" count="70" type="stmt"/>
        <line num="31" count="57" type="cond" truecount="3" falsecount="0"/>
        <line num="32" count="53" type="stmt"/>
        <line num="35" count="4" type="stmt"/>
        <line num="36" count="4" type="stmt"/>
        <line num="39" count="4" type="stmt"/>
        <line num="41" count="0" type="stmt"/>
        <line num="43" count="0" type="stmt"/>
        <line num="44" count="0" type="cond" truecount="0" falsecount="2"/>
        <line num="45" count="0" type="stmt"/>
        <line num="46" count="0" type="cond" truecount="0" falsecount="1"/>
        <line num="47" count="0" type="cond" truecount="0" falsecount="2"/>
        <line num="49" count="0" type="stmt"/>
        <line num="50" count="0" type="stmt"/>
        <line num="51" count="0" type="cond" truecount="0" falsecount="2"/>
        <line num="53" count="0" type="stmt"/>
        <line num="54" count="0" type="cond" truecount="0" falsecount="1"/>
        <line num="55" count="0" type="stmt"/>
        <line num="59" count="0" type="stmt"/>
        <line num="60" count="0" type="cond" truecount="0" falsecount="1"/>
        <line num="61" count="0" type="stmt"/>
        <line num="66" count="0" type="stmt"/>
        <line num="67" count="0" type="stmt"/>
        <line num="73" count="4" type="stmt"/>
        <line num="75" count="0" type="stmt"/>
        <line num="76" count="0" type="cond" truecount="0" falsecount="1"/>
        <line num="78" count="0" type="stmt"/>
        <line num="79" count="0" type="stmt"/>
        <line num="80" count="0" type="stmt"/>
        <line num="81" count="0" type="stmt"/>
        <line num="82" count="0" type="stmt"/>
        <line num="85" count="0" type="stmt"/>
        <line num="87" count="0" type="stmt"/>
        <line num="88" count="0" type="stmt"/>
        <line num="91" count="0" type="stmt"/>
        <line num="93" count="0" type="stmt"/>
        <line num="96" count="0" type="stmt"/>
        <line num="98" count="0" type="stmt"/>
        <line num="99" count="0" type="stmt"/>
        <line num="100" count="0" type="stmt"/>
        <line num="102" count="0" type="cond" truecount="0" falsecount="1"/>
        <line num="103" count="0" type="stmt"/>
        <line num="105" count="0" type="stmt"/>
        <line num="108" count="0" type="cond" truecount="0" falsecount="1"/>
        <line num="109" count="0" type="stmt"/>
        <line num="111" count="0" type="stmt"/>
        <line num="115" count="0" type="stmt"/>
        <line num="116" count="0" type="stmt"/>
        <line num="117" count="0" type="stmt"/>
        <line num="119" count="0" type="stmt"/>
        <line num="120" count="0" type="stmt"/>
        <line num="121" count="0" type="stmt"/>
        <line num="125" count="4" type="stmt"/>
        <line num="140" count="0" type="cond" truecount="0" falsecount="2"/>
        <line num="141" count="0" type="cond" truecount="0" falsecount="2"/>
        <line num="142" count="0" type="stmt"/>
        <line num="143" count="0" type="stmt"/>
        <line num="147" count="0" type="stmt"/>
        <line num="148" count="0" type="stmt"/>
        <line num="153" count="0" type="cond" truecount="0" falsecount="3"/>
        <line num="154" count="0" type="stmt"/>
        <line num="162" count="0" type="stmt"/>
        <line num="163" count="0" type="cond" truecount="0" falsecount="1"/>
        <line num="164" count="0" type="stmt"/>
        <line num="166" count="0" type="cond" truecount="0" falsecount="2"/>
        <line num="167" count="0" type="cond" truecount="0" falsecount="2"/>
        <line num="168" count="0" type="stmt"/>
        <line num="171" count="4" type="stmt"/>
        <line num="174" count="4" type="stmt"/>
        <line num="176" count="0" type="stmt"/>
        <line num="177" count="0" type="cond" truecount="0" falsecount="2"/>
        <line num="178" count="0" type="stmt"/>
        <line num="180" count="0" type="stmt"/>
        <line num="194" count="0" type="cond" truecount="0" falsecount="4"/>
        <line num="213" count="0" type="cond" truecount="0" falsecount="2"/>
        <line num="214" count="0" type="stmt"/>
        <line num="215" count="0" type="stmt"/>
        <line num="216" count="0" type="stmt"/>
        <line num="225" count="0" type="stmt"/>
        <line num="226" count="0" type="stmt"/>
        <line num="227" count="0" type="stmt"/>
        <line num="230" count="0" type="stmt"/>
        <line num="233" count="0" type="stmt"/>
        <line num="237" count="4" type="stmt"/>
        <line num="239" count="16" type="cond" truecount="1" falsecount="2"/>
        <line num="241" count="0" type="stmt"/>
        <line num="242" count="0" type="stmt"/>
        <line num="244" count="0" type="cond" truecount="0" falsecount="1"/>
        <line num="245" count="0" type="stmt"/>
        <line num="247" count="0" type="stmt"/>
        <line num="250" count="4" type="stmt"/>
        <line num="252" count="4" type="stmt"/>
        <line num="254" count="0" type="stmt"/>
        <line num="255" count="0" type="stmt"/>
        <line num="257" count="4" type="stmt"/>
        <line num="260" count="4" type="stmt"/>
        <line num="262" count="0" type="stmt"/>
        <line num="263" count="0" type="stmt"/>
        <line num="264" count="0" type="stmt"/>
        <line num="265" count="0" type="stmt"/>
        <line num="266" count="0" type="stmt"/>
      </file>
    </package>
    <package name="app.home">
      <metrics statements="6" coveredstatements="6" conditionals="0" coveredconditionals="0" methods="3" coveredmethods="3"/>
      <file name="RecentAchievements.tsx" path="/home/runner/work/tsumego-hero/tsumego-hero/app/home/RecentAchievements.tsx">
        <metrics statements="6" coveredstatements="6" conditionals="0" coveredconditionals="0" methods="3" coveredmethods="3"/>
        <line num="6" count="205" type="stmt"/>
        <line num="24" count="8" type="stmt"/>
        <line num="26" count="8" type="stmt"/>
        <line num="33" count="8" type="stmt"/>
        <line num="35" count="8" type="stmt"/>
        <line num="38" count="9" type="stmt"/>
      </file>
    </package>
    <package name="app.issues">
      <metrics statements="83" coveredstatements="45" conditionals="72" coveredconditionals="42" methods="36" coveredmethods="13"/>
      <file name="Issue.tsx" path="/home/runner/work/tsumego-hero/tsumego-hero/app/issues/Issue.tsx">
        <metrics statements="22" coveredstatements="15" conditionals="32" coveredconditionals="22" methods="10" coveredmethods="6"/>
        <line num="33" count="4" type="stmt"/>
        <line num="34" count="4" type="stmt"/>
        <line num="35" count="4" type="stmt"/>
        <line num="36" count="4" type="cond" truecount="2" falsecount="0"/>
        <line num="39" count="4" type="cond" truecount="2" falsecount="1"/>
        <line num="40" count="4" type="cond" truecount="2" falsecount="1"/>
        <line num="42" count="4" type="stmt"/>
        <line num="44" count="0" type="stmt"/>
        <line num="45" count="0" type="stmt"/>
        <line num="47" count="0" type="cond" truecount="0" falsecount="2"/>
        <line num="51" count="0" type="stmt"/>
        <line num="55" count="4" type="stmt"/>
        <line num="57" count="1" type="cond" truecount="0" falsecount="1"/>
        <line num="58" count="0" type="stmt"/>
        <line num="59" count="1" type="stmt"/>
        <line num="60" count="1" type="stmt"/>
        <line num="62" count="1" type="stmt"/>
        <line num="63" count="0" type="stmt"/>
        <line num="67" count="0" type="stmt"/>
        <line num="71" count="4" type="stmt"/>
        <line num="116" count="4" type="stmt"/>
        <line num="132" count="1" type="stmt"/>
      </file>
      <file name="IssueSkeleton.tsx" path="/home/runner/work/tsumego-hero/tsumego-hero/app/issues/IssueSkeleton.tsx">
        <metrics statements="2" coveredstatements="2" conditionals="0" coveredconditionals="0" methods="2" coveredmethods="2"/>
        <line num="9" count="15" type="stmt"/>
        <line num="43" count="3" type="stmt"/>
      </file>
      <file name="IssuesList.tsx" path="/home/runner/work/tsumego-hero/tsumego-hero/app/issues/IssuesList.tsx">
        <metrics statements="48" coveredstatements="20" conditionals="38" coveredconditionals="20" methods="18" coveredmethods="2"/>
        <line num="18" count="6" type="stmt"/>
        <line num="19" count="6" type="stmt"/>
        <line num="22" count="6" type="stmt"/>
        <line num="25" count="6" type="stmt"/>
        <line num="28" count="6" type="cond" truecount="2" falsecount="0"/>
        <line num="29" count="6" type="cond" truecount="2" falsecount="0"/>
        <line num="30" count="6" type="cond" truecount="2" falsecount="0"/>
        <line num="31" count="6" type="cond" truecount="2" falsecount="0"/>
        <line num="34" count="6" type="stmt"/>
        <line num="36" count="3" type="stmt"/>
        <line num="37" count="3" type="stmt"/>
        <line num="38" count="3" type="stmt"/>
        <line num="39" count="3" type="stmt"/>
        <line num="43" count="6" type="stmt"/>
        <line num="45" count="0" type="stmt"/>
        <line num="46" count="0" type="stmt"/>
        <line num="49" count="6" type="stmt"/>
        <line num="51" count="0" type="stmt"/>
        <line num="52" count="0" type="stmt"/>
        <line num="56" count="6" type="stmt"/>
        <line num="58" count="0" type="stmt"/>
        <line num="61" count="6" type="stmt"/>
        <line num="63" count="0" type="cond" truecount="0" falsecount="1"/>
        <line num="64" count="0" type="stmt"/>
        <line num="66" count="0" type="stmt"/>
        <line num="70" count="6" type="stmt"/>
        <line num="72" count="0" type="cond" truecount="0" falsecount="3"/>
        <line num="73" count="0" type="stmt"/>
        <line num="75" count="0" type="stmt"/>
        <line num="79" count="6" type="stmt"/>
        <line num="81" count="0" type="stmt"/>
        <line num="84" count="6" type="stmt"/>
        <line num="92" count="0" type="stmt"/>
        <line num="93" count="0" type="stmt"/>
        <line num="103" count="0" type="stmt"/>
        <line num="104" count="0" type="stmt"/>
        <line num="114" count="0" type="stmt"/>
        <line num="115" count="0" type="stmt"/>
        <line num="128" count="0" type="stmt"/>
        <line num="137" count="0" type="stmt"/>
        <line num="166" count="0" type="stmt"/>
        <line num="167" count="0" type="stmt"/>
        <line num="174" count="0" type="stmt"/>
        <line num="175" count="0" type="stmt"/>
        <line num="180" count="0" type="stmt"/>
        <line num="181" count="0" type="stmt"/>
        <line num="194" count="0" type="stmt"/>
        <line num="195" count="0" type="stmt"/>
      </file>
      <file name="issueTypes.ts" path="/home/runner/work/tsumego-hero/tsumego-hero/app/issues/issueTypes.ts">
        <metrics statements="1" coveredstatements="1" conditionals="0" coveredconditionals="0" methods="0" coveredmethods="0"/>
        <line num="12" count="205" type="stmt"/>
      </file>
      <file name="useIssues.ts" path="/home/runner/work/tsumego-hero/tsumego-hero/app/issues/useIssues.ts">
        <metrics statements="10" coveredstatements="7" conditionals="2" coveredconditionals="0" methods="6" coveredmethods="3"/>
        <line num="19" count="6" type="stmt"/>
        <line num="21" count="3" type="stmt"/>
        <line num="44" count="6" type="stmt"/>
        <line num="45" count="6" type="stmt"/>
        <line num="47" count="6" type="stmt"/>
        <line num="51" count="0" type="cond" truecount="0" falsecount="2"/>
        <line num="52" count="0" type="stmt"/>
        <line num="57" count="6" type="stmt"/>
        <line num="59" count="0" type="stmt"/>
        <line num="63" count="6" type="stmt"/>
      </file>
    </package>
    <package name="app.shared">
      <metrics statements="58" coveredstatements="33" conditionals="33" coveredconditionals="13" methods="22" coveredmethods="15"/>
      <file name="AuthContext.tsx" path="/home/runner/work/tsumego-hero/tsumego-hero/app/shared/AuthContext.tsx">
        <metrics statements="6" coveredstatements="5" conditionals="1" coveredconditionals="0" methods="2" coveredmethods="2"/>
        <line num="9" count="205" type="stmt"/>
        <line num="20" count="125" type="stmt"/>
        <line num="29" count="169" type="stmt"/>
        <line num="30" count="169" type="cond" truecount="0" falsecount="1"/>
        <line num="31" count="0" type="stmt"/>
        <line num="33" count="169" type="stmt"/>
      </file>
      <file name="ErrorBoundary.tsx" path="/home/runner/work/tsumego-hero/tsumego-hero/app/shared/ErrorBoundary.tsx">
        <metrics statements="10" coveredstatements="4" conditionals="4" coveredconditionals="0" methods="5" coveredmethods="2"/>
        <line num="33" count="125" type="stmt"/>
        <line num="34" count="125" type="stmt"/>
        <line num="39" count="0" type="stmt"/>
        <line num="44" count="0" type="stmt"/>
        <line num="49" count="125" type="cond" truecount="0" falsecount="1"/>
        <line num="52" count="0" type="cond" truecount="0" falsecount="1"/>
        <line num="53" count="0" type="stmt"/>
        <line num="55" count="0" type="stmt"/>
        <line num="60" count="0" type="stmt"/>
        <line num="74" count="125" type="stmt"/>
      </file>
      <file name="ErrorMessage.tsx" path="/home/runner/work/tsumego-hero/tsumego-hero/app/shared/ErrorMessage.tsx">
        <metrics statements="1" coveredstatements="0" conditionals="1" coveredconditionals="0" methods="1" coveredmethods="0"/>
        <line num="13" count="0" type="stmt"/>
      </file>
      <file name="SkeletonElement.tsx" path="/home/runner/work/tsumego-hero/tsumego-hero/app/shared/SkeletonElement.tsx">
        <metrics statements="1" coveredstatements="1" conditionals="2" coveredconditionals="1" methods="1" coveredmethods="1"/>
        <line num="17" count="300" type="stmt"/>
      </file>
      <file name="UserLink.tsx" path="/home/runner/work/tsumego-hero/tsumego-hero/app/shared/UserLink.tsx">
        <metrics statements="16" coveredstatements="12" conditionals="13" coveredconditionals="7" methods="4" coveredmethods="4"/>
        <line num="17" count="11" type="cond" truecount="0" falsecount="1"/>
        <line num="18" count="0" type="stmt"/>
        <line num="19" count="11" type="stmt"/>
        <line num="20" count="11" type="stmt"/>
        <line num="25" count="11" type="cond" truecount="1" falsecount="0"/>
        <line num="26" count="11" type="stmt"/>
        <line num="27" count="0" type="stmt"/>
        <line num="32" count="11" type="cond" truecount="1" falsecount="0"/>
        <line num="33" count="11" type="stmt"/>
        <line num="34" count="0" type="stmt"/>
        <line num="39" count="11" type="cond" truecount="0" falsecount="1"/>
        <line num="40" count="0" type="stmt"/>
        <line num="42" count="11" type="stmt"/>
        <line num="45" count="11" type="cond" truecount="1" falsecount="2"/>
        <line num="46" count="11" type="cond" truecount="1" falsecount="1"/>
        <line num="48" count="11" type="stmt"/>
      </file>
      <file name="api.ts" path="/home/runner/work/tsumego-hero/tsumego-hero/app/shared/api.ts">
        <metrics statements="21" coveredstatements="8" conditionals="6" coveredconditionals="0" methods="7" coveredmethods="4"/>
        <line num="9" count="0" type="stmt"/>
        <line num="10" count="0" type="stmt"/>
        <line num="13" count="0" type="stmt"/>
        <line num="14" count="0" type="stmt"/>
        <line num="20" count="20" type="cond" truecount="0" falsecount="1"/>
        <line num="23" count="0" type="stmt"/>
        <line num="25" count="0" type="stmt"/>
        <line num="29" count="0" type="stmt"/>
        <line num="33" count="0" type="cond" truecount="0" falsecount="5"/>
        <line num="37" count="0" type="stmt"/>
        <line num="40" count="20" type="stmt"/>
        <line num="45" count="17" type="stmt"/>
        <line num="52" count="16" type="stmt"/>
        <line num="57" count="3" type="stmt"/>
        <line num="66" count="3" type="stmt"/>
        <line num="71" count="1" type="stmt"/>
        <line num="80" count="1" type="stmt"/>
        <line num="89" count="0" type="stmt"/>
        <line num="90" count="0" type="stmt"/>
        <line num="92" count="0" type="stmt"/>
        <line num="99" count="0" type="stmt"/>
      </file>
      <file name="mountApp.tsx" path="/home/runner/work/tsumego-hero/tsumego-hero/app/shared/mountApp.tsx">
        <metrics statements="3" coveredstatements="3" conditionals="6" coveredconditionals="5" methods="2" coveredmethods="2"/>
        <line num="19" count="820" type="stmt"/>
        <line num="21" count="125" type="cond" truecount="1" falsecount="1"/>
        <line num="22" count="125" type="stmt"/>
      </file>
    </package>
    <package name="app.tags">
      <metrics statements="78" coveredstatements="57" conditionals="83" coveredconditionals="46" methods="40" coveredmethods="26"/>
      <file name="TagEditor.tsx" path="/home/runner/work/tsumego-hero/tsumego-hero/app/tags/TagEditor.tsx">
        <metrics statements="75" coveredstatements="56" conditionals="83" coveredconditionals="46" methods="37" coveredmethods="25"/>
        <line num="21" count="88" type="stmt"/>
        <line num="22" count="88" type="stmt"/>
        <line num="23" count="88" type="stmt"/>
        <line num="24" count="88" type="stmt"/>
        <line num="25" count="88" type="stmt"/>
        <line num="26" count="88" type="stmt"/>
        <line num="27" count="88" type="stmt"/>
        <line num="29" count="88" type="stmt"/>
        <line num="30" count="1" type="stmt"/>
        <line num="33" count="1" type="stmt"/>
        <line num="34" count="1" type="cond" truecount="1" falsecount="1"/>
        <line num="36" count="1" type="stmt"/>
        <line num="37" count="1" type="stmt"/>
        <line num="38" count="1" type="stmt"/>
        <line num="42" count="88" type="stmt"/>
        <line num="43" count="0" type="stmt"/>
        <line num="46" count="0" type="stmt"/>
        <line num="47" count="0" type="cond" truecount="0" falsecount="2"/>
        <line num="53" count="88" type="stmt"/>
        <line num="55" count="58" type="stmt"/>
        <line num="56" count="58" type="stmt"/>
        <line num="57" count="58" type="stmt"/>
        <line num="60" count="88" type="cond" truecount="1" falsecount="1"/>
        <line num="62" count="88" type="cond" truecount="2" falsecount="1"/>
        <line num="63" count="88" type="cond" truecount="2" falsecount="0"/>
        <line num="64" count="7" type="stmt"/>
        <line num="67" count="88" type="stmt"/>
        <line num="69" count="1" type="stmt"/>
        <line num="72" count="88" type="stmt"/>
        <line num="74" count="0" type="stmt"/>
        <line num="77" count="88" type="cond" truecount="3" falsecount="0"/>
        <line num="79" count="88" type="stmt"/>
        <line num="81" count="4" type="cond" truecount="2" falsecount="1"/>
        <line num="83" count="4" type="cond" truecount="1" falsecount="1"/>
        <line num="85" count="0" type="stmt"/>
        <line num="86" count="0" type="stmt"/>
        <line num="87" count="4" type="cond" truecount="1" falsecount="1"/>
        <line num="90" count="0" type="stmt"/>
        <line num="91" count="0" type="stmt"/>
        <line num="92" count="4" type="cond" truecount="1" falsecount="1"/>
        <line num="95" count="0" type="stmt"/>
        <line num="96" count="0" type="stmt"/>
        <line num="97" count="0" type="cond" truecount="0" falsecount="3"/>
        <line num="98" count="0" type="stmt"/>
        <line num="99" count="4" type="cond" truecount="0" falsecount="1"/>
        <line num="102" count="0" type="stmt"/>
        <line num="107" count="88" type="stmt"/>
        <line num="110" count="88" type="stmt"/>
        <line num="112" count="58" type="stmt"/>
        <line num="114" count="26" type="cond" truecount="2" falsecount="1"/>
        <line num="115" count="0" type="stmt"/>
        <line num="117" count="58" type="stmt"/>
        <line num="118" count="58" type="stmt"/>
        <line num="121" count="88" type="stmt"/>
        <line num="122" count="20" type="cond" truecount="4" falsecount="3"/>
        <line num="126" count="88" type="cond" truecount="4" falsecount="0"/>
        <line num="127" count="1" type="cond" truecount="1" falsecount="3"/>
        <line num="128" count="7" type="cond" truecount="1" falsecount="4"/>
        <line num="130" count="88" type="cond" truecount="3" falsecount="0"/>
        <line num="133" count="2" type="stmt"/>
        <line num="136" count="0" type="stmt"/>
        <line num="144" count="88" type="cond" truecount="1" falsecount="0"/>
        <line num="146" count="66" type="cond" truecount="1" falsecount="0"/>
        <line num="147" count="0" type="stmt"/>
        <line num="150" count="22" type="stmt"/>
        <line num="169" count="4" type="stmt"/>
        <line num="170" count="2" type="stmt"/>
        <line num="181" count="9" type="stmt"/>
        <line num="189" count="9" type="cond" truecount="0" falsecount="1"/>
        <line num="191" count="0" type="cond" truecount="0" falsecount="2"/>
        <line num="192" count="0" type="stmt"/>
        <line num="199" count="9" type="stmt"/>
        <line num="203" count="1" type="stmt"/>
        <line num="204" count="1" type="stmt"/>
        <line num="205" count="0" type="cond" truecount="0" falsecount="2"/>
      </file>
      <file name="api.ts" path="/home/runner/work/tsumego-hero/tsumego-hero/app/tags/api.ts">
        <metrics statements="3" coveredstatements="1" conditionals="0" coveredconditionals="0" methods="3" coveredmethods="1"/>
        <line num="6" count="0" type="stmt"/>
        <line num="11" count="1" type="stmt"/>
        <line num="16" count="0" type="stmt"/>
      </file>
    </package>
    <package name="webroot">
      <metrics statements="1" coveredstatements="1" conditionals="79" coveredconditionals="12" methods="17" coveredmethods="2"/>
      <file name="FileSaver.min.js" path="/home/runner/work/tsumego-hero/tsumego-hero/webroot/FileSaver.min.js">
        <metrics statements="1" coveredstatements="1" conditionals="79" coveredconditionals="12" methods="17" coveredmethods="2"/>
        <line num="1" count="205" type="cond" truecount="12" falsecount="67"/>
      </file>
    </package>
    <package name="webroot.besogo.js">
      <metrics statements="4572" coveredstatements="2038" conditionals="2569" coveredconditionals="803" methods="503" coveredmethods="250"/>
      <file name="besogo.js" path="/home/runner/work/tsumego-hero/tsumego-hero/webroot/besogo/js/besogo.js">
        <metrics statements="432" coveredstatements="225" conditionals="300" coveredconditionals="130" methods="28" coveredmethods="13"/>
        <line num="1" count="58" type="stmt"/>
        <line num="3" count="58" type="cond" truecount="2" falsecount="0"/>
        <line num="4" count="58" type="stmt"/>
        <line num="5" count="58" type="stmt"/>
        <line num="6" count="58" type="stmt"/>
        <line num="7" count="58" type="stmt"/>
        <line num="8" count="58" type="stmt"/>
        <line num="9" count="58" type="stmt"/>
        <line num="10" count="58" type="stmt"/>
        <line num="11" count="58" type="stmt"/>
        <line num="12" count="58" type="stmt"/>
        <line num="13" count="58" type="stmt"/>
        <line num="14" count="58" type="stmt"/>
        <line num="15" count="58" type="stmt"/>
        <line num="16" count="58" type="stmt"/>
        <line num="17" count="58" type="stmt"/>
        <line num="18" count="58" type="stmt"/>
        <line num="19" count="58" type="stmt"/>
        <line num="20" count="58" type="stmt"/>
        <line num="21" count="58" type="stmt"/>
        <line num="22" count="58" type="stmt"/>
        <line num="23" count="58" type="stmt"/>
        <line num="24" count="58" type="stmt"/>
        <line num="25" count="58" type="stmt"/>
        <line num="26" count="58" type="stmt"/>
        <line num="30" count="116" type="stmt"/>
        <line num="31" count="116" type="stmt"/>
        <line num="32" count="116" type="stmt"/>
        <line num="33" count="116" type="stmt"/>
        <line num="34" count="116" type="stmt"/>
        <line num="35" count="116" type="stmt"/>
        <line num="36" count="116" type="stmt"/>
        <line num="37" count="116" type="stmt"/>
        <line num="66" count="360" type="stmt"/>
        <line num="67" count="360" type="cond" truecount="1" falsecount="1"/>
        <line num="68" count="360" type="stmt"/>
        <line num="69" count="360" type="stmt"/>
        <line num="72" count="58" type="stmt"/>
        <line num="80" count="58" type="stmt"/>
        <line num="81" count="58" type="stmt"/>
        <line num="82" count="58" type="stmt"/>
        <line num="83" count="58" type="stmt"/>
        <line num="85" count="58" type="cond" truecount="1" falsecount="1"/>
        <line num="87" count="0" type="stmt"/>
        <line num="89" count="58" type="cond" truecount="1" falsecount="1"/>
        <line num="91" count="0" type="stmt"/>
        <line num="95" count="58" type="cond" truecount="1" falsecount="1"/>
        <line num="97" count="58" type="stmt"/>
        <line num="98" count="58" type="stmt"/>
        <line num="99" count="58" type="stmt"/>
        <line num="100" count="128" type="stmt"/>
        <line num="101" count="128" type="cond" truecount="1" falsecount="1"/>
        <line num="103" count="128" type="stmt"/>
        <line num="108" count="58" type="cond" truecount="1" falsecount="1"/>
        <line num="110" count="0" type="stmt"/>
        <line num="111" count="0" type="stmt"/>
        <line num="116" count="58" type="cond" truecount="3" falsecount="1"/>
        <line num="117" count="58" type="stmt"/>
        <line num="118" count="58" type="stmt"/>
        <line num="119" count="58" type="stmt"/>
        <line num="120" count="58" type="stmt"/>
        <line num="121" count="58" type="cond" truecount="1" falsecount="1"/>
        <line num="123" count="58" type="stmt"/>
        <line num="128" count="58" type="cond" truecount="1" falsecount="1"/>
        <line num="130" count="0" type="stmt"/>
        <line num="131" count="0" type="stmt"/>
        <line num="135" count="58" type="cond" truecount="2" falsecount="0"/>
        <line num="136" count="58" type="cond" truecount="1" falsecount="1"/>
        <line num="138" count="58" type="stmt"/>
        <line num="139" count="58" type="stmt"/>
        <line num="141" count="58" type="stmt"/>
        <line num="144" count="58" type="cond" truecount="2" falsecount="0"/>
        <line num="145" count="58" type="cond" truecount="2" falsecount="0"/>
        <line num="146" count="58" type="cond" truecount="2" falsecount="0"/>
        <line num="147" count="58" type="cond" truecount="2" falsecount="0"/>
        <line num="148" count="58" type="cond" truecount="2" falsecount="0"/>
        <line num="149" count="58" type="cond" truecount="2" falsecount="0"/>
        <line num="150" count="58" type="cond" truecount="2" falsecount="0"/>
        <line num="153" count="58" type="cond" truecount="2" falsecount="2"/>
        <line num="157" count="58" type="cond" truecount="3" falsecount="1"/>
        <line num="158" count="58" type="cond" truecount="1" falsecount="1"/>
        <line num="162" count="0" type="stmt"/>
        <line num="163" count="58" type="stmt"/>
        <line num="165" count="58" type="cond" truecount="1" falsecount="1"/>
        <line num="167" count="0" type="cond" truecount="0" falsecount="2"/>
        <line num="168" count="0" type="stmt"/>
        <line num="169" count="0" type="cond" truecount="0" falsecount="2"/>
        <line num="170" count="0" type="stmt"/>
        <line num="175" count="58" type="cond" truecount="1" falsecount="1"/>
        <line num="177" count="58" type="cond" truecount="1" falsecount="1"/>
        <line num="179" count="0" type="stmt"/>
        <line num="180" count="58" type="cond" truecount="1" falsecount="1"/>
        <line num="182" count="58" type="stmt"/>
        <line num="184" count="58" type="cond" truecount="1" falsecount="1"/>
        <line num="186" count="58" type="stmt"/>
        <line num="189" count="58" type="stmt"/>
        <line num="190" count="58" type="stmt"/>
        <line num="192" count="58" type="stmt"/>
        <line num="193" count="58" type="stmt"/>
        <line num="194" count="0" type="cond" truecount="0" falsecount="2"/>
        <line num="195" count="0" type="stmt"/>
        <line num="196" count="0" type="cond" truecount="0" falsecount="2"/>
        <line num="197" count="0" type="stmt"/>
        <line num="199" count="0" type="stmt"/>
        <line num="201" count="0" type="stmt"/>
        <line num="202" count="0" type="cond" truecount="0" falsecount="2"/>
        <line num="203" count="0" type="cond" truecount="0" falsecount="2"/>
        <line num="205" count="0" type="stmt"/>
        <line num="206" count="0" type="stmt"/>
        <line num="208" count="0" type="cond" truecount="0" falsecount="2"/>
        <line num="210" count="0" type="stmt"/>
        <line num="211" count="0" type="cond" truecount="0" falsecount="2"/>
        <line num="212" count="0" type="stmt"/>
        <line num="216" count="0" type="stmt"/>
        <line num="217" count="0" type="stmt"/>
        <line num="218" count="0" type="stmt"/>
        <line num="219" count="0" type="stmt"/>
        <line num="222" count="0" type="stmt"/>
        <line num="223" count="0" type="cond" truecount="0" falsecount="2"/>
        <line num="224" count="0" type="stmt"/>
        <line num="228" count="0" type="stmt"/>
        <line num="229" count="0" type="stmt"/>
        <line num="230" count="0" type="stmt"/>
        <line num="231" count="0" type="stmt"/>
        <line num="234" count="0" type="stmt"/>
        <line num="235" count="0" type="stmt"/>
        <line num="237" count="58" type="cond" truecount="1" falsecount="1"/>
        <line num="238" count="58" type="cond" truecount="2" falsecount="0"/>
        <line num="239" count="53" type="stmt"/>
        <line num="240" count="53" type="stmt"/>
        <line num="241" count="5" type="cond" truecount="1" falsecount="1"/>
        <line num="244" count="0" type="stmt"/>
        <line num="245" count="0" type="stmt"/>
        <line num="246" count="5" type="cond" truecount="1" falsecount="1"/>
        <line num="249" count="0" type="cond" truecount="0" falsecount="2"/>
        <line num="250" count="0" type="stmt"/>
        <line num="251" count="0" type="stmt"/>
        <line num="253" count="0" type="stmt"/>
        <line num="254" count="0" type="stmt"/>
        <line num="258" count="5" type="stmt"/>
        <line num="259" count="5" type="stmt"/>
        <line num="261" count="58" type="cond" truecount="2" falsecount="0"/>
        <line num="262" count="2" type="stmt"/>
        <line num="263" count="56" type="cond" truecount="2" falsecount="0"/>
        <line num="264" count="2" type="stmt"/>
        <line num="265" count="54" type="cond" truecount="2" falsecount="0"/>
        <line num="266" count="1" type="stmt"/>
        <line num="267" count="53" type="cond" truecount="1" falsecount="1"/>
        <line num="268" count="0" type="stmt"/>
        <line num="270" count="58" type="stmt"/>
        <line num="273" count="58" type="stmt"/>
        <line num="277" count="58" type="cond" truecount="3" falsecount="0"/>
        <line num="278" count="58" type="cond" truecount="1" falsecount="1"/>
        <line num="279" count="58" type="stmt"/>
        <line num="281" count="58" type="stmt"/>
        <line num="285" count="58" type="stmt"/>
        <line num="286" count="58" type="stmt"/>
        <line num="289" count="58" type="stmt"/>
        <line num="292" count="58" type="stmt"/>
        <line num="296" count="58" type="cond" truecount="1" falsecount="1"/>
        <line num="297" count="0" type="stmt"/>
        <line num="299" count="58" type="stmt"/>
        <line num="301" count="58" type="cond" truecount="1" falsecount="1"/>
        <line num="302" count="0" type="stmt"/>
        <line num="304" count="58" type="stmt"/>
        <line num="305" count="58" type="stmt"/>
        <line num="306" count="58" type="cond" truecount="1" falsecount="1"/>
        <line num="307" count="58" type="stmt"/>
        <line num="308" count="58" type="cond" truecount="1" falsecount="1"/>
        <line num="309" count="58" type="stmt"/>
        <line num="310" count="58" type="cond" truecount="1" falsecount="1"/>
        <line num="311" count="0" type="stmt"/>
        <line num="312" count="58" type="stmt"/>
        <line num="313" count="58" type="stmt"/>
        <line num="314" count="58" type="cond" truecount="1" falsecount="1"/>
        <line num="315" count="58" type="stmt"/>
        <line num="316" count="0" type="stmt"/>
        <line num="317" count="58" type="stmt"/>
        <line num="319" count="58" type="cond" truecount="1" falsecount="1"/>
        <line num="320" count="58" type="cond" truecount="2" falsecount="0"/>
        <line num="321" count="58" type="cond" truecount="1" falsecount="1"/>
        <line num="322" count="58" type="cond" truecount="1" falsecount="1"/>
        <line num="323" count="58" type="stmt"/>
        <line num="324" count="58" type="stmt"/>
        <line num="325" count="58" type="cond" truecount="1" falsecount="1"/>
        <line num="326" count="58" type="cond" truecount="1" falsecount="1"/>
        <line num="327" count="58" type="cond" truecount="1" falsecount="1"/>
        <line num="329" count="58" type="stmt"/>
        <line num="330" count="58" type="cond" truecount="1" falsecount="1"/>
        <line num="331" count="58" type="stmt"/>
        <line num="333" count="58" type="cond" truecount="1" falsecount="1"/>
        <line num="334" count="58" type="cond" truecount="2" falsecount="0"/>
        <line num="335" count="58" type="cond" truecount="1" falsecount="1"/>
        <line num="336" count="58" type="stmt"/>
        <line num="339" count="58" type="cond" truecount="1" falsecount="1"/>
        <line num="340" count="0" type="stmt"/>
        <line num="342" count="58" type="cond" truecount="2" falsecount="0"/>
        <line num="343" count="58" type="cond" truecount="1" falsecount="1"/>
        <line num="344" count="0" type="cond" truecount="0" falsecount="2"/>
        <line num="347" count="58" type="stmt"/>
        <line num="348" count="58" type="stmt"/>
        <line num="349" count="58" type="stmt"/>
        <line num="350" count="58" type="cond" truecount="1" falsecount="1"/>
        <line num="351" count="58" type="cond" truecount="1" falsecount="1"/>
        <line num="352" count="58" type="stmt"/>
        <line num="353" count="58" type="cond" truecount="1" falsecount="1"/>
        <line num="355" count="58" type="stmt"/>
        <line num="356" count="58" type="stmt"/>
        <line num="359" count="58" type="cond" truecount="1" falsecount="1"/>
        <line num="361" count="58" type="stmt"/>
        <line num="362" count="58" type="stmt"/>
        <line num="364" count="0" type="cond" truecount="0" falsecount="2"/>
        <line num="366" count="58" type="stmt"/>
        <line num="368" count="0" type="stmt"/>
        <line num="370" count="58" type="cond" truecount="1" falsecount="1"/>
        <line num="371" count="0" type="stmt"/>
        <line num="372" count="0" type="stmt"/>
        <line num="373" count="0" type="stmt"/>
        <line num="375" count="0" type="stmt"/>
        <line num="376" count="0" type="stmt"/>
        <line num="378" count="58" type="cond" truecount="1" falsecount="1"/>
        <line num="380" count="0" type="stmt"/>
        <line num="381" count="0" type="stmt"/>
        <line num="382" count="58" type="cond" truecount="1" falsecount="1"/>
        <line num="383" count="58" type="stmt"/>
        <line num="384" count="58" type="stmt"/>
        <line num="394" count="0" type="stmt"/>
        <line num="403" count="58" type="cond" truecount="1" falsecount="1"/>
        <line num="407" count="0" type="stmt"/>
        <line num="410" count="58" type="cond" truecount="3" falsecount="1"/>
        <line num="411" count="58" type="stmt"/>
        <line num="414" count="58" type="stmt"/>
        <line num="415" count="0" type="stmt"/>
        <line num="427" count="58" type="stmt"/>
        <line num="430" count="116" type="stmt"/>
        <line num="432" count="116" type="stmt"/>
        <line num="433" count="116" type="cond" truecount="1" falsecount="1"/>
        <line num="435" count="0" type="stmt"/>
        <line num="436" count="0" type="stmt"/>
        <line num="437" count="116" type="cond" truecount="1" falsecount="1"/>
        <line num="439" count="116" type="stmt"/>
        <line num="440" count="116" type="stmt"/>
        <line num="442" count="0" type="stmt"/>
        <line num="443" count="116" type="cond" truecount="5" falsecount="1"/>
        <line num="445" count="116" type="stmt"/>
        <line num="449" count="58" type="stmt"/>
        <line num="450" count="0" type="stmt"/>
        <line num="451" count="0" type="stmt"/>
        <line num="455" count="0" type="stmt"/>
        <line num="456" count="0" type="stmt"/>
        <line num="460" count="0" type="cond" truecount="0" falsecount="2"/>
        <line num="467" count="0" type="stmt"/>
        <line num="469" count="0" type="stmt"/>
        <line num="470" count="0" type="stmt"/>
        <line num="474" count="0" type="stmt"/>
        <line num="475" count="0" type="cond" truecount="0" falsecount="2"/>
        <line num="476" count="0" type="stmt"/>
        <line num="477" count="0" type="stmt"/>
        <line num="478" count="0" type="cond" truecount="0" falsecount="2"/>
        <line num="479" count="0" type="cond" truecount="0" falsecount="2"/>
        <line num="480" count="0" type="stmt"/>
        <line num="481" count="0" type="stmt"/>
        <line num="482" count="0" type="cond" truecount="0" falsecount="2"/>
        <line num="483" count="0" type="cond" truecount="0" falsecount="2"/>
        <line num="484" count="0" type="stmt"/>
        <line num="485" count="0" type="stmt"/>
        <line num="486" count="0" type="cond" truecount="0" falsecount="2"/>
        <line num="489" count="0" type="stmt"/>
        <line num="490" count="0" type="stmt"/>
        <line num="491" count="0" type="stmt"/>
        <line num="495" count="0" type="stmt"/>
        <line num="496" count="0" type="stmt"/>
        <line num="500" count="0" type="stmt"/>
        <line num="506" count="0" type="cond" truecount="0" falsecount="2"/>
        <line num="507" count="0" type="stmt"/>
        <line num="509" count="0" type="stmt"/>
        <line num="510" count="0" type="cond" truecount="0" falsecount="2"/>
        <line num="511" count="0" type="cond" truecount="0" falsecount="10"/>
        <line num="513" count="0" type="stmt"/>
        <line num="514" count="0" type="stmt"/>
        <line num="516" count="0" type="stmt"/>
        <line num="517" count="0" type="stmt"/>
        <line num="519" count="0" type="stmt"/>
        <line num="520" count="0" type="stmt"/>
        <line num="522" count="0" type="stmt"/>
        <line num="523" count="0" type="stmt"/>
        <line num="525" count="0" type="cond" truecount="0" falsecount="2"/>
        <line num="526" count="0" type="stmt"/>
        <line num="527" count="0" type="stmt"/>
        <line num="529" count="0" type="stmt"/>
        <line num="530" count="0" type="stmt"/>
        <line num="532" count="0" type="stmt"/>
        <line num="533" count="0" type="stmt"/>
        <line num="535" count="0" type="stmt"/>
        <line num="536" count="0" type="stmt"/>
        <line num="538" count="0" type="stmt"/>
        <line num="539" count="0" type="stmt"/>
        <line num="541" count="0" type="cond" truecount="0" falsecount="2"/>
        <line num="542" count="0" type="stmt"/>
        <line num="543" count="0" type="stmt"/>
        <line num="545" count="0" type="stmt"/>
        <line num="547" count="0" type="cond" truecount="0" falsecount="4"/>
        <line num="550" count="0" type="stmt"/>
        <line num="551" count="0" type="cond" truecount="0" falsecount="2"/>
        <line num="552" count="0" type="cond" truecount="0" falsecount="1"/>
        <line num="554" count="0" type="stmt"/>
        <line num="555" count="0" type="stmt"/>
        <line num="556" count="0" type="stmt"/>
        <line num="563" count="0" type="stmt"/>
        <line num="564" count="0" type="cond" truecount="0" falsecount="2"/>
        <line num="565" count="0" type="cond" truecount="0" falsecount="2"/>
        <line num="566" count="0" type="stmt"/>
        <line num="567" count="0" type="stmt"/>
        <line num="568" count="0" type="cond" truecount="0" falsecount="2"/>
        <line num="569" count="0" type="stmt"/>
        <line num="570" count="0" type="stmt"/>
        <line num="577" count="58" type="stmt"/>
        <line num="579" count="58" type="cond" truecount="5" falsecount="0"/>
        <line num="580" count="53" type="cond" truecount="3" falsecount="1"/>
        <line num="581" count="53" type="cond" truecount="1" falsecount="1"/>
        <line num="584" count="53" type="stmt"/>
        <line num="585" count="58" type="stmt"/>
        <line num="586" count="58" type="stmt"/>
        <line num="588" count="0" type="stmt"/>
        <line num="590" count="58" type="stmt"/>
        <line num="593" count="58" type="cond" truecount="2" falsecount="0"/>
        <line num="594" count="5" type="stmt"/>
        <line num="595" count="5" type="stmt"/>
        <line num="596" count="5" type="stmt"/>
        <line num="597" count="5" type="stmt"/>
        <line num="600" count="5" type="cond" truecount="1" falsecount="1"/>
        <line num="601" count="0" type="stmt"/>
        <line num="602" count="5" type="stmt"/>
        <line num="603" count="5" type="cond" truecount="1" falsecount="1"/>
        <line num="604" count="0" type="stmt"/>
        <line num="605" count="5" type="stmt"/>
        <line num="607" count="5" type="cond" truecount="2" falsecount="2"/>
        <line num="608" count="0" type="stmt"/>
        <line num="609" count="5" type="cond" truecount="3" falsecount="1"/>
        <line num="610" count="0" type="stmt"/>
        <line num="612" count="5" type="stmt"/>
        <line num="615" count="5" type="cond" truecount="1" falsecount="1"/>
        <line num="616" count="0" type="cond" truecount="0" falsecount="2"/>
        <line num="617" count="0" type="stmt"/>
        <line num="618" count="0" type="stmt"/>
        <line num="619" count="0" type="cond" truecount="0" falsecount="2"/>
        <line num="620" count="0" type="stmt"/>
        <line num="621" count="0" type="stmt"/>
        <line num="623" count="5" type="cond" truecount="1" falsecount="1"/>
        <line num="626" count="0" type="cond" truecount="0" falsecount="2"/>
        <line num="627" count="0" type="stmt"/>
        <line num="628" count="0" type="stmt"/>
        <line num="629" count="0" type="cond" truecount="0" falsecount="2"/>
        <line num="630" count="0" type="stmt"/>
        <line num="631" count="0" type="stmt"/>
        <line num="636" count="5" type="cond" truecount="2" falsecount="0"/>
        <line num="637" count="2" type="stmt"/>
        <line num="638" count="2" type="stmt"/>
        <line num="639" count="2" type="stmt"/>
        <line num="640" count="2" type="stmt"/>
        <line num="641" count="2" type="stmt"/>
        <line num="642" count="2" type="stmt"/>
        <line num="643" count="3" type="cond" truecount="2" falsecount="0"/>
        <line num="644" count="1" type="stmt"/>
        <line num="645" count="1" type="stmt"/>
        <line num="646" count="1" type="stmt"/>
        <line num="647" count="1" type="stmt"/>
        <line num="648" count="1" type="stmt"/>
        <line num="649" count="1" type="stmt"/>
        <line num="650" count="2" type="cond" truecount="1" falsecount="1"/>
        <line num="651" count="0" type="stmt"/>
        <line num="652" count="0" type="stmt"/>
        <line num="653" count="0" type="stmt"/>
        <line num="654" count="0" type="stmt"/>
        <line num="655" count="0" type="stmt"/>
        <line num="656" count="0" type="stmt"/>
        <line num="657" count="0" type="stmt"/>
        <line num="658" count="0" type="stmt"/>
        <line num="659" count="0" type="stmt"/>
        <line num="660" count="0" type="stmt"/>
        <line num="661" count="0" type="stmt"/>
        <line num="664" count="58" type="stmt"/>
        <line num="668" count="58" type="stmt"/>
        <line num="670" count="58" type="stmt"/>
        <line num="672" count="58" type="stmt"/>
        <line num="674" count="58" type="stmt"/>
        <line num="677" count="58" type="cond" truecount="2" falsecount="0"/>
        <line num="678" count="1" type="stmt"/>
        <line num="679" count="1" type="stmt"/>
        <line num="680" count="1" type="stmt"/>
        <line num="682" count="58" type="stmt"/>
        <line num="687" count="0" type="stmt"/>
        <line num="689" count="0" type="stmt"/>
        <line num="690" count="0" type="cond" truecount="0" falsecount="2"/>
        <line num="691" count="0" type="cond" truecount="0" falsecount="2"/>
        <line num="693" count="0" type="stmt"/>
        <line num="694" count="0" type="stmt"/>
        <line num="697" count="0" type="cond" truecount="0" falsecount="2"/>
        <line num="698" count="0" type="stmt"/>
        <line num="701" count="0" type="stmt"/>
        <line num="702" count="0" type="stmt"/>
        <line num="705" count="0" type="stmt"/>
        <line num="708" count="0" type="stmt"/>
        <line num="709" count="0" type="stmt"/>
        <line num="710" count="0" type="stmt"/>
        <line num="715" count="0" type="stmt"/>
        <line num="717" count="0" type="stmt"/>
        <line num="719" count="0" type="cond" truecount="0" falsecount="2"/>
        <line num="720" count="0" type="cond" truecount="0" falsecount="2"/>
        <line num="722" count="0" type="stmt"/>
        <line num="723" count="0" type="cond" truecount="0" falsecount="2"/>
        <line num="725" count="0" type="stmt"/>
        <line num="726" count="0" type="stmt"/>
        <line num="730" count="0" type="stmt"/>
        <line num="733" count="0" type="stmt"/>
        <line num="734" count="0" type="stmt"/>
        <line num="735" count="0" type="stmt"/>
        <line num="740" count="0" type="stmt"/>
        <line num="741" count="0" type="stmt"/>
        <line num="742" count="0" type="stmt"/>
        <line num="743" count="0" type="stmt"/>
        <line num="744" count="0" type="stmt"/>
        <line num="745" count="0" type="stmt"/>
        <line num="749" count="0" type="stmt"/>
        <line num="753" count="0" type="stmt"/>
        <line num="754" count="0" type="stmt"/>
        <line num="755" count="0" type="cond" truecount="0" falsecount="2"/>
        <line num="756" count="0" type="cond" truecount="0" falsecount="2"/>
        <line num="759" count="0" type="cond" truecount="0" falsecount="2"/>
        <line num="760" count="0" type="stmt"/>
        <line num="761" count="0" type="stmt"/>
        <line num="763" count="0" type="stmt"/>
      </file>
      <file name="boardDisplay.js" path="/home/runner/work/tsumego-hero/tsumego-hero/webroot/besogo/js/boardDisplay.js">
        <metrics statements="434" coveredstatements="254" conditionals="252" coveredconditionals="101" methods="33" coveredmethods="27"/>
        <line num="1" count="58" type="stmt"/>
        <line num="3" count="58" type="stmt"/>
        <line num="4" count="58" type="stmt"/>
        <line num="5" count="58" type="stmt"/>
        <line num="9" count="58" type="stmt"/>
        <line num="10" count="58" type="stmt"/>
        <line num="21" count="58" type="stmt"/>
        <line num="22" count="58" type="stmt"/>
        <line num="24" count="58" type="stmt"/>
        <line num="26" count="58" type="stmt"/>
        <line num="30" count="0" type="cond" truecount="0" falsecount="2"/>
        <line num="31" count="0" type="stmt"/>
        <line num="37" count="58" type="cond" truecount="3" falsecount="1"/>
        <line num="39" count="0" type="stmt"/>
        <line num="40" count="0" type="stmt"/>
        <line num="41" count="0" type="stmt"/>
        <line num="44" count="58" type="stmt"/>
        <line num="45" count="58" type="stmt"/>
        <line num="46" count="58" type="stmt"/>
        <line num="47" count="58" type="stmt"/>
        <line num="48" count="58" type="stmt"/>
        <line num="49" count="58" type="stmt"/>
        <line num="50" count="58" type="stmt"/>
        <line num="51" count="58" type="stmt"/>
        <line num="52" count="58" type="stmt"/>
        <line num="53" count="58" type="stmt"/>
        <line num="54" count="58" type="stmt"/>
        <line num="56" count="58" type="stmt"/>
        <line num="57" count="58" type="stmt"/>
        <line num="58" count="58" type="stmt"/>
        <line num="59" count="58" type="stmt"/>
        <line num="62" count="58" type="stmt"/>
        <line num="64" count="58" type="stmt"/>
        <line num="72" count="0" type="stmt"/>
        <line num="73" count="0" type="stmt"/>
        <line num="74" count="0" type="stmt"/>
        <line num="76" count="0" type="stmt"/>
        <line num="82" count="58" type="stmt"/>
        <line num="84" count="58" type="stmt"/>
        <line num="85" count="58" type="stmt"/>
        <line num="87" count="58" type="stmt"/>
        <line num="88" count="58" type="stmt"/>
        <line num="89" count="58" type="stmt"/>
        <line num="91" count="58" type="stmt"/>
        <line num="92" count="58" type="stmt"/>
        <line num="93" count="58" type="stmt"/>
        <line num="95" count="58" type="cond" truecount="1" falsecount="1"/>
        <line num="97" count="58" type="stmt"/>
        <line num="98" count="58" type="stmt"/>
        <line num="101" count="58" type="stmt"/>
        <line num="103" count="58" type="cond" truecount="1" falsecount="1"/>
        <line num="104" count="58" type="stmt"/>
        <line num="110" count="18" type="stmt"/>
        <line num="111" count="18" type="stmt"/>
        <line num="112" count="18" type="stmt"/>
        <line num="113" count="18" type="stmt"/>
        <line num="116" count="18" type="cond" truecount="4" falsecount="1"/>
        <line num="118" count="0" type="stmt"/>
        <line num="119" count="0" type="stmt"/>
        <line num="120" count="0" type="cond" truecount="0" falsecount="2"/>
        <line num="121" count="0" type="stmt"/>
        <line num="122" count="0" type="stmt"/>
        <line num="126" count="18" type="cond" truecount="3" falsecount="2"/>
        <line num="127" count="18" type="stmt"/>
        <line num="128" count="0" type="cond" truecount="0" falsecount="4"/>
        <line num="130" count="0" type="stmt"/>
        <line num="131" count="0" type="stmt"/>
        <line num="133" count="0" type="cond" truecount="0" falsecount="4"/>
        <line num="134" count="0" type="stmt"/>
        <line num="139" count="76" type="stmt"/>
        <line num="140" count="76" type="stmt"/>
        <line num="141" count="76" type="cond" truecount="2" falsecount="0"/>
        <line num="142" count="76" type="stmt"/>
        <line num="148" count="58" type="stmt"/>
        <line num="150" count="58" type="cond" truecount="1" falsecount="1"/>
        <line num="151" count="58" type="stmt"/>
        <line num="152" count="58" type="stmt"/>
        <line num="154" count="58" type="stmt"/>
        <line num="155" count="58" type="stmt"/>
        <line num="157" count="58" type="cond" truecount="2" falsecount="0"/>
        <line num="159" count="5" type="stmt"/>
        <line num="161" count="5" type="stmt"/>
        <line num="162" count="5" type="stmt"/>
        <line num="164" count="5" type="stmt"/>
        <line num="165" count="5" type="stmt"/>
        <line num="167" count="5" type="cond" truecount="1" falsecount="1"/>
        <line num="168" count="5" type="stmt"/>
        <line num="170" count="0" type="stmt"/>
        <line num="172" count="5" type="cond" truecount="1" falsecount="1"/>
        <line num="173" count="5" type="stmt"/>
        <line num="175" count="0" type="stmt"/>
        <line num="177" count="5" type="stmt"/>
        <line num="178" count="5" type="stmt"/>
        <line num="179" count="5" type="stmt"/>
        <line num="180" count="5" type="stmt"/>
        <line num="181" count="5" type="stmt"/>
        <line num="182" count="5" type="stmt"/>
        <line num="185" count="53" type="stmt"/>
        <line num="187" count="58" type="stmt"/>
        <line num="192" count="58" type="stmt"/>
        <line num="193" count="58" type="stmt"/>
        <line num="194" count="58" type="stmt"/>
        <line num="196" count="58" type="stmt"/>
        <line num="197" count="58" type="stmt"/>
        <line num="199" count="58" type="cond" truecount="2" falsecount="0"/>
        <line num="201" count="53" type="cond" truecount="1" falsecount="1"/>
        <line num="202" count="0" type="stmt"/>
        <line num="204" count="5" type="cond" truecount="2" falsecount="0"/>
        <line num="205" count="2" type="stmt"/>
        <line num="206" count="3" type="cond" truecount="2" falsecount="0"/>
        <line num="207" count="2" type="stmt"/>
        <line num="208" count="1" type="cond" truecount="1" falsecount="1"/>
        <line num="209" count="1" type="stmt"/>
        <line num="210" count="0" type="cond" truecount="0" falsecount="2"/>
        <line num="211" count="0" type="stmt"/>
        <line num="212" count="58" type="stmt"/>
        <line num="220" count="58" type="stmt"/>
        <line num="221" count="986" type="stmt"/>
        <line num="222" count="58" type="stmt"/>
        <line num="223" count="986" type="stmt"/>
        <line num="225" count="58" type="stmt"/>
        <line num="233" count="58" type="cond" truecount="1" falsecount="1"/>
        <line num="240" count="0" type="stmt"/>
        <line num="241" count="0" type="stmt"/>
        <line num="242" count="0" type="stmt"/>
        <line num="243" count="0" type="stmt"/>
        <line num="244" count="0" type="cond" truecount="0" falsecount="2"/>
        <line num="245" count="0" type="stmt"/>
        <line num="248" count="58" type="stmt"/>
        <line num="250" count="58" type="cond" truecount="1" falsecount="1"/>
        <line num="251" count="58" type="stmt"/>
        <line num="257" count="58" type="stmt"/>
        <line num="258" count="58" type="cond" truecount="1" falsecount="1"/>
        <line num="259" count="0" type="stmt"/>
        <line num="260" count="58" type="cond" truecount="1" falsecount="1"/>
        <line num="261" count="0" type="stmt"/>
        <line num="262" count="58" type="cond" truecount="1" falsecount="1"/>
        <line num="263" count="0" type="stmt"/>
        <line num="264" count="58" type="cond" truecount="1" falsecount="1"/>
        <line num="265" count="0" type="stmt"/>
        <line num="266" count="58" type="cond" truecount="1" falsecount="1"/>
        <line num="267" count="0" type="stmt"/>
        <line num="268" count="58" type="cond" truecount="1" falsecount="1"/>
        <line num="269" count="0" type="stmt"/>
        <line num="270" count="58" type="cond" truecount="1" falsecount="1"/>
        <line num="271" count="0" type="stmt"/>
        <line num="272" count="58" type="stmt"/>
        <line num="273" count="58" type="stmt"/>
        <line num="274" count="58" type="cond" truecount="2" falsecount="0"/>
        <line num="275" count="58" type="stmt"/>
        <line num="276" count="58" type="cond" truecount="2" falsecount="0"/>
        <line num="277" count="58" type="stmt"/>
        <line num="280" count="58" type="stmt"/>
        <line num="282" count="1102" type="stmt"/>
        <line num="283" count="1102" type="stmt"/>
        <line num="284" count="1102" type="stmt"/>
        <line num="286" count="58" type="stmt"/>
        <line num="288" count="1102" type="stmt"/>
        <line num="289" count="1102" type="stmt"/>
        <line num="290" count="1102" type="stmt"/>
        <line num="295" count="4408" type="stmt"/>
        <line num="304" count="4408" type="stmt"/>
        <line num="305" count="4408" type="stmt"/>
        <line num="313" count="58" type="stmt"/>
        <line num="315" count="58" type="cond" truecount="3" falsecount="1"/>
        <line num="317" count="58" type="stmt"/>
        <line num="318" count="58" type="stmt"/>
        <line num="319" count="58" type="stmt"/>
        <line num="321" count="58" type="cond" truecount="3" falsecount="1"/>
        <line num="323" count="58" type="stmt"/>
        <line num="324" count="58" type="stmt"/>
        <line num="325" count="58" type="stmt"/>
        <line num="326" count="58" type="stmt"/>
        <line num="330" count="58" type="cond" truecount="3" falsecount="1"/>
        <line num="332" count="58" type="stmt"/>
        <line num="333" count="58" type="stmt"/>
        <line num="334" count="58" type="stmt"/>
        <line num="335" count="58" type="stmt"/>
        <line num="337" count="0" type="cond" truecount="0" falsecount="4"/>
        <line num="339" count="0" type="stmt"/>
        <line num="340" count="0" type="stmt"/>
        <line num="341" count="0" type="stmt"/>
        <line num="342" count="0" type="stmt"/>
        <line num="345" count="58" type="cond" truecount="1" falsecount="1"/>
        <line num="346" count="58" type="stmt"/>
        <line num="354" count="522" type="stmt"/>
        <line num="361" count="58" type="stmt"/>
        <line num="363" count="58" type="stmt"/>
        <line num="364" count="58" type="stmt"/>
        <line num="365" count="1102" type="stmt"/>
        <line num="366" count="20938" type="stmt"/>
        <line num="372" count="58" type="stmt"/>
        <line num="373" count="1102" type="stmt"/>
        <line num="375" count="20938" type="stmt"/>
        <line num="384" count="20938" type="stmt"/>
        <line num="386" count="20938" type="cond" truecount="1" falsecount="1"/>
        <line num="388" count="20938" type="stmt"/>
        <line num="389" count="20938" type="stmt"/>
        <line num="392" count="20938" type="stmt"/>
        <line num="398" count="20938" type="stmt"/>
        <line num="400" count="7" type="cond" truecount="1" falsecount="1"/>
        <line num="402" count="0" type="stmt"/>
        <line num="403" count="0" type="stmt"/>
        <line num="404" count="0" type="stmt"/>
        <line num="406" count="7" type="stmt"/>
        <line num="407" count="7" type="cond" truecount="1" falsecount="1"/>
        <line num="408" count="7" type="stmt"/>
        <line num="414" count="20945" type="stmt"/>
        <line num="416" count="38" type="stmt"/>
        <line num="417" count="38" type="stmt"/>
        <line num="418" count="38" type="stmt"/>
        <line num="419" count="38" type="stmt"/>
        <line num="425" count="114" type="stmt"/>
        <line num="426" count="114" type="cond" truecount="1" falsecount="1"/>
        <line num="427" count="0" type="stmt"/>
        <line num="428" count="114" type="cond" truecount="4" falsecount="0"/>
        <line num="429" count="102" type="stmt"/>
        <line num="430" count="114" type="cond" truecount="2" falsecount="0"/>
        <line num="432" count="102" type="cond" truecount="2" falsecount="0"/>
        <line num="433" count="66" type="stmt"/>
        <line num="434" count="36" type="cond" truecount="2" falsecount="0"/>
        <line num="435" count="20" type="stmt"/>
        <line num="441" count="20938" type="stmt"/>
        <line num="443" count="26" type="stmt"/>
        <line num="444" count="26" type="cond" truecount="2" falsecount="0"/>
        <line num="445" count="22" type="stmt"/>
        <line num="452" count="76" type="stmt"/>
        <line num="457" count="76" type="cond" truecount="1" falsecount="1"/>
        <line num="459" count="76" type="stmt"/>
        <line num="460" count="76" type="stmt"/>
        <line num="463" count="76" type="stmt"/>
        <line num="464" count="1444" type="stmt"/>
        <line num="466" count="27436" type="stmt"/>
        <line num="467" count="27436" type="cond" truecount="2" falsecount="0"/>
        <line num="469" count="24" type="stmt"/>
        <line num="470" count="24" type="stmt"/>
        <line num="472" count="24" type="cond" truecount="1" falsecount="1"/>
        <line num="473" count="24" type="stmt"/>
        <line num="475" count="0" type="stmt"/>
        <line num="478" count="24" type="cond" truecount="1" falsecount="1"/>
        <line num="480" count="24" type="stmt"/>
        <line num="481" count="24" type="stmt"/>
        <line num="485" count="76" type="stmt"/>
        <line num="486" count="76" type="cond" truecount="1" falsecount="1"/>
        <line num="487" count="0" type="stmt"/>
        <line num="489" count="76" type="stmt"/>
        <line num="490" count="76" type="stmt"/>
        <line num="496" count="76" type="stmt"/>
        <line num="497" count="76" type="stmt"/>
        <line num="499" count="76" type="stmt"/>
        <line num="500" count="76" type="stmt"/>
        <line num="502" count="76" type="stmt"/>
        <line num="503" count="1444" type="stmt"/>
        <line num="504" count="27436" type="cond" truecount="1" falsecount="1"/>
        <line num="506" count="0" type="stmt"/>
        <line num="507" count="0" type="stmt"/>
        <line num="508" count="0" type="stmt"/>
        <line num="509" count="0" type="cond" truecount="0" falsecount="2"/>
        <line num="510" count="0" type="cond" truecount="0" falsecount="5"/>
        <line num="511" count="0" type="cond" truecount="0" falsecount="2"/>
        <line num="512" count="0" type="cond" truecount="0" falsecount="2"/>
        <line num="513" count="0" type="stmt"/>
        <line num="514" count="0" type="stmt"/>
        <line num="515" count="0" type="cond" truecount="0" falsecount="2"/>
        <line num="517" count="0" type="cond" truecount="0" falsecount="5"/>
        <line num="519" count="0" type="stmt"/>
        <line num="520" count="0" type="stmt"/>
        <line num="521" count="0" type="stmt"/>
        <line num="522" count="0" type="stmt"/>
        <line num="523" count="0" type="stmt"/>
        <line num="528" count="0" type="cond" truecount="0" falsecount="2"/>
        <line num="530" count="0" type="stmt"/>
        <line num="531" count="0" type="stmt"/>
        <line num="533" count="0" type="stmt"/>
        <line num="535" count="0" type="cond" truecount="0" falsecount="2"/>
        <line num="537" count="0" type="stmt"/>
        <line num="538" count="0" type="stmt"/>
        <line num="548" count="76" type="cond" truecount="6" falsecount="0"/>
        <line num="551" count="9" type="stmt"/>
        <line num="552" count="9" type="cond" truecount="2" falsecount="2"/>
        <line num="553" count="0" type="stmt"/>
        <line num="554" count="9" type="cond" truecount="2" falsecount="0"/>
        <line num="555" count="9" type="stmt"/>
        <line num="556" count="9" type="stmt"/>
        <line num="557" count="9" type="stmt"/>
        <line num="558" count="9" type="cond" truecount="1" falsecount="1"/>
        <line num="559" count="0" type="cond" truecount="0" falsecount="2"/>
        <line num="560" count="0" type="stmt"/>
        <line num="561" count="0" type="cond" truecount="0" falsecount="2"/>
        <line num="562" count="0" type="stmt"/>
        <line num="568" count="3" type="stmt"/>
        <line num="569" count="0" type="stmt"/>
        <line num="570" count="3" type="stmt"/>
        <line num="571" count="0" type="stmt"/>
        <line num="576" count="0" type="cond" truecount="0" falsecount="2"/>
        <line num="577" count="0" type="stmt"/>
        <line num="578" count="0" type="cond" truecount="0" falsecount="2"/>
        <line num="580" count="0" type="stmt"/>
        <line num="581" count="0" type="stmt"/>
        <line num="583" count="0" type="cond" truecount="0" falsecount="2"/>
        <line num="585" count="0" type="stmt"/>
        <line num="586" count="0" type="stmt"/>
        <line num="592" count="0" type="cond" truecount="0" falsecount="2"/>
        <line num="593" count="0" type="stmt"/>
        <line num="594" count="0" type="stmt"/>
        <line num="595" count="0" type="stmt"/>
        <line num="600" count="3" type="stmt"/>
        <line num="601" count="0" type="stmt"/>
        <line num="602" count="3" type="stmt"/>
        <line num="603" count="0" type="stmt"/>
        <line num="608" count="0" type="cond" truecount="0" falsecount="2"/>
        <line num="609" count="0" type="stmt"/>
        <line num="610" count="0" type="stmt"/>
        <line num="611" count="0" type="stmt"/>
        <line num="612" count="0" type="cond" truecount="0" falsecount="2"/>
        <line num="614" count="0" type="stmt"/>
        <line num="615" count="0" type="stmt"/>
        <line num="616" count="0" type="stmt"/>
        <line num="617" count="0" type="cond" truecount="0" falsecount="2"/>
        <line num="618" count="0" type="stmt"/>
        <line num="619" count="0" type="stmt"/>
        <line num="621" count="0" type="stmt"/>
        <line num="622" count="0" type="stmt"/>
        <line num="624" count="0" type="cond" truecount="0" falsecount="2"/>
[...]
        <line num="24" count="0" type="stmt"/>
        <line num="27" count="0" type="stmt"/>
        <line num="28" count="0" type="stmt"/>
        <line num="30" count="0" type="stmt"/>
      </file>
      <file name="previewBoard.js" path="/home/runner/work/tsumego-hero/tsumego-hero/webroot/js/previewBoard.js">
        <metrics statements="66" coveredstatements="5" conditionals="40" coveredconditionals="1" methods="8" coveredmethods="2"/>
        <line num="1" count="0" type="stmt"/>
        <line num="5" count="0" type="stmt"/>
        <line num="7" count="0" type="stmt"/>
        <line num="8" count="0" type="stmt"/>
        <line num="11" count="0" type="stmt"/>
        <line num="12" count="0" type="stmt"/>
        <line num="14" count="0" type="stmt"/>
        <line num="20" count="0" type="stmt"/>
        <line num="21" count="0" type="stmt"/>
        <line num="22" count="0" type="stmt"/>
        <line num="26" count="0" type="cond" truecount="0" falsecount="2"/>
        <line num="29" count="0" type="stmt"/>
        <line num="30" count="0" type="cond" truecount="0" falsecount="2"/>
        <line num="31" count="0" type="stmt"/>
        <line num="32" count="0" type="stmt"/>
        <line num="33" count="0" type="stmt"/>
        <line num="34" count="0" type="stmt"/>
        <line num="35" count="0" type="stmt"/>
        <line num="40" count="0" type="cond" truecount="0" falsecount="4"/>
        <line num="41" count="0" type="cond" truecount="0" falsecount="2"/>
        <line num="42" count="0" type="cond" truecount="0" falsecount="2"/>
        <line num="43" count="0" type="stmt"/>
        <line num="44" count="0" type="cond" truecount="0" falsecount="2"/>
        <line num="45" count="0" type="cond" truecount="0" falsecount="2"/>
        <line num="46" count="0" type="cond" truecount="0" falsecount="2"/>
        <line num="47" count="0" type="cond" truecount="0" falsecount="2"/>
        <line num="48" count="0" type="stmt"/>
        <line num="49" count="0" type="stmt"/>
        <line num="50" count="0" type="cond" truecount="0" falsecount="2"/>
        <line num="53" count="0" type="stmt"/>
        <line num="54" count="0" type="stmt"/>
        <line num="55" count="0" type="stmt"/>
        <line num="56" count="0" type="stmt"/>
        <line num="57" count="0" type="stmt"/>
        <line num="58" count="0" type="stmt"/>
        <line num="59" count="0" type="stmt"/>
        <line num="60" count="0" type="stmt"/>
        <line num="65" count="0" type="stmt"/>
        <line num="70" count="0" type="stmt"/>
        <line num="71" count="0" type="stmt"/>
        <line num="72" count="0" type="stmt"/>
        <line num="73" count="0" type="stmt"/>
        <line num="74" count="0" type="stmt"/>
        <line num="75" count="0" type="stmt"/>
        <line num="76" count="0" type="stmt"/>
        <line num="77" count="0" type="stmt"/>
        <line num="78" count="0" type="stmt"/>
        <line num="83" count="0" type="stmt"/>
        <line num="84" count="0" type="stmt"/>
        <line num="85" count="0" type="stmt"/>
        <line num="86" count="0" type="stmt"/>
        <line num="87" count="0" type="stmt"/>
        <line num="88" count="0" type="stmt"/>
        <line num="102" count="205" type="stmt"/>
        <line num="105" count="205" type="stmt"/>
        <line num="106" count="124" type="stmt"/>
        <line num="107" count="124" type="cond" truecount="1" falsecount="1"/>
        <line num="108" count="124" type="stmt"/>
        <line num="111" count="0" type="cond" truecount="0" falsecount="4"/>
        <line num="112" count="0" type="stmt"/>
        <line num="115" count="0" type="stmt"/>
        <line num="116" count="0" type="stmt"/>
        <line num="118" count="0" type="stmt"/>
        <line num="121" count="0" type="cond" truecount="0" falsecount="4"/>
        <line num="122" count="0" type="stmt"/>
        <line num="124" count="0" type="stmt"/>
      </file>
      <file name="previewZoom.js" path="/home/runner/work/tsumego-hero/tsumego-hero/webroot/js/previewZoom.js">
        <metrics statements="32" coveredstatements="12" conditionals="17" coveredconditionals="4" methods="10" coveredmethods="3"/>
        <line num="9" count="205" type="stmt"/>
        <line num="12" count="205" type="stmt"/>
        <line num="13" count="205" type="stmt"/>
        <line num="16" count="0" type="cond" truecount="0" falsecount="2"/>
        <line num="17" count="0" type="stmt"/>
        <line num="18" count="0" type="cond" truecount="0" falsecount="3"/>
        <line num="22" count="205" type="stmt"/>
        <line num="23" count="205" type="cond" truecount="2" falsecount="0"/>
        <line num="25" count="78" type="stmt"/>
        <line num="26" count="78" type="cond" truecount="1" falsecount="1"/>
        <line num="27" count="0" type="stmt"/>
        <line num="28" count="0" type="stmt"/>
        <line num="29" count="0" type="stmt"/>
        <line num="32" count="78" type="stmt"/>
        <line num="33" count="84" type="stmt"/>
        <line num="34" count="0" type="stmt"/>
        <line num="35" count="0" type="cond" truecount="0" falsecount="2"/>
        <line num="36" count="0" type="stmt"/>
        <line num="37" count="0" type="stmt"/>
        <line num="38" count="0" type="stmt"/>
        <line num="40" count="0" type="stmt"/>
        <line num="41" count="0" type="stmt"/>
        <line num="42" count="0" type="stmt"/>
        <line num="49" count="0" type="stmt"/>
        <line num="51" count="0" type="stmt"/>
        <line num="52" count="0" type="cond" truecount="0" falsecount="4"/>
        <line num="53" count="0" type="stmt"/>
        <line num="58" count="0" type="stmt"/>
        <line num="61" count="205" type="stmt"/>
        <line num="63" count="205" type="cond" truecount="1" falsecount="1"/>
        <line num="64" count="205" type="stmt"/>
        <line num="66" count="0" type="stmt"/>
      </file>
      <file name="scoreEstimatingCustom.js" path="/home/runner/work/tsumego-hero/tsumego-hero/webroot/js/scoreEstimatingCustom.js">
        <metrics statements="49" coveredstatements="0" conditionals="40" coveredconditionals="0" methods="2" coveredmethods="0"/>
        <line num="3" count="0" type="stmt"/>
        <line num="4" count="0" type="stmt"/>
        <line num="5" count="0" type="stmt"/>
        <line num="6" count="0" type="cond" truecount="0" falsecount="2"/>
        <line num="7" count="0" type="cond" truecount="0" falsecount="2"/>
        <line num="8" count="0" type="stmt"/>
        <line num="9" count="0" type="cond" truecount="0" falsecount="4"/>
        <line num="10" count="0" type="stmt"/>
        <line num="11" count="0" type="stmt"/>
        <line num="13" count="0" type="stmt"/>
        <line num="14" count="0" type="stmt"/>
        <line num="16" count="0" type="stmt"/>
        <line num="17" count="0" type="cond" truecount="0" falsecount="2"/>
        <line num="18" count="0" type="stmt"/>
        <line num="19" count="0" type="cond" truecount="0" falsecount="4"/>
        <line num="20" count="0" type="stmt"/>
        <line num="21" count="0" type="stmt"/>
        <line num="23" count="0" type="stmt"/>
        <line num="24" count="0" type="stmt"/>
        <line num="26" count="0" type="stmt"/>
        <line num="27" count="0" type="cond" truecount="0" falsecount="2"/>
        <line num="29" count="0" type="stmt"/>
        <line num="30" count="0" type="cond" truecount="0" falsecount="4"/>
        <line num="31" count="0" type="stmt"/>
        <line num="32" count="0" type="stmt"/>
        <line num="34" count="0" type="stmt"/>
        <line num="35" count="0" type="stmt"/>
        <line num="37" count="0" type="cond" truecount="0" falsecount="2"/>
        <line num="38" count="0" type="stmt"/>
        <line num="39" count="0" type="cond" truecount="0" falsecount="2"/>
        <line num="40" count="0" type="stmt"/>
        <line num="41" count="0" type="stmt"/>
        <line num="43" count="0" type="stmt"/>
        <line num="44" count="0" type="cond" truecount="0" falsecount="2"/>
        <line num="45" count="0" type="stmt"/>
        <line num="46" count="0" type="cond" truecount="0" falsecount="4"/>
        <line num="47" count="0" type="stmt"/>
        <line num="48" count="0" type="stmt"/>
        <line num="50" count="0" type="stmt"/>
        <line num="51" count="0" type="stmt"/>
        <line num="53" count="0" type="cond" truecount="0" falsecount="2"/>
        <line num="54" count="0" type="stmt"/>
        <line num="55" count="0" type="cond" truecount="0" falsecount="2"/>
        <line num="56" count="0" type="stmt"/>
        <line num="57" count="0" type="cond" truecount="0" falsecount="2"/>
        <line num="58" count="0" type="stmt"/>
        <line num="60" count="0" type="stmt"/>
        <line num="66" count="0" type="cond" truecount="0" falsecount="2"/>
        <line num="67" count="0" type="cond" truecount="0" falsecount="2"/>
      </file>
      <file name="set-view.js" path="/home/runner/work/tsumego-hero/tsumego-hero/webroot/js/set-view.js">
        <metrics statements="25" coveredstatements="8" conditionals="14" coveredconditionals="2" methods="5" coveredmethods="2"/>
        <line num="10" count="205" type="stmt"/>
        <line num="12" count="32" type="stmt"/>
        <line num="13" count="32" type="cond" truecount="1" falsecount="1"/>
        <line num="14" count="32" type="stmt"/>
        <line num="16" count="32" type="stmt"/>
        <line num="18" count="0" type="cond" truecount="0" falsecount="2"/>
        <line num="19" count="0" type="stmt"/>
        <line num="21" count="0" type="stmt"/>
        <line num="24" count="0" type="stmt"/>
        <line num="25" count="0" type="cond" truecount="0" falsecount="2"/>
        <line num="26" count="0" type="cond" truecount="0" falsecount="2"/>
        <line num="27" count="0" type="stmt"/>
        <line num="28" count="0" type="stmt"/>
        <line num="29" count="0" type="stmt"/>
        <line num="30" count="0" type="stmt"/>
        <line num="32" count="0" type="stmt"/>
        <line num="34" count="0" type="cond" truecount="0" falsecount="2"/>
        <line num="35" count="0" type="stmt"/>
        <line num="39" count="32" type="stmt"/>
        <line num="41" count="0" type="cond" truecount="0" falsecount="2"/>
        <line num="43" count="0" type="stmt"/>
        <line num="44" count="0" type="stmt"/>
        <line num="51" count="205" type="cond" truecount="1" falsecount="1"/>
        <line num="52" count="205" type="stmt"/>
        <line num="54" count="0" type="stmt"/>
      </file>
      <file name="setProgress.js" path="/home/runner/work/tsumego-hero/tsumego-hero/webroot/js/setProgress.js">
        <metrics statements="20" coveredstatements="19" conditionals="14" coveredconditionals="12" methods="4" coveredmethods="4"/>
        <line num="7" count="205" type="stmt"/>
        <line num="9" count="205" type="cond" truecount="2" falsecount="0"/>
        <line num="12" count="205" type="stmt"/>
        <line num="13" count="205" type="cond" truecount="4" falsecount="0"/>
        <line num="14" count="201" type="stmt"/>
        <line num="16" count="4" type="stmt"/>
        <line num="19" count="8" type="stmt"/>
        <line num="22" count="40" type="cond" truecount="2" falsecount="0"/>
        <line num="23" count="8" type="stmt"/>
        <line num="25" count="40" type="stmt"/>
        <line num="26" count="40" type="stmt"/>
        <line num="27" count="40" type="stmt"/>
        <line num="29" count="40" type="cond" truecount="1" falsecount="1"/>
        <line num="30" count="40" type="stmt"/>
        <line num="33" count="8" type="stmt"/>
        <line num="36" count="4" type="stmt"/>
        <line num="37" count="8" type="cond" truecount="2" falsecount="0"/>
        <line num="42" count="205" type="cond" truecount="1" falsecount="1"/>
        <line num="43" count="205" type="stmt"/>
        <line num="45" count="0" type="stmt"/>
      </file>
      <file name="util.js" path="/home/runner/work/tsumego-hero/tsumego-hero/webroot/js/util.js">
        <metrics statements="150" coveredstatements="123" conditionals="37" coveredconditionals="20" methods="47" coveredmethods="33"/>
        <line num="3" count="655" type="stmt"/>
        <line num="4" count="655" type="stmt"/>
        <line num="5" count="655" type="stmt"/>
        <line num="7" count="655" type="stmt"/>
        <line num="17" count="24" type="cond" truecount="2" falsecount="0"/>
        <line num="19" count="127" type="stmt"/>
        <line num="25" count="2" type="cond" truecount="2" falsecount="0"/>
        <line num="30" count="9" type="cond" truecount="1" falsecount="1"/>
        <line num="31" count="9" type="stmt"/>
        <line num="33" count="0" type="stmt"/>
        <line num="34" count="0" type="stmt"/>
        <line num="36" count="0" type="cond" truecount="0" falsecount="4"/>
        <line num="37" count="0" type="stmt"/>
        <line num="39" count="0" type="stmt"/>
        <line num="44" count="144" type="stmt"/>
        <line num="46" count="144" type="cond" truecount="2" falsecount="0"/>
        <line num="47" count="142" type="stmt"/>
        <line num="49" count="2" type="stmt"/>
        <line num="52" count="2" type="stmt"/>
        <line num="53" count="2" type="stmt"/>
        <line num="58" count="144" type="stmt"/>
        <line num="63" count="2" type="stmt"/>
        <line num="64" count="2" type="stmt"/>
        <line num="65" count="2" type="stmt"/>
        <line num="70" count="2" type="stmt"/>
        <line num="71" count="2" type="stmt"/>
        <line num="72" count="2" type="stmt"/>
        <line num="73" count="2" type="stmt"/>
        <line num="75" count="2" type="stmt"/>
        <line num="77" count="2" type="stmt"/>
        <line num="79" count="0" type="cond" truecount="0" falsecount="2"/>
        <line num="80" count="0" type="stmt"/>
        <line num="81" count="0" type="stmt"/>
        <line num="82" count="0" type="stmt"/>
        <line num="83" count="0" type="stmt"/>
        <line num="84" count="0" type="cond" truecount="0" falsecount="2"/>
        <line num="86" count="0" type="stmt"/>
        <line num="87" count="0" type="stmt"/>
        <line num="94" count="2" type="stmt"/>
        <line num="95" count="2" type="stmt"/>
        <line num="96" count="2" type="stmt"/>
        <line num="97" count="2" type="stmt"/>
        <line num="98" count="2" type="stmt"/>
        <line num="99" count="2" type="stmt"/>
        <line num="104" count="54" type="stmt"/>
        <line num="105" count="54" type="stmt"/>
        <line num="106" count="54" type="stmt"/>
        <line num="107" count="54" type="stmt"/>
        <line num="108" count="54" type="stmt"/>
        <line num="109" count="54" type="stmt"/>
        <line num="114" count="0" type="stmt"/>
        <line num="120" count="0" type="stmt"/>
        <line num="121" count="0" type="stmt"/>
        <line num="128" count="2" type="stmt"/>
        <line num="129" count="2" type="stmt"/>
        <line num="130" count="2" type="stmt"/>
        <line num="131" count="2" type="stmt"/>
        <line num="132" count="2" type="stmt"/>
        <line num="133" count="2" type="stmt"/>
        <line num="134" count="2" type="stmt"/>
        <line num="139" count="2" type="cond" truecount="1" falsecount="1"/>
        <line num="140" count="0" type="stmt"/>
        <line num="142" count="2" type="stmt"/>
        <line num="145" count="2" type="stmt"/>
        <line num="146" count="2" type="stmt"/>
        <line num="147" count="2" type="stmt"/>
        <line num="148" count="2" type="stmt"/>
        <line num="149" count="2" type="cond" truecount="1" falsecount="1"/>
        <line num="150" count="2" type="stmt"/>
        <line num="152" count="0" type="stmt"/>
        <line num="153" count="2" type="stmt"/>
        <line num="154" count="2" type="stmt"/>
        <line num="155" count="2" type="stmt"/>
        <line num="156" count="2" type="stmt"/>
        <line num="157" count="2" type="stmt"/>
        <line num="158" count="2" type="stmt"/>
        <line num="159" count="2" type="stmt"/>
        <line num="160" count="2" type="stmt"/>
        <line num="161" count="2" type="stmt"/>
        <line num="167" count="0" type="stmt"/>
        <line num="168" count="0" type="stmt"/>
        <line num="169" count="0" type="stmt"/>
        <line num="170" count="0" type="stmt"/>
        <line num="171" count="0" type="stmt"/>
        <line num="172" count="0" type="stmt"/>
        <line num="177" count="56" type="stmt"/>
        <line num="178" count="56" type="stmt"/>
        <line num="179" count="56" type="stmt"/>
        <line num="180" count="56" type="stmt"/>
        <line num="181" count="56" type="stmt"/>
        <line num="182" count="56" type="stmt"/>
        <line num="187" count="4" type="stmt"/>
        <line num="188" count="4" type="stmt"/>
        <line num="189" count="4" type="stmt"/>
        <line num="190" count="4" type="stmt"/>
        <line num="191" count="4" type="stmt"/>
        <line num="192" count="4" type="stmt"/>
        <line num="197" count="54" type="stmt"/>
        <line num="198" count="54" type="stmt"/>
        <line num="199" count="54" type="stmt"/>
        <line num="200" count="54" type="stmt"/>
        <line num="201" count="54" type="stmt"/>
        <line num="202" count="54" type="stmt"/>
        <line num="207" count="2" type="stmt"/>
        <line num="213" count="2" type="stmt"/>
        <line num="214" count="2" type="stmt"/>
        <line num="215" count="2" type="stmt"/>
        <line num="222" count="2" type="stmt"/>
        <line num="223" count="2" type="stmt"/>
        <line num="224" count="2" type="stmt"/>
        <line num="225" count="2" type="stmt"/>
        <line num="226" count="2" type="stmt"/>
        <line num="227" count="2" type="stmt"/>
        <line num="232" count="54" type="stmt"/>
        <line num="233" count="54" type="stmt"/>
        <line num="234" count="54" type="stmt"/>
        <line num="235" count="54" type="stmt"/>
        <line num="236" count="54" type="stmt"/>
        <line num="237" count="54" type="stmt"/>
        <line num="242" count="338" type="stmt"/>
        <line num="248" count="169" type="stmt"/>
        <line num="249" count="169" type="stmt"/>
        <line num="250" count="169" type="stmt"/>
        <line num="251" count="169" type="stmt"/>
        <line num="257" count="126" type="stmt"/>
        <line num="262" count="126" type="cond" truecount="1" falsecount="1"/>
        <line num="263" count="0" type="stmt"/>
        <line num="266" count="126" type="cond" truecount="2" falsecount="0"/>
        <line num="267" count="113" type="stmt"/>
        <line num="270" count="13" type="stmt"/>
        <line num="275" count="15" type="stmt"/>
        <line num="276" count="15" type="stmt"/>
        <line num="277" count="120" type="cond" truecount="2" falsecount="2"/>
        <line num="278" count="0" type="stmt"/>
        <line num="279" count="15" type="stmt"/>
        <line num="284" count="2" type="stmt"/>
        <line num="289" count="2" type="cond" truecount="3" falsecount="1"/>
        <line num="290" count="2" type="stmt"/>
        <line num="292" count="0" type="cond" truecount="0" falsecount="2"/>
        <line num="298" count="205" type="stmt"/>
        <line num="312" count="72" type="stmt"/>
        <line num="313" count="72" type="stmt"/>
        <line num="315" count="72" type="stmt"/>
        <line num="316" count="78" type="cond" truecount="2" falsecount="0"/>
        <line num="317" count="72" type="stmt"/>
        <line num="322" count="78" type="stmt"/>
        <line num="323" count="78" type="stmt"/>
        <line num="324" count="78" type="stmt"/>
        <line num="325" count="78" type="stmt"/>
        <line num="331" count="72" type="stmt"/>
      </file>
    </package>
  </project>
</coverage>
