{"total": {"lines":{"total":6134,"covered":2761,"skipped":0,"pct":45.01},"statements":{"total":6488,"covered":2886,"skipped":0,"pct":44.48},"functions":{"total":850,"covered":435,"skipped":0,"pct":51.17},"branches":{"total":3466,"covered":1120,"skipped":0,"pct":32.31},"branchesTrue":{"total":0,"covered":0,"skipped":0,"pct":100}}
,"/home/runner/work/tsumego-hero/tsumego-hero/app/index.tsx": {"lines":{"total":11,"covered":9,"skipped":0,"pct":81.81},"functions":{"total":2,"covered":1,"skipped":0,"pct":50},"statements":{"total":11,"covered":9,"skipped":0,"pct":81.81},"branches":{"total":2,"covered":1,"skipped":0,"pct":50}}
,"/home/runner/work/tsumego-hero/tsumego-hero/app/queryClient.ts": {"lines":{"total":5,"covered":1,"skipped":0,"pct":20},"functions":{"total":2,"covered":0,"skipped":0,"pct":0},"statements":{"total":5,"covered":1,"skipped":0,"pct":20},"branches":{"total":4,"covered":0,"skipped":0,"pct":0}}
,"/home/runner/work/tsumego-hero/tsumego-hero/app/changelog/Changelog.tsx": {"lines":{"total":32,"covered":2,"skipped":0,"pct":6.25},"functions":{"total":12,"covered":0,"skipped":0,"pct":0},"statements":{"total":34,"covered":2,"skipped":0,"pct":5.88},"branches":{"total":11,"covered":0,"skipped":0,"pct":0}}
,"/home/runner/work/tsumego-hero/tsumego-hero/app/changelog/changelogCount.ts": {"lines":{"total":18,"covered":9,"skipped":0,"pct":50},"functions":{"total":6,"covered":2,"skipped":0,"pct":33.33},"statements":{"total":20,"covered":9,"skipped":0,"pct":45},"branches":{"total":10,"covered":5,"skipped":0,"pct":50}}
,"/home/runner/work/tsumego-hero/tsumego-hero/app/comments/Comment.tsx": {"lines":{"total":51,"covered":16,"skipped":0,"pct":31.37},"functions":{"total":9,"covered":3,"skipped":0,"pct":33.33},"statements":{"total":52,"covered":16,"skipped":0,"pct":30.76},"branches":{"total":34,"covered":22,"skipped":0,"pct":64.7}}
,"/home/runner/work/tsumego-hero/tsumego-hero/app/comments/CommentForm.tsx": {"lines":{"total":48,"covered":9,"skipped":0,"pct":18.75},"functions":{"total":12,"covered":4,"skipped":0,"pct":33.33},"statements":{"total":54,"covered":10,"skipped":0,"pct":18.51},"branches":{"total":36,"covered":14,"skipped":0,"pct":38.88}}
,"/home/runner/work/tsumego-hero/tsumego-hero/app/comments/CommentSection.tsx": {"lines":{"total":72,"covered":64,"skipped":0,"pct":88.88},"functions":{"total":19,"covered":14,"skipped":0,"pct":73.68},"statements":{"total":76,"covered":66,"skipped":0,"pct":86.84},"branches":{"total":72,"covered":51,"skipped":0,"pct":70.83}}
,"/home/runner/work/tsumego-hero/tsumego-hero/app/comments/CommentSkeleton.tsx": {"lines":{"total":2,"covered":2,"skipped":0,"pct":100},"functions":{"total":2,"covered":2,"skipped":0,"pct":100},"statements":{"total":2,"covered":2,"skipped":0,"pct":100},"branches":{"total":0,"covered":0,"skipped":0,"pct":100}}
,"/home/runner/work/tsumego-hero/tsumego-hero/app/comments/useComments.ts": {"lines":{"total":25,"covered":15,"skipped":0,"pct":60},"functions":{"total":14,"covered":7,"skipped":0,"pct":50},"statements":{"total":26,"covered":16,"skipped":0,"pct":61.53},"branches":{"total":8,"covered":1,"skipped":0,"pct":12.5}}
,"/home/runner/work/tsumego-hero/tsumego-hero/app/comments/useSortableDnD.ts": {"lines":{"total":103,"covered":18,"skipped":0,"pct":17.47},"functions":{"total":22,"covered":3,"skipped":0,"pct":13.63},"statements":{"total":105,"covered":18,"skipped":0,"pct":17.14},"branches":{"total":39,"covered":4,"skipped":0,"pct":10.25}}
,"/home/runner/work/tsumego-hero/tsumego-hero/app/home/RecentAchievements.tsx": {"lines":{"total":6,"covered":6,"skipped":0,"pct":100},"functions":{"total":3,"covered":3,"skipped":0,"pct":100},"statements":{"total":6,"covered":6,"skipped":0,"pct":100},"branches":{"total":0,"covered":0,"skipped":0,"pct":100}}
,"/home/runner/work/tsumego-hero/tsumego-hero/app/issues/Issue.tsx": {"lines":{"total":22,"covered":15,"skipped":0,"pct":68.18},"functions":{"total":10,"covered":6,"skipped":0,"pct":60},"statements":{"total":27,"covered":17,"skipped":0,"pct":62.96},"branches":{"total":32,"covered":22,"skipped":0,"pct":68.75}}
,"/home/runner/work/tsumego-hero/tsumego-hero/app/issues/IssueSkeleton.tsx": {"lines":{"total":2,"covered":2,"skipped":0,"pct":100},"functions":{"total":2,"covered":2,"skipped":0,"pct":100},"statements":{"total":2,"covered":2,"skipped":0,"pct":100},"branches":{"total":0,"covered":0,"skipped":0,"pct":100}}
,"/home/runner/work/tsumego-hero/tsumego-hero/app/issues/IssuesList.tsx": {"lines":{"total":48,"covered":20,"skipped":0,"pct":41.66},"functions":{"total":18,"covered":2,"skipped":0,"pct":11.11},"statements":{"total":48,"covered":20,"skipped":0,"pct":41.66},"branches":{"total":38,"covered":20,"skipped":0,"pct":52.63}}
,"/home/runner/work/tsumego-hero/tsumego-hero/app/issues/issueTypes.ts": {"lines":{"total":1,"covered":1,"skipped":0,"pct":100},"functions":{"total":0,"covered":0,"skipped":0,"pct":100},"statements":{"total":1,"covered":1,"skipped":0,"pct":100},"branches":{"total":0,"covered":0,"skipped":0,"pct":100}}
,"/home/runner/work/tsumego-hero/tsumego-hero/app/issues/useIssues.ts": {"lines":{"total":10,"covered":7,"skipped":0,"pct":70},"functions":{"total":6,"covered":3,"skipped":0,"pct":50},"statements":{"total":11,"covered":7,"skipped":0,"pct":63.63},"branches":{"total":2,"covered":0,"skipped":0,"pct":0}}
,"/home/runner/work/tsumego-hero/tsumego-hero/app/shared/AuthContext.tsx": {"lines":{"total":6,"covered":5,"skipped":0,"pct":83.33},"functions":{"total":2,"covered":2,"skipped":0,"pct":100},"statements":{"total":6,"covered":5,"skipped":0,"pct":83.33},"branches":{"total":1,"covered":0,"skipped":0,"pct":0}}
,"/home/runner/work/tsumego-hero/tsumego-hero/app/shared/ErrorBoundary.tsx": {"lines":{"total":10,"covered":4,"skipped":0,"pct":40},"functions":{"total":5,"covered":2,"skipped":0,"pct":40},"statements":{"total":10,"covered":4,"skipped":0,"pct":40},"branches":{"total":4,"covered":0,"skipped":0,"pct":0}}
,"/home/runner/work/tsumego-hero/tsumego-hero/app/shared/ErrorMessage.tsx": {"lines":{"total":1,"covered":0,"skipped":0,"pct":0},"functions":{"total":1,"covered":0,"skipped":0,"pct":0},"statements":{"total":1,"covered":0,"skipped":0,"pct":0},"branches":{"total":1,"covered":0,"skipped":0,"pct":0}}
,"/home/runner/work/tsumego-hero/tsumego-hero/app/shared/SkeletonElement.tsx": {"lines":{"total":1,"covered":1,"skipped":0,"pct":100},"functions":{"total":1,"covered":1,"skipped":0,"pct":100},"statements":{"total":1,"covered":1,"skipped":0,"pct":100},"branches":{"total":2,"covered":1,"skipped":0,"pct":50}}
,"/home/runner/work/tsumego-hero/tsumego-hero/app/shared/UserLink.tsx": {"lines":{"total":16,"covered":12,"skipped":0,"pct":75},"functions":{"total":4,"covered":4,"skipped":0,"pct":100},"statements":{"total":16,"covered":12,"skipped":0,"pct":75},"branches":{"total":13,"covered":7,"skipped":0,"pct":53.84}}
,"/home/runner/work/tsumego-hero/tsumego-hero/app/shared/api.ts": {"lines":{"total":21,"covered":8,"skipped":0,"pct":38.09},"functions":{"total":7,"covered":4,"skipped":0,"pct":57.14},"statements":{"total":22,"covered":8,"skipped":0,"pct":36.36},"branches":{"total":6,"covered":0,"skipped":0,"pct":0}}
,"/home/runner/work/tsumego-hero/tsumego-hero/app/shared/mountApp.tsx": {"lines":{"total":3,"covered":3,"skipped":0,"pct":100},"functions":{"total":2,"covered":2,"skipped":0,"pct":100},"statements":{"total":3,"covered":3,"skipped":0,"pct":100},"branches":{"total":6,"covered":5,"skipped":0,"pct":83.33}}
,"/home/runner/work/tsumego-hero/tsumego-hero/app/tags/TagEditor.tsx": {"lines":{"total":75,"covered":56,"skipped":0,"pct":74.66},"functions":{"total":37,"covered":25,"skipped":0,"pct":67.56},"statements":{"total":90,"covered":64,"skipped":0,"pct":71.11},"branches":{"total":83,"covered":46,"skipped":0,"pct":55.42}}
,"/home/runner/work/tsumego-hero/tsumego-hero/app/tags/api.ts": {"lines":{"total":3,"covered":1,"skipped":0,"pct":33.33},"functions":{"total":3,"covered":1,"skipped":0,"pct":33.33},"statements":{"total":3,"covered":1,"skipped":0,"pct":33.33},"branches":{"total":0,"covered":0,"skipped":0,"pct":100}}
,"/home/runner/work/tsumego-hero/tsumego-hero/webroot/FileSaver.min.js": {"lines":{"total":1,"covered":1,"skipped":0,"pct":100},"functions":{"total":17,"covered":2,"skipped":0,"pct":11.76},"statements":{"total":46,"covered":7,"skipped":0,"pct":15.21},"branches":{"total":79,"covered":12,"skipped":0,"pct":15.18}}
,"/home/runner/work/tsumego-hero/tsumego-hero/webroot/besogo/js/besogo.js": {"lines":{"total":432,"covered":237,"skipped":0,"pct":54.86},"functions":{"total":28,"covered":13,"skipped":0,"pct":46.42},"statements":{"total":449,"covered":242,"skipped":0,"pct":53.89},"branches":{"total":300,"covered":132,"skipped":0,"pct":44}}
,"/home/runner/work/tsumego-hero/tsumego-hero/webroot/besogo/js/boardDisplay.js": {"lines":{"total":434,"covered":256,"skipped":0,"pct":58.98},"functions":{"total":33,"covered":27,"skipped":0,"pct":81.81},"statements":{"total":460,"covered":274,"skipped":0,"pct":59.56},"branches":{"total":252,"covered":103,"skipped":0,"pct":40.87}}
,"/home/runner/work/tsumego-hero/tsumego-hero/webroot/besogo/js/commentPanel.js": {"lines":{"total":393,"covered":220,"skipped":0,"pct":55.97},"functions":{"total":51,"covered":21,"skipped":0,"pct":41.17},"statements":{"total":401,"covered":220,"skipped":0,"pct":54.86},"branches":{"total":118,"covered":30,"skipped":0,"pct":25.42}}
,"/home/runner/work/tsumego-hero/tsumego-hero/webroot/besogo/js/controlPanel.js": {"lines":{"total":50,"covered":35,"skipped":0,"pct":70},"functions":{"total":12,"covered":6,"skipped":0,"pct":50},"statements":{"total":54,"covered":36,"skipped":0,"pct":66.66},"branches":{"total":14,"covered":8,"skipped":0,"pct":57.14}}
,"/home/runner/work/tsumego-hero/tsumego-hero/webroot/besogo/js/cookieUtil.js": {"lines":{"total":12,"covered":2,"skipped":0,"pct":16.66},"functions":{"total":2,"covered":1,"skipped":0,"pct":50},"statements":{"total":13,"covered":2,"skipped":0,"pct":15.38},"branches":{"total":2,"covered":0,"skipped":0,"pct":0}}
,"/home/runner/work/tsumego-hero/tsumego-hero/webroot/besogo/js/coord.js": {"lines":{"total":80,"covered":16,"skipped":0,"pct":20},"functions":{"total":10,"covered":3,"skipped":0,"pct":30},"statements":{"total":80,"covered":16,"skipped":0,"pct":20},"branches":{"total":18,"covered":0,"skipped":0,"pct":0}}
,"/home/runner/work/tsumego-hero/tsumego-hero/webroot/besogo/js/diffInfo.js": {"lines":{"total":12,"covered":6,"skipped":0,"pct":50},"functions":{"total":3,"covered":0,"skipped":0,"pct":0},"statements":{"total":12,"covered":6,"skipped":0,"pct":50},"branches":{"total":1,"covered":0,"skipped":0,"pct":0}}
,"/home/runner/work/tsumego-hero/tsumego-hero/webroot/besogo/js/editor.js": {"lines":{"total":747,"covered":224,"skipped":0,"pct":29.98},"functions":{"total":81,"covered":44,"skipped":0,"pct":54.32},"statements":{"total":823,"covered":256,"skipped":0,"pct":31.1},"branches":{"total":577,"covered":130,"skipped":0,"pct":22.53}}
,"/home/runner/work/tsumego-hero/tsumego-hero/webroot/besogo/js/filePanel.js": {"lines":{"total":134,"covered":26,"skipped":0,"pct":19.4},"functions":{"total":17,"covered":3,"skipped":0,"pct":17.64},"statements":{"total":138,"covered":26,"skipped":0,"pct":18.84},"branches":{"total":51,"covered":11,"skipped":0,"pct":21.56}}
,"/home/runner/work/tsumego-hero/tsumego-hero/webroot/besogo/js/gameRoot.js": {"lines":{"total":535,"covered":295,"skipped":0,"pct":55.14},"functions":{"total":69,"covered":46,"skipped":0,"pct":66.66},"statements":{"total":577,"covered":317,"skipped":0,"pct":54.93},"branches":{"total":305,"covered":125,"skipped":0,"pct":40.98}}
,"/home/runner/work/tsumego-hero/tsumego-hero/webroot/besogo/js/loadSgf.js": {"lines":{"total":149,"covered":74,"skipped":0,"pct":49.66},"functions":{"total":8,"covered":7,"skipped":0,"pct":87.5},"statements":{"total":150,"covered":74,"skipped":0,"pct":49.33},"branches":{"total":89,"covered":26,"skipped":0,"pct":29.21}}
,"/home/runner/work/tsumego-hero/tsumego-hero/webroot/besogo/js/nodeHashTable.js": {"lines":{"total":33,"covered":26,"skipped":0,"pct":78.78},"functions":{"total":5,"covered":4,"skipped":0,"pct":80},"statements":{"total":35,"covered":28,"skipped":0,"pct":80},"branches":{"total":10,"covered":7,"skipped":0,"pct":70}}
,"/home/runner/work/tsumego-hero/tsumego-hero/webroot/besogo/js/parseSgf.js": {"lines":{"total":81,"covered":58,"skipped":0,"pct":71.6},"functions":{"total":10,"covered":9,"skipped":0,"pct":90},"statements":{"total":81,"covered":58,"skipped":0,"pct":71.6},"branches":{"total":42,"covered":24,"skipped":0,"pct":57.14}}
,"/home/runner/work/tsumego-hero/tsumego-hero/webroot/besogo/js/saveSgf.js": {"lines":{"total":88,"covered":1,"skipped":0,"pct":1.13},"functions":{"total":8,"covered":0,"skipped":0,"pct":0},"statements":{"total":88,"covered":1,"skipped":0,"pct":1.13},"branches":{"total":76,"covered":0,"skipped":0,"pct":0}}
,"/home/runner/work/tsumego-hero/tsumego-hero/webroot/besogo/js/scaleParameters.js": {"lines":{"total":74,"covered":65,"skipped":0,"pct":87.83},"functions":{"total":15,"covered":14,"skipped":0,"pct":93.33},"statements":{"total":76,"covered":67,"skipped":0,"pct":88.15},"branches":{"total":28,"covered":24,"skipped":0,"pct":85.71}}
,"/home/runner/work/tsumego-hero/tsumego-hero/webroot/besogo/js/status.js": {"lines":{"total":241,"covered":77,"skipped":0,"pct":31.95},"functions":{"total":26,"covered":8,"skipped":0,"pct":30.76},"statements":{"total":241,"covered":77,"skipped":0,"pct":31.95},"branches":{"total":179,"covered":26,"skipped":0,"pct":14.52}}
,"/home/runner/work/tsumego-hero/tsumego-hero/webroot/besogo/js/svgUtil.js": {"lines":{"total":81,"covered":61,"skipped":0,"pct":75.3},"functions":{"total":15,"covered":9,"skipped":0,"pct":60},"statements":{"total":81,"covered":61,"skipped":0,"pct":75.3},"branches":{"total":30,"covered":16,"skipped":0,"pct":53.33}}
,"/home/runner/work/tsumego-hero/tsumego-hero/webroot/besogo/js/toolPanel.js": {"lines":{"total":675,"covered":143,"skipped":0,"pct":21.18},"functions":{"total":81,"covered":12,"skipped":0,"pct":14.81},"statements":{"total":703,"covered":147,"skipped":0,"pct":20.91},"branches":{"total":313,"covered":57,"skipped":0,"pct":18.21}}
,"/home/runner/work/tsumego-hero/tsumego-hero/webroot/besogo/js/transformation.js": {"lines":{"total":24,"covered":22,"skipped":0,"pct":91.66},"functions":{"total":3,"covered":3,"skipped":0,"pct":100},"statements":{"total":24,"covered":22,"skipped":0,"pct":91.66},"branches":{"total":10,"covered":8,"skipped":0,"pct":80}}
,"/home/runner/work/tsumego-hero/tsumego-hero/webroot/besogo/js/treePanel.js": {"lines":{"total":128,"covered":99,"skipped":0,"pct":77.34},"functions":{"total":16,"covered":11,"skipped":0,"pct":68.75},"statements":{"total":130,"covered":99,"skipped":0,"pct":76.15},"branches":{"total":53,"covered":29,"skipped":0,"pct":54.71}}
,"/home/runner/work/tsumego-hero/tsumego-hero/webroot/besogo/js/treeProblemUpdater.js": {"lines":{"total":169,"covered":109,"skipped":0,"pct":64.49},"functions":{"total":10,"covered":9,"skipped":0,"pct":90},"statements":{"total":183,"covered":122,"skipped":0,"pct":66.66},"branches":{"total":101,"covered":51,"skipped":0,"pct":50.49}}
,"/home/runner/work/tsumego-hero/tsumego-hero/webroot/js/AccountWidget.js": {"lines":{"total":101,"covered":85,"skipped":0,"pct":84.15},"functions":{"total":14,"covered":12,"skipped":0,"pct":85.71},"statements":{"total":102,"covered":85,"skipped":0,"pct":83.33},"branches":{"total":34,"covered":22,"skipped":0,"pct":64.7}}
,"/home/runner/work/tsumego-hero/tsumego-hero/webroot/js/AchievementAlerts.js": {"lines":{"total":33,"covered":31,"skipped":0,"pct":93.93},"functions":{"total":2,"covered":1,"skipped":0,"pct":50},"statements":{"total":33,"covered":31,"skipped":0,"pct":93.93},"branches":{"total":2,"covered":1,"skipped":0,"pct":50}}
,"/home/runner/work/tsumego-hero/tsumego-hero/webroot/js/BoardSelector.js": {"lines":{"total":31,"covered":31,"skipped":0,"pct":100},"functions":{"total":10,"covered":10,"skipped":0,"pct":100},"statements":{"total":31,"covered":31,"skipped":0,"pct":100},"branches":{"total":12,"covered":12,"skipped":0,"pct":100}}
,"/home/runner/work/tsumego-hero/tsumego-hero/webroot/js/Rating.js": {"lines":{"total":10,"covered":8,"skipped":0,"pct":80},"functions":{"total":4,"covered":4,"skipped":0,"pct":100},"statements":{"total":10,"covered":8,"skipped":0,"pct":80},"branches":{"total":6,"covered":4,"skipped":0,"pct":66.66}}
,"/home/runner/work/tsumego-hero/tsumego-hero/webroot/js/RatingModeDifficultySelector.js": {"lines":{"total":12,"covered":10,"skipped":0,"pct":83.33},"functions":{"total":3,"covered":2,"skipped":0,"pct":66.66},"statements":{"total":12,"covered":10,"skipped":0,"pct":83.33},"branches":{"total":0,"covered":0,"skipped":0,"pct":100}}
,"/home/runner/work/tsumego-hero/tsumego-hero/webroot/js/TimeModeTimer.js": {"lines":{"total":19,"covered":19,"skipped":0,"pct":100},"functions":{"total":5,"covered":5,"skipped":0,"pct":100},"statements":{"total":20,"covered":20,"skipped":0,"pct":100},"branches":{"total":2,"covered":2,"skipped":0,"pct":100}}
,"/home/runner/work/tsumego-hero/tsumego-hero/webroot/js/XPStatus.js": {"lines":{"total":75,"covered":64,"skipped":0,"pct":85.33},"functions":{"total":10,"covered":10,"skipped":0,"pct":100},"statements":{"total":75,"covered":64,"skipped":0,"pct":85.33},"branches":{"total":30,"covered":20,"skipped":0,"pct":66.66}}
,"/home/runner/work/tsumego-hero/tsumego-hero/webroot/js/dark.js": {"lines":{"total":15,"covered":7,"skipped":0,"pct":46.66},"functions":{"total":3,"covered":2,"skipped":0,"pct":66.66},"statements":{"total":15,"covered":7,"skipped":0,"pct":46.66},"branches":{"total":10,"covered":2,"skipped":0,"pct":20}}
,"/home/runner/work/tsumego-hero/tsumego-hero/webroot/js/multipleChoice.js": {"lines":{"total":308,"covered":0,"skipped":0,"pct":0},"functions":{"total":1,"covered":0,"skipped":0,"pct":0},"statements":{"total":326,"covered":0,"skipped":0,"pct":0},"branches":{"total":144,"covered":0,"skipped":0,"pct":0}}
,"/home/runner/work/tsumego-hero/tsumego-hero/webroot/js/multipleChoiceCustom.js": {"lines":{"total":23,"covered":0,"skipped":0,"pct":0},"functions":{"total":1,"covered":0,"skipped":0,"pct":0},"statements":{"total":23,"covered":0,"skipped":0,"pct":0},"branches":{"total":12,"covered":0,"skipped":0,"pct":0}}
,"/home/runner/work/tsumego-hero/tsumego-hero/webroot/js/previewBoard.js": {"lines":{"total":66,"covered":5,"skipped":0,"pct":7.57},"functions":{"total":8,"covered":2,"skipped":0,"pct":25},"statements":{"total":67,"covered":5,"skipped":0,"pct":7.46},"branches":{"total":40,"covered":1,"skipped":0,"pct":2.5}}
,"/home/runner/work/tsumego-hero/tsumego-hero/webroot/js/previewZoom.js": {"lines":{"total":32,"covered":12,"skipped":0,"pct":37.5},"functions":{"total":10,"covered":3,"skipped":0,"pct":30},"statements":{"total":38,"covered":13,"skipped":0,"pct":34.21},"branches":{"total":17,"covered":4,"skipped":0,"pct":23.52}}
,"/home/runner/work/tsumego-hero/tsumego-hero/webroot/js/scoreEstimatingCustom.js": {"lines":{"total":49,"covered":0,"skipped":0,"pct":0},"functions":{"total":2,"covered":0,"skipped":0,"pct":0},"statements":{"total":50,"covered":0,"skipped":0,"pct":0},"branches":{"total":40,"covered":0,"skipped":0,"pct":0}}
,"/home/runner/work/tsumego-hero/tsumego-hero/webroot/js/set-view.js": {"lines":{"total":25,"covered":8,"skipped":0,"pct":32},"functions":{"total":5,"covered":2,"skipped":0,"pct":40},"statements":{"total":25,"covered":8,"skipped":0,"pct":32},"branches":{"total":14,"covered":2,"skipped":0,"pct":14.28}}
,"/home/runner/work/tsumego-hero/tsumego-hero/webroot/js/setProgress.js": {"lines":{"total":20,"covered":19,"skipped":0,"pct":95},"functions":{"total":4,"covered":4,"skipped":0,"pct":100},"statements":{"total":21,"covered":20,"skipped":0,"pct":95.23},"branches":{"total":14,"covered":12,"skipped":0,"pct":85.71}}
,"/home/runner/work/tsumego-hero/tsumego-hero/webroot/js/util.js": {"lines":{"total":150,"covered":123,"skipped":0,"pct":82},"functions":{"total":47,"covered":33,"skipped":0,"pct":70.21},"statements":{"total":163,"covered":126,"skipped":0,"pct":77.3},"branches":{"total":37,"covered":20,"skipped":0,"pct":54.05}}
}
