<?xml version="1.0" encoding="UTF-8"?>
<coverage generated="1788592833">
  <project timestamp="1788592833">
    <file name="/home/runner/work/tsumego-hero/tsumego-hero/src/Attribute/HttpDelete.php">
      <class name="App\Attribute\HttpDelete" namespace="global">
        <metrics complexity="0" methods="0" coveredmethods="0" conditionals="0" coveredconditionals="0" statements="0" coveredstatements="0" elements="0" coveredelements="0"/>
      </class>
      <metrics loc="15" ncloc="9" classes="0" methods="0" coveredmethods="0" conditionals="0" coveredconditionals="0" statements="0" coveredstatements="0" elements="0" coveredelements="0"/>
    </file>
    <file name="/home/runner/work/tsumego-hero/tsumego-hero/src/Attribute/HttpGet.php">
      <class name="App\Attribute\HttpGet" namespace="global">
        <metrics complexity="0" methods="0" coveredmethods="0" conditionals="0" coveredconditionals="0" statements="0" coveredstatements="0" elements="0" coveredelements="0"/>
      </class>
      <metrics loc="15" ncloc="9" classes="0" methods="0" coveredmethods="0" conditionals="0" coveredconditionals="0" statements="0" coveredstatements="0" elements="0" coveredelements="0"/>
    </file>
    <file name="/home/runner/work/tsumego-hero/tsumego-hero/src/Attribute/HttpPatch.php">
      <class name="App\Attribute\HttpPatch" namespace="global">
        <metrics complexity="0" methods="0" coveredmethods="0" conditionals="0" coveredconditionals="0" statements="0" coveredstatements="0" elements="0" coveredelements="0"/>
      </class>
      <metrics loc="15" ncloc="9" classes="0" methods="0" coveredmethods="0" conditionals="0" coveredconditionals="0" statements="0" coveredstatements="0" elements="0" coveredelements="0"/>
    </file>
    <file name="/home/runner/work/tsumego-hero/tsumego-hero/src/Attribute/HttpPost.php">
      <class name="App\Attribute\HttpPost" namespace="global">
        <metrics complexity="0" methods="0" coveredmethods="0" conditionals="0" coveredconditionals="0" statements="0" coveredstatements="0" elements="0" coveredelements="0"/>
      </class>
      <metrics loc="15" ncloc="9" classes="0" methods="0" coveredmethods="0" conditionals="0" coveredconditionals="0" statements="0" coveredstatements="0" elements="0" coveredelements="0"/>
    </file>
    <file name="/home/runner/work/tsumego-hero/tsumego-hero/src/Attribute/HttpPut.php">
      <class name="App\Attribute\HttpPut" namespace="global">
        <metrics complexity="0" methods="0" coveredmethods="0" conditionals="0" coveredconditionals="0" statements="0" coveredstatements="0" elements="0" coveredelements="0"/>
      </class>
      <metrics loc="15" ncloc="9" classes="0" methods="0" coveredmethods="0" conditionals="0" coveredconditionals="0" statements="0" coveredstatements="0" elements="0" coveredelements="0"/>
    </file>
    <file name="/home/runner/work/tsumego-hero/tsumego-hero/src/Controller/AchievementsController.php">
      <class name="AchievementsController" namespace="global">
        <metrics complexity="24" methods="4" coveredmethods="2" conditionals="0" coveredconditionals="0" statements="85" coveredstatements="80" elements="89" coveredelements="82"/>
      </class>
      <line num="3" type="stmt" count="2"/>
      <line num="10" type="method" name="index" visibility="public" complexity="2" crap="2" count="4"/>
      <line num="12" type="stmt" count="4"/>
      <line num="19" type="method" name="user" visibility="public" complexity="2" crap="2" count="5"/>
      <line num="21" type="stmt" count="5"/>
      <line num="22" type="stmt" count="5"/>
      <line num="23" type="stmt" count="1"/>
      <line num="25" type="stmt" count="4"/>
      <line num="26" type="stmt" count="4"/>
      <line num="33" type="method" name="renderAchievementsPage" visibility="private" complexity="8" crap="8.21" count="7"/>
      <line num="35" type="stmt" count="7"/>
      <line num="36" type="stmt" count="7"/>
      <line num="37" type="stmt" count="7"/>
      <line num="38" type="stmt" count="7"/>
      <line num="39" type="stmt" count="7"/>
      <line num="41" type="stmt" count="7"/>
      <line num="42" type="stmt" count="7"/>
      <line num="43" type="stmt" count="0"/>
      <line num="45" type="stmt" count="7"/>
      <line num="47" type="stmt" count="6"/>
      <line num="48" type="stmt" count="6"/>
      <line num="49" type="stmt" count="6"/>
      <line num="50" type="stmt" count="0"/>
      <line num="52" type="stmt" count="6"/>
      <line num="53" type="stmt" count="6"/>
      <line num="56" type="stmt" count="7"/>
      <line num="57" type="stmt" count="7"/>
      <line num="59" type="stmt" count="7"/>
      <line num="60" type="stmt" count="7"/>
      <line num="61" type="stmt" count="7"/>
      <line num="63" type="stmt" count="6"/>
      <line num="65" type="stmt" count="0"/>
      <line num="66" type="stmt" count="0"/>
      <line num="68" type="stmt" count="6"/>
      <line num="69" type="stmt" count="6"/>
      <line num="72" type="stmt" count="7"/>
      <line num="73" type="stmt" count="7"/>
      <line num="80" type="method" name="view" visibility="public" complexity="12" crap="12" count="7"/>
      <line num="82" type="stmt" count="7"/>
      <line num="83" type="stmt" count="7"/>
      <line num="84" type="stmt" count="7"/>
      <line num="85" type="stmt" count="7"/>
      <line num="86" type="stmt" count="7"/>
      <line num="87" type="stmt" count="7"/>
      <line num="88" type="stmt" count="7"/>
      <line num="89" type="stmt" count="0"/>
      <line num="91" type="stmt" count="7"/>
      <line num="92" type="stmt" count="7"/>
      <line num="93" type="stmt" count="7"/>
      <line num="94" type="stmt" count="7"/>
      <line num="95" type="stmt" count="7"/>
      <line num="96" type="stmt" count="7"/>
      <line num="97" type="stmt" count="7"/>
      <line num="98" type="stmt" count="3"/>
      <line num="99" type="stmt" count="7"/>
      <line num="100" type="stmt" count="5"/>
      <line num="101" type="stmt" count="7"/>
      <line num="102" type="stmt" count="7"/>
      <line num="103" type="stmt" count="7"/>
      <line num="104" type="stmt" count="4"/>
      <line num="105" type="stmt" count="4"/>
      <line num="106" type="stmt" count="7"/>
      <line num="107" type="stmt" count="4"/>
      <line num="108" type="stmt" count="7"/>
      <line num="109" type="stmt" count="7"/>
      <line num="110" type="stmt" count="7"/>
      <line num="111" type="stmt" count="7"/>
      <line num="113" type="stmt" count="7"/>
      <line num="114" type="stmt" count="7"/>
      <line num="115" type="stmt" count="7"/>
      <line num="117" type="stmt" count="5"/>
      <line num="118" type="stmt" count="5"/>
      <line num="120" type="stmt" count="3"/>
      <line num="121" type="stmt" count="3"/>
      <line num="122" type="stmt" count="3"/>
      <line num="123" type="stmt" count="3"/>
      <line num="124" type="stmt" count="3"/>
      <line num="125" type="stmt" count="3"/>
      <line num="126" type="stmt" count="3"/>
      <line num="127" type="stmt" count="2"/>
      <line num="128" type="stmt" count="3"/>
      <line num="132" type="stmt" count="7"/>
      <line num="133" type="stmt" count="7"/>
      <line num="134" type="stmt" count="7"/>
      <line num="135" type="stmt" count="7"/>
      <line num="136" type="stmt" count="7"/>
      <line num="137" type="stmt" count="7"/>
      <line num="138" type="stmt" count="7"/>
      <line num="139" type="stmt" count="7"/>
      <line num="140" type="stmt" count="7"/>
      <metrics loc="144" ncloc="129" classes="1" methods="4" coveredmethods="2" conditionals="0" coveredconditionals="0" statements="86" coveredstatements="81" elements="90" coveredelements="83"/>
    </file>
    <file name="/home/runner/work/tsumego-hero/tsumego-hero/src/Controller/AppController.php">
      <class name="AppController" namespace="global">
        <metrics complexity="124" methods="14" coveredmethods="7" conditionals="0" coveredconditionals="0" statements="310" coveredstatements="267" elements="324" coveredelements="274"/>
      </class>
      <line num="3" type="stmt" count="2"/>
      <line num="4" type="stmt" count="2"/>
      <line num="5" type="stmt" count="2"/>
      <line num="6" type="stmt" count="2"/>
      <line num="7" type="stmt" count="2"/>
      <line num="8" type="stmt" count="2"/>
      <line num="28" type="method" name="handleContribution" visibility="public" complexity="2" crap="2" count="1"/>
      <line num="30" type="stmt" count="1"/>
      <line num="31" type="stmt" count="1"/>
      <line num="33" type="stmt" count="1"/>
      <line num="34" type="stmt" count="1"/>
      <line num="35" type="stmt" count="1"/>
      <line num="36" type="stmt" count="1"/>
      <line num="37" type="stmt" count="1"/>
      <line num="38" type="stmt" count="1"/>
      <line num="39" type="stmt" count="1"/>
      <line num="41" type="stmt" count="1"/>
      <line num="42" type="stmt" count="1"/>
      <line num="43" type="stmt" count="1"/>
      <line num="44" type="stmt" count="1"/>
      <line num="45" type="stmt" count="1"/>
      <line num="46" type="stmt" count="1"/>
      <line num="49" type="method" name="getAllTags" visibility="public" complexity="1" crap="1" count="5"/>
      <line num="51" type="stmt" count="5"/>
      <line num="54" type="method" name="checkPictureLarge" visibility="protected" complexity="3" crap="3.33" count="1"/>
      <line num="56" type="stmt" count="1"/>
      <line num="57" type="stmt" count="0"/>
      <line num="59" type="stmt" count="1"/>
      <line num="61" type="method" name="checkPicture" visibility="public" complexity="3" crap="3" count="294"/>
      <line num="63" type="stmt" count="294"/>
      <line num="64" type="stmt" count="3"/>
      <line num="66" type="stmt" count="292"/>
      <line num="69" type="method" name="saveDanSolveCondition" visibility="public" complexity="7" crap="7" count="24"/>
      <line num="71" type="stmt" count="24"/>
      <line num="73" type="stmt" count="1"/>
      <line num="74" type="stmt" count="1"/>
      <line num="75" type="stmt" count="1"/>
      <line num="76" type="stmt" count="1"/>
      <line num="77" type="stmt" count="1"/>
      <line num="78" type="stmt" count="1"/>
      <line num="79" type="stmt" count="1"/>
      <line num="80" type="stmt" count="1"/>
      <line num="81" type="stmt" count="1"/>
      <line num="83" type="stmt" count="1"/>
      <line num="84" type="stmt" count="1"/>
      <line num="85" type="stmt" count="1"/>
      <line num="87" type="stmt" count="1"/>
      <line num="88" type="stmt" count="1"/>
      <line num="89" type="stmt" count="1"/>
      <line num="91" type="stmt" count="1"/>
      <line num="95" type="method" name="updateSprintCondition" visibility="public" complexity="4" crap="4" count="337"/>
      <line num="97" type="stmt" count="337"/>
      <line num="99" type="stmt" count="287"/>
      <line num="100" type="stmt" count="287"/>
      <line num="101" type="stmt" count="287"/>
      <line num="102" type="stmt" count="287"/>
      <line num="103" type="stmt" count="287"/>
      <line num="104" type="stmt" count="287"/>
      <line num="105" type="stmt" count="287"/>
      <line num="106" type="stmt" count="287"/>
      <line num="108" type="stmt" count="285"/>
      <line num="109" type="stmt" count="285"/>
      <line num="110" type="stmt" count="285"/>
      <line num="112" type="stmt" count="287"/>
      <line num="113" type="stmt" count="287"/>
      <line num="114" type="stmt" count="287"/>
      <line num="115" type="stmt" count="4"/>
      <line num="117" type="stmt" count="284"/>
      <line num="118" type="stmt" count="287"/>
      <line num="122" type="method" name="updateGoldenCondition" visibility="public" complexity="3" crap="3.00" count="3"/>
      <line num="124" type="stmt" count="3"/>
      <line num="125" type="stmt" count="3"/>
      <line num="126" type="stmt" count="3"/>
      <line num="127" type="stmt" count="3"/>
      <line num="128" type="stmt" count="3"/>
      <line num="129" type="stmt" count="3"/>
      <line num="130" type="stmt" count="3"/>
      <line num="131" type="stmt" count="3"/>
      <line num="133" type="stmt" count="3"/>
      <line num="134" type="stmt" count="3"/>
      <line num="135" type="stmt" count="3"/>
      <line num="137" type="stmt" count="3"/>
      <line num="138" type="stmt" count="3"/>
      <line num="139" type="stmt" count="3"/>
      <line num="140" type="stmt" count="3"/>
      <line num="142" type="stmt" count="0"/>
      <line num="143" type="stmt" count="3"/>
      <line num="146" type="method" name="updatePotionCondition" visibility="public" complexity="2" crap="2" count="2"/>
      <line num="148" type="stmt" count="2"/>
      <line num="149" type="stmt" count="2"/>
      <line num="150" type="stmt" count="2"/>
      <line num="151" type="stmt" count="2"/>
      <line num="152" type="stmt" count="2"/>
      <line num="153" type="stmt" count="2"/>
      <line num="154" type="stmt" count="2"/>
      <line num="156" type="stmt" count="2"/>
      <line num="157" type="stmt" count="2"/>
      <line num="158" type="stmt" count="2"/>
      <line num="160" type="stmt" count="2"/>
      <line num="161" type="stmt" count="2"/>
      <line num="162" type="stmt" count="2"/>
      <line num="163" type="stmt" count="2"/>
      <line num="166" type="method" name="updateGems" visibility="public" complexity="47" crap="91.26" count="29"/>
      <line num="168" type="stmt" count="29"/>
      <line num="169" type="stmt" count="29"/>
      <line num="170" type="stmt" count="29"/>
      <line num="171" type="stmt" count="29"/>
      <line num="173" type="stmt" count="5"/>
      <line num="174" type="stmt" count="5"/>
      <line num="175" type="stmt" count="5"/>
      <line num="176" type="stmt" count="5"/>
      <line num="177" type="stmt" count="5"/>
      <line num="178" type="stmt" count="5"/>
      <line num="179" type="stmt" count="5"/>
      <line num="180" type="stmt" count="5"/>
      <line num="181" type="stmt" count="5"/>
      <line num="182" type="stmt" count="5"/>
      <line num="184" type="stmt" count="5"/>
      <line num="186" type="stmt" count="5"/>
      <line num="187" type="stmt" count="5"/>
      <line num="188" type="stmt" count="0"/>
      <line num="189" type="stmt" count="0"/>
      <line num="190" type="stmt" count="0"/>
      <line num="191" type="stmt" count="0"/>
      <line num="192" type="stmt" count="5"/>
      <line num="194" type="stmt" count="4"/>
      <line num="195" type="stmt" count="4"/>
      <line num="196" type="stmt" count="4"/>
      <line num="197" type="stmt" count="2"/>
      <line num="200" type="stmt" count="2"/>
      <line num="202" type="stmt" count="2"/>
      <line num="204" type="stmt" count="2"/>
      <line num="205" type="stmt" count="2"/>
      <line num="206" type="stmt" count="2"/>
      <line num="208" type="stmt" count="0"/>
      <line num="210" type="stmt" count="0"/>
      <line num="211" type="stmt" count="0"/>
      <line num="212" type="stmt" count="0"/>
      <line num="214" type="stmt" count="0"/>
      <line num="216" type="stmt" count="0"/>
      <line num="217" type="stmt" count="0"/>
      <line num="218" type="stmt" count="0"/>
      <line num="220" type="stmt" count="2"/>
      <line num="222" type="stmt" count="1"/>
      <line num="223" type="stmt" count="1"/>
      <line num="224" type="stmt" count="1"/>
      <line num="225" type="stmt" count="0"/>
      <line num="228" type="stmt" count="1"/>
      <line num="230" type="stmt" count="1"/>
      <line num="232" type="stmt" count="1"/>
      <line num="233" type="stmt" count="1"/>
      <line num="234" type="stmt" count="1"/>
      <line num="236" type="stmt" count="0"/>
      <line num="238" type="stmt" count="0"/>
      <line num="239" type="stmt" count="0"/>
      <line num="240" type="stmt" count="0"/>
      <line num="242" type="stmt" count="0"/>
      <line num="244" type="stmt" count="0"/>
      <line num="245" type="stmt" count="0"/>
      <line num="246" type="stmt" count="0"/>
      <line num="248" type="stmt" count="1"/>
      <line num="250" type="stmt" count="1"/>
      <line num="251" type="stmt" count="1"/>
      <line num="252" type="stmt" count="1"/>
      <line num="253" type="stmt" count="0"/>
      <line num="258" type="stmt" count="5"/>
      <line num="260" type="stmt" count="4"/>
      <line num="261" type="stmt" count="4"/>
      <line num="263" type="stmt" count="2"/>
      <line num="264" type="stmt" count="2"/>
      <line num="265" type="stmt" count="2"/>
      <line num="266" type="stmt" count="2"/>
      <line num="267" type="stmt" count="2"/>
      <line num="268" type="stmt" count="2"/>
      <line num="269" type="stmt" count="2"/>
      <line num="270" type="stmt" count="2"/>
      <line num="272" type="stmt" count="1"/>
      <line num="273" type="stmt" count="1"/>
      <line num="274" type="stmt" count="1"/>
      <line num="275" type="stmt" count="1"/>
      <line num="276" type="stmt" count="1"/>
      <line num="279" type="stmt" count="1"/>
      <line num="282" type="stmt" count="4"/>
      <line num="283" type="stmt" count="3"/>
      <line num="292" type="method" name="handleSearchSettings" visibility="protected" complexity="2" crap="2" count="288"/>
      <line num="294" type="stmt" count="288"/>
      <line num="295" type="stmt" count="288"/>
      <line num="296" type="stmt" count="288"/>
      <line num="298" type="stmt" count="280"/>
      <line num="299" type="stmt" count="280"/>
      <line num="300" type="stmt" count="280"/>
      <line num="301" type="stmt" count="280"/>
      <line num="302" type="stmt" count="280"/>
      <line num="303" type="stmt" count="280"/>
      <line num="304" type="stmt" count="280"/>
      <line num="305" type="stmt" count="280"/>
      <line num="307" type="stmt" count="288"/>
      <line num="310" type="method" name="signIn" visibility="protected" complexity="2" crap="2.06" count="3"/>
      <line num="312" type="stmt" count="3"/>
      <line num="313" type="stmt" count="3"/>
      <line num="314" type="stmt" count="3"/>
      <line num="315" type="stmt" count="0"/>
      <line num="323" type="method" name="enforceHttpMethodAttribute" visibility="protected" complexity="7" crap="7.11" count="338"/>
      <line num="325" type="stmt" count="338"/>
      <line num="326" type="stmt" count="338"/>
      <line num="327" type="stmt" count="5"/>
      <line num="329" type="stmt" count="334"/>
      <line num="330" type="stmt" count="334"/>
      <line num="331" type="stmt" count="334"/>
      <line num="333" type="stmt" count="114"/>
      <line num="334" type="stmt" count="114"/>
      <line num="335" type="stmt" count="114"/>
      <line num="336" type="stmt" count="114"/>
      <line num="337" type="stmt" count="114"/>
      <line num="338" type="stmt" count="114"/>
      <line num="339" type="stmt" count="114"/>
      <line num="340" type="stmt" count="114"/>
      <line num="341" type="stmt" count="114"/>
      <line num="342" type="stmt" count="114"/>
      <line num="343" type="stmt" count="114"/>
      <line num="345" type="stmt" count="334"/>
      <line num="346" type="stmt" count="223"/>
      <line num="348" type="stmt" count="114"/>
      <line num="350" type="stmt" count="0"/>
      <line num="351" type="stmt" count="0"/>
      <line num="352" type="stmt" count="0"/>
      <line num="356" type="method" name="beforeFilter" visibility="public" complexity="34" crap="34.53" count="338"/>
      <line num="358" type="stmt" count="338"/>
      <line num="359" type="stmt" count="338"/>
      <line num="360" type="stmt" count="338"/>
      <line num="361" type="stmt" count="338"/>
      <line num="362" type="stmt" count="338"/>
      <line num="363" type="stmt" count="338"/>
      <line num="364" type="stmt" count="338"/>
      <line num="365" type="stmt" count="338"/>
      <line num="366" type="stmt" count="338"/>
      <line num="367" type="stmt" count="338"/>
      <line num="368" type="stmt" count="338"/>
      <line num="369" type="stmt" count="338"/>
      <line num="370" type="stmt" count="338"/>
      <line num="372" type="stmt" count="338"/>
      <line num="373" type="stmt" count="338"/>
      <line num="375" type="stmt" count="338"/>
      <line num="376" type="stmt" count="338"/>
      <line num="377" type="stmt" count="338"/>
      <line num="378" type="stmt" count="338"/>
      <line num="379" type="stmt" count="338"/>
      <line num="381" type="stmt" count="338"/>
      <line num="383" type="stmt" count="288"/>
      <line num="384" type="stmt" count="0"/>
      <line num="385" type="stmt" count="288"/>
      <line num="386" type="stmt" count="0"/>
      <line num="387" type="stmt" count="288"/>
      <line num="388" type="stmt" count="2"/>
      <line num="389" type="stmt" count="288"/>
      <line num="390" type="stmt" count="0"/>
      <line num="391" type="stmt" count="288"/>
      <line num="392" type="stmt" count="3"/>
      <line num="394" type="stmt" count="288"/>
      <line num="396" type="stmt" count="0"/>
      <line num="397" type="stmt" count="0"/>
      <line num="399" type="stmt" count="288"/>
      <line num="402" type="stmt" count="338"/>
      <line num="404" type="stmt" count="1"/>
      <line num="405" type="stmt" count="1"/>
      <line num="408" type="stmt" count="1"/>
      <line num="409" type="stmt" count="1"/>
      <line num="412" type="stmt" count="338"/>
      <line num="413" type="stmt" count="288"/>
      <line num="414" type="stmt" count="288"/>
      <line num="415" type="stmt" count="288"/>
      <line num="417" type="stmt" count="0"/>
      <line num="419" type="stmt" count="338"/>
      <line num="421" type="stmt" count="288"/>
      <line num="422" type="stmt" count="288"/>
      <line num="424" type="stmt" count="1"/>
      <line num="425" type="stmt" count="1"/>
      <line num="427" type="stmt" count="288"/>
      <line num="428" type="stmt" count="288"/>
      <line num="429" type="stmt" count="288"/>
      <line num="431" type="stmt" count="0"/>
      <line num="433" type="stmt" count="288"/>
      <line num="435" type="stmt" count="1"/>
      <line num="436" type="stmt" count="1"/>
      <line num="440" type="stmt" count="288"/>
      <line num="441" type="stmt" count="288"/>
      <line num="442" type="stmt" count="288"/>
      <line num="444" type="stmt" count="288"/>
      <line num="446" type="stmt" count="1"/>
      <line num="447" type="stmt" count="1"/>
      <line num="451" type="stmt" count="288"/>
      <line num="452" type="stmt" count="288"/>
      <line num="453" type="stmt" count="288"/>
      <line num="457" type="stmt" count="338"/>
      <line num="458" type="stmt" count="334"/>
      <line num="460" type="stmt" count="338"/>
      <line num="462" type="stmt" count="287"/>
      <line num="463" type="stmt" count="287"/>
      <line num="464" type="stmt" count="287"/>
      <line num="466" type="stmt" count="338"/>
      <line num="468" type="stmt" count="1"/>
      <line num="469" type="stmt" count="1"/>
      <line num="472" type="stmt" count="338"/>
      <line num="474" type="stmt" count="338"/>
      <line num="476" type="stmt" count="338"/>
      <line num="477" type="stmt" count="338"/>
      <line num="479" type="stmt" count="288"/>
      <line num="480" type="stmt" count="288"/>
      <line num="481" type="stmt" count="288"/>
      <line num="482" type="stmt" count="288"/>
      <line num="484" type="stmt" count="338"/>
      <line num="485" type="stmt" count="338"/>
      <line num="486" type="stmt" count="338"/>
      <line num="487" type="stmt" count="338"/>
      <line num="488" type="stmt" count="338"/>
      <line num="489" type="stmt" count="338"/>
      <line num="490" type="stmt" count="338"/>
      <line num="491" type="stmt" count="338"/>
      <line num="501" type="method" name="changelogTimestamps" visibility="private" complexity="6" crap="19.85" count="338"/>
      <line num="503" type="stmt" count="338"/>
      <line num="504" type="stmt" count="338"/>
      <line num="505" type="stmt" count="338"/>
      <line num="507" type="stmt" count="0"/>
      <line num="508" type="stmt" count="0"/>
      <line num="510" type="stmt" count="0"/>
      <line num="511" type="stmt" count="0"/>
      <line num="512" type="stmt" count="0"/>
      <line num="513" type="stmt" count="0"/>
      <line num="515" type="stmt" count="0"/>
      <line num="516" type="stmt" count="0"/>
      <metrics loc="521" ncloc="495" classes="1" methods="14" coveredmethods="7" conditionals="0" coveredconditionals="0" statements="316" coveredstatements="273" elements="330" coveredelements="280"/>
    </file>
    <file name="/home/runner/work/tsumego-hero/tsumego-hero/src/Controller/ChangelogController.php">
      <class name="ChangelogController" namespace="global">
        <metrics complexity="3" methods="1" coveredmethods="0" conditionals="0" coveredconditionals="0" statements="11" coveredstatements="8" elements="12" coveredelements="8"/>
      </class>
      <line num="14" type="method" name="index" visibility="public" complexity="3" crap="3.18" count="2"/>
      <line num="16" type="stmt" count="2"/>
      <line num="17" type="stmt" count="2"/>
      <line num="19" type="stmt" count="2"/>
      <line num="20" type="stmt" count="2"/>
      <line num="21" type="stmt" count="2"/>
      <line num="22" type="stmt" count="2"/>
      <line num="24" type="stmt" count="0"/>
      <line num="25" type="stmt" count="0"/>
      <line num="26" type="stmt" count="0"/>
      <line num="29" type="stmt" count="2"/>
      <line num="30" type="stmt" count="2"/>
      <metrics loc="33" ncloc="26" classes="1" methods="1" coveredmethods="0" conditionals="0" coveredconditionals="0" statements="11" coveredstatements="8" elements="12" coveredelements="8"/>
    </file>
    <file name="/home/runner/work/tsumego-hero/tsumego-hero/src/Controller/CommentsController.php">
      <class name="CommentsController" namespace="global">
        <metrics complexity="2" methods="1" coveredmethods="0" conditionals="0" coveredconditionals="0" statements="7" coveredstatements="6" elements="8" coveredelements="6"/>
      </class>
      <line num="3" type="stmt" count="2"/>
      <line num="4" type="stmt" count="2"/>
      <line num="8" type="method" name="index" visibility="public" complexity="2" crap="2.01" count="3"/>
      <line num="10" type="stmt" count="3"/>
      <line num="11" type="stmt" count="3"/>
      <line num="12" type="stmt" count="3"/>
      <line num="13" type="stmt" count="0"/>
      <line num="14" type="stmt" count="3"/>
      <line num="15" type="stmt" count="3"/>
      <line num="16" type="stmt" count="3"/>
      <metrics loc="19" ncloc="19" classes="1" methods="1" coveredmethods="0" conditionals="0" coveredconditionals="0" statements="9" coveredstatements="8" elements="10" coveredelements="8"/>
    </file>
    <file name="/home/runner/work/tsumego-hero/tsumego-hero/src/Controller/Component/AuthorizationComponent.php">
      <class name="AuthorizationComponent" namespace="global">
        <metrics complexity="11" methods="3" coveredmethods="1" conditionals="0" coveredconditionals="0" statements="22" coveredstatements="18" elements="25" coveredelements="19"/>
      </class>
      <line num="3" type="stmt" count="2"/>
      <line num="4" type="stmt" count="2"/>
      <line num="5" type="stmt" count="2"/>
      <line num="21" type="method" name="authorize" visibility="public" complexity="3" crap="3" count="127"/>
      <line num="23" type="stmt" count="127"/>
      <line num="25" type="stmt" count="55"/>
      <line num="26" type="stmt" count="19"/>
      <line num="27" type="stmt" count="37"/>
      <line num="31" type="method" name="can" visibility="public" complexity="7" crap="7.27" count="133"/>
      <line num="33" type="stmt" count="133"/>
      <line num="34" type="stmt" count="133"/>
      <line num="36" type="stmt" count="59"/>
      <line num="37" type="stmt" count="59"/>
      <line num="39" type="stmt" count="97"/>
      <line num="41" type="stmt" count="0"/>
      <line num="42" type="stmt" count="0"/>
      <line num="46" type="stmt" count="97"/>
      <line num="47" type="stmt" count="97"/>
      <line num="49" type="stmt" count="133"/>
      <line num="50" type="stmt" count="133"/>
      <line num="51" type="stmt" count="133"/>
      <line num="52" type="stmt" count="0"/>
      <line num="53" type="stmt" count="133"/>
      <line num="54" type="stmt" count="133"/>
      <line num="55" type="stmt" count="59"/>
      <line num="56" type="stmt" count="97"/>
      <line num="59" type="method" name="skipAuthorization" visibility="public" complexity="1" crap="2" count="0"/>
      <line num="62" type="stmt" count="0"/>
      <metrics loc="64" ncloc="48" classes="1" methods="3" coveredmethods="1" conditionals="0" coveredconditionals="0" statements="25" coveredstatements="21" elements="28" coveredelements="22"/>
    </file>
    <file name="/home/runner/work/tsumego-hero/tsumego-hero/src/Controller/Component/Play.php">
      <class name="Play" namespace="global">
        <metrics complexity="89" methods="5" coveredmethods="4" conditionals="0" coveredconditionals="0" statements="294" coveredstatements="221" elements="299" coveredelements="225"/>
      </class>
      <line num="3" type="stmt" count="2"/>
      <line num="4" type="stmt" count="2"/>
      <line num="5" type="stmt" count="2"/>
      <line num="6" type="stmt" count="2"/>
      <line num="7" type="stmt" count="2"/>
      <line num="8" type="stmt" count="2"/>
      <line num="9" type="stmt" count="2"/>
      <line num="10" type="stmt" count="2"/>
      <line num="11" type="stmt" count="2"/>
      <line num="12" type="stmt" count="2"/>
      <line num="13" type="stmt" count="2"/>
      <line num="14" type="stmt" count="2"/>
      <line num="15" type="stmt" count="2"/>
      <line num="19" type="method" name="__construct" visibility="public" complexity="1" crap="1" count="27"/>
      <line num="21" type="stmt" count="27"/>
      <line num="24" type="method" name="getTsumegoStatus" visibility="public" complexity="3" crap="3" count="27"/>
      <line num="26" type="stmt" count="27"/>
      <line num="28" type="stmt" count="26"/>
      <line num="29" type="stmt" count="26"/>
      <line num="30" type="stmt" count="26"/>
      <line num="31" type="stmt" count="26"/>
      <line num="32" type="stmt" count="2"/>
      <line num="33" type="stmt" count="25"/>
      <line num="35" type="stmt" count="2"/>
      <line num="38" type="method" name="play" visibility="public" complexity="79" crap="202.35" count="27"/>
      <line num="40" type="stmt" count="27"/>
      <line num="42" type="stmt" count="27"/>
      <line num="43" type="stmt" count="27"/>
      <line num="44" type="stmt" count="27"/>
      <line num="45" type="stmt" count="27"/>
      <line num="46" type="stmt" count="27"/>
      <line num="47" type="stmt" count="27"/>
      <line num="49" type="stmt" count="27"/>
      <line num="50" type="stmt" count="27"/>
      <line num="51" type="stmt" count="0"/>
      <line num="52" type="stmt" count="27"/>
      <line num="54" type="stmt" count="27"/>
      <line num="56" type="stmt" count="27"/>
      <line num="58" type="stmt" count="0"/>
      <line num="59" type="stmt" count="0"/>
      <line num="62" type="stmt" count="27"/>
      <line num="63" type="stmt" count="27"/>
      <line num="65" type="stmt" count="27"/>
      <line num="67" type="stmt" count="27"/>
      <line num="69" type="stmt" count="27"/>
      <line num="71" type="stmt" count="27"/>
      <line num="72" type="stmt" count="2"/>
      <line num="73" type="stmt" count="0"/>
      <line num="75" type="stmt" count="0"/>
      <line num="76" type="stmt" count="0"/>
      <line num="77" type="stmt" count="0"/>
      <line num="78" type="stmt" count="0"/>
      <line num="79" type="stmt" count="0"/>
      <line num="80" type="stmt" count="0"/>
      <line num="81" type="stmt" count="0"/>
      <line num="83" type="stmt" count="0"/>
      <line num="85" type="stmt" count="0"/>
      <line num="86" type="stmt" count="0"/>
      <line num="87" type="stmt" count="0"/>
      <line num="88" type="stmt" count="0"/>
      <line num="89" type="stmt" count="0"/>
      <line num="91" type="stmt" count="0"/>
      <line num="93" type="stmt" count="0"/>
      <line num="94" type="stmt" count="0"/>
      <line num="95" type="stmt" count="0"/>
      <line num="96" type="stmt" count="0"/>
      <line num="97" type="stmt" count="0"/>
      <line num="98" type="stmt" count="0"/>
      <line num="99" type="stmt" count="0"/>
      <line num="100" type="stmt" count="0"/>
      <line num="101" type="stmt" count="0"/>
      <line num="103" type="stmt" count="0"/>
      <line num="104" type="stmt" count="0"/>
      <line num="105" type="stmt" count="0"/>
      <line num="106" type="stmt" count="0"/>
      <line num="107" type="stmt" count="0"/>
      <line num="108" type="stmt" count="0"/>
      <line num="109" type="stmt" count="0"/>
      <line num="110" type="stmt" count="0"/>
      <line num="111" type="stmt" count="0"/>
      <line num="112" type="stmt" count="0"/>
      <line num="113" type="stmt" count="0"/>
      <line num="115" type="stmt" count="0"/>
      <line num="117" type="stmt" count="0"/>
      <line num="118" type="stmt" count="0"/>
      <line num="119" type="stmt" count="0"/>
      <line num="121" type="stmt" count="0"/>
      <line num="123" type="stmt" count="0"/>
      <line num="124" type="stmt" count="0"/>
      <line num="125" type="stmt" count="0"/>
      <line num="126" type="stmt" count="0"/>
      <line num="127" type="stmt" count="0"/>
      <line num="128" type="stmt" count="0"/>
      <line num="129" type="stmt" count="0"/>
      <line num="131" type="stmt" count="0"/>
      <line num="133" type="stmt" count="0"/>
      <line num="134" type="stmt" count="0"/>
      <line num="135" type="stmt" count="0"/>
      <line num="137" type="stmt" count="0"/>
      <line num="138" type="stmt" count="0"/>
      <line num="140" type="stmt" count="0"/>
      <line num="141" type="stmt" count="0"/>
      <line num="142" type="stmt" count="0"/>
      <line num="144" type="stmt" count="0"/>
      <line num="145" type="stmt" count="0"/>
      <line num="146" type="stmt" count="0"/>
      <line num="148" type="stmt" count="27"/>
      <line num="150" type="stmt" count="2"/>
      <line num="151" type="stmt" count="2"/>
      <line num="154" type="stmt" count="27"/>
      <line num="159" type="stmt" count="27"/>
      <line num="160" type="stmt" count="1"/>
      <line num="162" type="stmt" count="27"/>
      <line num="164" type="stmt" count="27"/>
      <line num="165" type="stmt" count="1"/>
      <line num="167" type="stmt" count="27"/>
      <line num="169" type="stmt" count="27"/>
      <line num="170" type="stmt" count="27"/>
      <line num="171" type="stmt" count="27"/>
      <line num="172" type="stmt" count="27"/>
      <line num="173" type="stmt" count="27"/>
      <line num="174" type="stmt" count="27"/>
      <line num="175" type="stmt" count="27"/>
      <line num="177" type="stmt" count="18"/>
      <line num="178" type="stmt" count="18"/>
      <line num="181" type="stmt" count="10"/>
      <line num="183" type="stmt" count="27"/>
      <line num="184" type="stmt" count="27"/>
      <line num="186" type="stmt" count="27"/>
      <line num="187" type="stmt" count="27"/>
      <line num="188" type="stmt" count="27"/>
      <line num="189" type="stmt" count="27"/>
      <line num="190" type="stmt" count="1"/>
      <line num="191" type="stmt" count="27"/>
      <line num="192" type="stmt" count="0"/>
      <line num="194" type="stmt" count="27"/>
      <line num="195" type="stmt" count="27"/>
      <line num="196" type="stmt" count="27"/>
      <line num="197" type="stmt" count="27"/>
      <line num="199" type="stmt" count="27"/>
      <line num="200" type="stmt" count="27"/>
      <line num="201" type="stmt" count="27"/>
      <line num="202" type="stmt" count="27"/>
      <line num="203" type="stmt" count="27"/>
      <line num="204" type="stmt" count="27"/>
      <line num="205" type="stmt" count="27"/>
      <line num="206" type="stmt" count="27"/>
      <line num="207" type="stmt" count="27"/>
      <line num="208" type="stmt" count="27"/>
      <line num="209" type="stmt" count="27"/>
      <line num="210" type="stmt" count="27"/>
      <line num="211" type="stmt" count="27"/>
      <line num="212" type="stmt" count="27"/>
      <line num="214" type="stmt" count="27"/>
      <line num="216" type="stmt" count="0"/>
      <line num="217" type="stmt" count="0"/>
      <line num="219" type="stmt" count="27"/>
      <line num="221" type="stmt" count="26"/>
      <line num="222" type="stmt" count="26"/>
      <line num="223" type="stmt" count="26"/>
      <line num="225" type="stmt" count="26"/>
      <line num="227" type="stmt" count="1"/>
      <line num="230" type="stmt" count="27"/>
      <line num="232" type="stmt" count="27"/>
      <line num="233" type="stmt" count="27"/>
      <line num="234" type="stmt" count="27"/>
      <line num="235" type="stmt" count="27"/>
      <line num="236" type="stmt" count="27"/>
      <line num="237" type="stmt" count="27"/>
      <line num="238" type="stmt" count="27"/>
      <line num="241" type="stmt" count="3"/>
      <line num="242" type="stmt" count="2"/>
      <line num="244" type="stmt" count="1"/>
      <line num="250" type="stmt" count="24"/>
      <line num="251" type="stmt" count="24"/>
      <line num="252" type="stmt" count="0"/>
      <line num="253" type="stmt" count="24"/>
      <line num="254" type="stmt" count="4"/>
      <line num="257" type="stmt" count="27"/>
      <line num="258" type="stmt" count="27"/>
      <line num="259" type="stmt" count="27"/>
      <line num="260" type="stmt" count="1"/>
      <line num="268" type="stmt" count="27"/>
      <line num="269" type="stmt" count="27"/>
      <line num="270" type="stmt" count="27"/>
      <line num="271" type="stmt" count="1"/>
      <line num="273" type="stmt" count="26"/>
      <line num="279" type="stmt" count="27"/>
      <line num="280" type="stmt" count="27"/>
      <line num="281" type="stmt" count="27"/>
      <line num="282" type="stmt" count="27"/>
      <line num="284" type="stmt" count="1"/>
      <line num="285" type="stmt" count="1"/>
      <line num="288" type="stmt" count="27"/>
      <line num="290" type="stmt" count="27"/>
      <line num="291" type="stmt" count="27"/>
      <line num="295" type="stmt" count="0"/>
      <line num="296" type="stmt" count="0"/>
      <line num="298" type="stmt" count="27"/>
      <line num="299" type="stmt" count="26"/>
      <line num="300" type="stmt" count="0"/>
      <line num="301" type="stmt" count="27"/>
      <line num="302" type="stmt" count="27"/>
      <line num="303" type="stmt" count="1"/>
      <line num="305" type="stmt" count="27"/>
      <line num="306" type="stmt" count="2"/>
      <line num="307" type="stmt" count="2"/>
      <line num="309" type="stmt" count="27"/>
      <line num="312" type="stmt" count="27"/>
      <line num="313" type="stmt" count="27"/>
      <line num="314" type="stmt" count="27"/>
      <line num="316" type="stmt" count="0"/>
      <line num="317" type="stmt" count="27"/>
      <line num="319" type="stmt" count="1"/>
      <line num="320" type="stmt" count="1"/>
      <line num="321" type="stmt" count="1"/>
      <line num="322" type="stmt" count="1"/>
      <line num="324" type="stmt" count="1"/>
      <line num="326" type="stmt" count="1"/>
      <line num="327" type="stmt" count="0"/>
      <line num="329" type="stmt" count="1"/>
      <line num="330" type="stmt" count="1"/>
      <line num="332" type="stmt" count="1"/>
      <line num="333" type="stmt" count="1"/>
      <line num="334" type="stmt" count="1"/>
      <line num="335" type="stmt" count="1"/>
      <line num="336" type="stmt" count="1"/>
      <line num="338" type="stmt" count="1"/>
      <line num="340" type="stmt" count="27"/>
      <line num="341" type="stmt" count="27"/>
      <line num="342" type="stmt" count="27"/>
      <line num="344" type="stmt" count="0"/>
      <line num="345" type="stmt" count="0"/>
      <line num="348" type="stmt" count="27"/>
      <line num="350" type="stmt" count="27"/>
      <line num="351" type="stmt" count="27"/>
      <line num="352" type="stmt" count="27"/>
      <line num="354" type="stmt" count="26"/>
      <line num="355" type="stmt" count="26"/>
      <line num="358" type="stmt" count="27"/>
      <line num="359" type="stmt" count="27"/>
      <line num="362" type="stmt" count="26"/>
      <line num="367" type="stmt" count="26"/>
      <line num="369" type="stmt" count="26"/>
      <line num="370" type="stmt" count="26"/>
      <line num="372" type="stmt" count="5"/>
      <line num="373" type="stmt" count="5"/>
      <line num="374" type="stmt" count="5"/>
      <line num="375" type="stmt" count="5"/>
      <line num="376" type="stmt" count="5"/>
      <line num="378" type="stmt" count="26"/>
      <line num="380" type="stmt" count="27"/>
      <line num="382" type="stmt" count="27"/>
      <line num="383" type="stmt" count="26"/>
      <line num="385" type="stmt" count="27"/>
      <line num="386" type="stmt" count="27"/>
      <line num="388" type="stmt" count="27"/>
      <line num="389" type="stmt" count="27"/>
      <line num="391" type="stmt" count="27"/>
      <line num="392" type="stmt" count="27"/>
      <line num="393" type="stmt" count="27"/>
      <line num="394" type="stmt" count="27"/>
      <line num="395" type="stmt" count="27"/>
      <line num="396" type="stmt" count="27"/>
      <line num="397" type="stmt" count="27"/>
      <line num="398" type="stmt" count="27"/>
      <line num="399" type="stmt" count="27"/>
      <line num="400" type="stmt" count="27"/>
      <line num="401" type="stmt" count="27"/>
      <line num="402" type="stmt" count="27"/>
      <line num="403" type="stmt" count="27"/>
      <line num="404" type="stmt" count="27"/>
      <line num="405" type="stmt" count="27"/>
      <line num="406" type="stmt" count="27"/>
      <line num="407" type="stmt" count="27"/>
      <line num="408" type="stmt" count="27"/>
      <line num="409" type="stmt" count="27"/>
      <line num="410" type="stmt" count="27"/>
      <line num="411" type="stmt" count="27"/>
      <line num="412" type="stmt" count="27"/>
      <line num="413" type="stmt" count="27"/>
      <line num="414" type="stmt" count="27"/>
      <line num="415" type="stmt" count="27"/>
      <line num="416" type="stmt" count="27"/>
      <line num="417" type="stmt" count="27"/>
      <line num="418" type="stmt" count="27"/>
      <line num="419" type="stmt" count="27"/>
      <line num="420" type="stmt" count="27"/>
      <line num="421" type="stmt" count="27"/>
      <line num="422" type="stmt" count="27"/>
      <line num="423" type="stmt" count="27"/>
      <line num="424" type="stmt" count="27"/>
      <line num="425" type="stmt" count="27"/>
      <line num="426" type="stmt" count="27"/>
      <line num="428" type="stmt" count="27"/>
      <line num="431" type="method" name="renderTitle" visibility="public" complexity="5" crap="5" count="25"/>
      <line num="433" type="stmt" count="25"/>
      <line num="434" type="stmt" count="2"/>
      <line num="436" type="stmt" count="24"/>
      <line num="437" type="stmt" count="1"/>
      <line num="438" type="stmt" count="1"/>
      <line num="441" type="stmt" count="1"/>
      <line num="443" type="stmt" count="24"/>
      <line num="444" type="stmt" count="24"/>
      <line num="445" type="stmt" count="1"/>
      <line num="447" type="stmt" count="1"/>
      <line num="448" type="stmt" count="1"/>
      <line num="450" type="stmt" count="1"/>
      <line num="451" type="stmt" count="24"/>
      <line num="454" type="method" name="randomCorner" visibility="private" complexity="1" crap="1" count="26"/>
      <line num="456" type="stmt" count="26"/>
      <line num="457" type="stmt" count="26"/>
      <metrics loc="462" ncloc="444" classes="1" methods="5" coveredmethods="4" conditionals="0" coveredconditionals="0" statements="307" coveredstatements="234" elements="312" coveredelements="238"/>
    </file>
    <file name="/home/runner/work/tsumego-hero/tsumego-hero/src/Controller/Component/PlayResultProcessorComponent.php">
      <class name="PlayResultProcessorComponent" namespace="global">
        <metrics complexity="65" methods="13" coveredmethods="11" conditionals="0" coveredconditionals="0" statements="202" coveredstatements="200" elements="215" coveredelements="211"/>
      </class>
      <line num="3" type="stmt" count="2"/>
      <line num="4" type="stmt" count="2"/>
      <line num="5" type="stmt" count="2"/>
      <line num="6" type="stmt" count="2"/>
      <line num="7" type="stmt" count="2"/>
      <line num="8" type="stmt" count="2"/>
      <line num="9" type="stmt" count="2"/>
      <line num="10" type="stmt" count="2"/>
      <line num="19" type="method" name="processResult" visibility="public" complexity="8" crap="8" count="47"/>
      <line num="21" type="stmt" count="47"/>
      <line num="22" type="stmt" count="47"/>
      <line num="23" type="stmt" count="0"/>
      <line num="25" type="stmt" count="47"/>
      <line num="26" type="stmt" count="47"/>
      <line num="28" type="stmt" count="47"/>
      <line num="29" type="stmt" count="47"/>
      <line num="30" type="stmt" count="47"/>
      <line num="31" type="stmt" count="47"/>
      <line num="32" type="stmt" count="47"/>
      <line num="33" type="stmt" count="47"/>
      <line num="35" type="stmt" count="47"/>
      <line num="36" type="stmt" count="47"/>
      <line num="37" type="stmt" count="47"/>
      <line num="39" type="stmt" count="47"/>
      <line num="40" type="stmt" count="5"/>
      <line num="42" type="stmt" count="47"/>
      <line num="44" type="stmt" count="47"/>
      <line num="45" type="stmt" count="47"/>
      <line num="46" type="stmt" count="23"/>
      <line num="47" type="stmt" count="47"/>
      <line num="48" type="stmt" count="47"/>
      <line num="49" type="stmt" count="47"/>
      <line num="50" type="stmt" count="47"/>
      <line num="52" type="stmt" count="47"/>
      <line num="54" type="stmt" count="1"/>
      <line num="55" type="stmt" count="1"/>
      <line num="56" type="stmt" count="1"/>
      <line num="61" type="stmt" count="47"/>
      <line num="62" type="stmt" count="47"/>
      <line num="64" type="stmt" count="47"/>
      <line num="65" type="stmt" count="47"/>
      <line num="66" type="stmt" count="47"/>
      <line num="67" type="stmt" count="47"/>
      <line num="68" type="stmt" count="47"/>
      <line num="69" type="stmt" count="47"/>
      <line num="70" type="stmt" count="47"/>
      <line num="71" type="stmt" count="47"/>
      <line num="72" type="stmt" count="47"/>
      <line num="73" type="stmt" count="47"/>
      <line num="74" type="stmt" count="4"/>
      <line num="76" type="stmt" count="47"/>
      <line num="82" type="method" name="markAsVisited" visibility="public" complexity="1" crap="1" count="26"/>
      <line num="84" type="stmt" count="26"/>
      <line num="85" type="stmt" count="26"/>
      <line num="86" type="stmt" count="26"/>
      <line num="87" type="stmt" count="26"/>
      <line num="93" type="method" name="processPotion" visibility="public" complexity="3" crap="3" count="23"/>
      <line num="95" type="stmt" count="23"/>
      <line num="96" type="stmt" count="21"/>
      <line num="98" type="stmt" count="3"/>
      <line num="99" type="stmt" count="3"/>
      <line num="101" type="stmt" count="3"/>
      <line num="103" type="stmt" count="2"/>
      <line num="104" type="stmt" count="2"/>
      <line num="105" type="stmt" count="2"/>
      <line num="106" type="stmt" count="2"/>
      <line num="107" type="stmt" count="2"/>
      <line num="110" type="stmt" count="2"/>
      <line num="111" type="stmt" count="2"/>
      <line num="114" type="method" name="getNewStatus" visibility="private" complexity="13" crap="13" count="47"/>
      <line num="116" type="stmt" count="47"/>
      <line num="118" type="stmt" count="28"/>
      <line num="119" type="stmt" count="4"/>
      <line num="120" type="stmt" count="4"/>
      <line num="122" type="stmt" count="27"/>
      <line num="124" type="stmt" count="3"/>
      <line num="125" type="stmt" count="3"/>
      <line num="127" type="stmt" count="26"/>
      <line num="128" type="stmt" count="20"/>
      <line num="129" type="stmt" count="8"/>
      <line num="133" type="stmt" count="23"/>
      <line num="134" type="stmt" count="19"/>
      <line num="135" type="stmt" count="5"/>
      <line num="136" type="stmt" count="15"/>
      <line num="138" type="stmt" count="6"/>
      <line num="140" type="stmt" count="1"/>
      <line num="141" type="stmt" count="0"/>
      <line num="142" type="stmt" count="1"/>
      <line num="144" type="stmt" count="6"/>
      <line num="145" type="stmt" count="1"/>
      <line num="146" type="stmt" count="5"/>
      <line num="149" type="method" name="updateTsumegoStatus" visibility="private" complexity="4" crap="4" count="47"/>
      <line num="151" type="stmt" count="47"/>
      <line num="153" type="stmt" count="30"/>
      <line num="154" type="stmt" count="30"/>
      <line num="155" type="stmt" count="30"/>
      <line num="156" type="stmt" count="30"/>
      <line num="159" type="stmt" count="47"/>
      <line num="160" type="stmt" count="47"/>
      <line num="161" type="stmt" count="22"/>
      <line num="162" type="stmt" count="47"/>
      <line num="163" type="stmt" count="47"/>
      <line num="164" type="stmt" count="47"/>
      <line num="165" type="stmt" count="47"/>
      <line num="168" type="method" name="updateTsumegoAttempt" visibility="private" complexity="7" crap="7" count="47"/>
      <line num="170" type="stmt" count="47"/>
      <line num="171" type="stmt" count="1"/>
      <line num="172" type="stmt" count="47"/>
      <line num="173" type="stmt" count="11"/>
      <line num="174" type="stmt" count="40"/>
      <line num="175" type="stmt" count="40"/>
      <line num="176" type="stmt" count="40"/>
      <line num="177" type="stmt" count="40"/>
      <line num="178" type="stmt" count="40"/>
      <line num="179" type="stmt" count="40"/>
      <line num="180" type="stmt" count="40"/>
      <line num="183" type="stmt" count="40"/>
      <line num="185" type="stmt" count="38"/>
      <line num="186" type="stmt" count="38"/>
      <line num="187" type="stmt" count="38"/>
      <line num="188" type="stmt" count="38"/>
      <line num="189" type="stmt" count="38"/>
      <line num="190" type="stmt" count="38"/>
      <line num="191" type="stmt" count="38"/>
      <line num="194" type="stmt" count="6"/>
      <line num="196" type="stmt" count="40"/>
      <line num="197" type="stmt" count="40"/>
      <line num="198" type="stmt" count="40"/>
      <line num="199" type="stmt" count="40"/>
      <line num="200" type="stmt" count="40"/>
      <line num="201" type="stmt" count="40"/>
      <line num="202" type="stmt" count="24"/>
      <line num="204" type="stmt" count="20"/>
      <line num="205" type="stmt" count="40"/>
      <line num="206" type="stmt" count="40"/>
      <line num="209" type="method" name="processRatingChangeStep" visibility="private" complexity="3" crap="3" count="40"/>
      <line num="211" type="stmt" count="40"/>
      <line num="212" type="stmt" count="40"/>
      <line num="213" type="stmt" count="40"/>
      <line num="214" type="stmt" count="40"/>
      <line num="217" type="method" name="processRatingChange" visibility="private" complexity="3" crap="3" count="47"/>
      <line num="219" type="stmt" count="47"/>
      <line num="220" type="stmt" count="1"/>
      <line num="221" type="stmt" count="47"/>
      <line num="222" type="stmt" count="11"/>
      <line num="223" type="stmt" count="40"/>
      <line num="224" type="stmt" count="40"/>
      <line num="228" type="stmt" count="40"/>
      <line num="230" type="stmt" count="40"/>
      <line num="232" type="stmt" count="40"/>
      <line num="233" type="stmt" count="40"/>
      <line num="234" type="stmt" count="40"/>
      <line num="235" type="stmt" count="40"/>
      <line num="236" type="stmt" count="40"/>
      <line num="237" type="stmt" count="40"/>
      <line num="240" type="method" name="processDamage" visibility="private" complexity="4" crap="4" count="47"/>
      <line num="242" type="stmt" count="47"/>
      <line num="243" type="stmt" count="28"/>
      <line num="244" type="stmt" count="23"/>
      <line num="245" type="stmt" count="1"/>
      <line num="246" type="stmt" count="23"/>
      <line num="247" type="stmt" count="4"/>
      <line num="248" type="stmt" count="20"/>
      <line num="251" type="method" name="processXpChange" visibility="private" complexity="6" crap="6" count="47"/>
      <line num="253" type="stmt" count="47"/>
      <line num="254" type="stmt" count="1"/>
      <line num="255" type="stmt" count="47"/>
      <line num="256" type="stmt" count="11"/>
      <line num="257" type="stmt" count="40"/>
      <line num="258" type="stmt" count="20"/>
      <line num="260" type="stmt" count="24"/>
      <line num="261" type="stmt" count="24"/>
      <line num="262" type="stmt" count="22"/>
      <line num="264" type="stmt" count="24"/>
      <line num="265" type="stmt" count="24"/>
      <line num="266" type="stmt" count="24"/>
      <line num="267" type="stmt" count="24"/>
      <line num="268" type="stmt" count="24"/>
      <line num="269" type="stmt" count="24"/>
      <line num="270" type="stmt" count="24"/>
      <line num="271" type="stmt" count="24"/>
      <line num="272" type="stmt" count="24"/>
      <line num="275" type="method" name="processErrorAchievement" visibility="private" complexity="6" crap="6" count="47"/>
      <line num="277" type="stmt" count="47"/>
      <line num="278" type="stmt" count="1"/>
      <line num="279" type="stmt" count="47"/>
      <line num="280" type="stmt" count="11"/>
      <line num="282" type="stmt" count="40"/>
      <line num="283" type="stmt" count="40"/>
      <line num="284" type="stmt" count="40"/>
      <line num="285" type="stmt" count="40"/>
      <line num="286" type="stmt" count="40"/>
      <line num="288" type="stmt" count="38"/>
      <line num="289" type="stmt" count="38"/>
      <line num="290" type="stmt" count="38"/>
      <line num="291" type="stmt" count="38"/>
      <line num="293" type="stmt" count="40"/>
      <line num="294" type="stmt" count="40"/>
      <line num="295" type="stmt" count="20"/>
      <line num="297" type="stmt" count="21"/>
      <line num="298" type="stmt" count="40"/>
      <line num="301" type="method" name="hadMisplaysBeforeSolve" visibility="private" complexity="2" crap="2" count="24"/>
      <line num="303" type="stmt" count="24"/>
      <line num="304" type="stmt" count="24"/>
      <line num="305" type="stmt" count="24"/>
      <line num="306" type="stmt" count="24"/>
      <line num="307" type="stmt" count="24"/>
      <line num="308" type="stmt" count="24"/>
      <line num="309" type="stmt" count="24"/>
      <line num="310" type="stmt" count="24"/>
      <line num="313" type="method" name="processUnsortedStuff" visibility="private" complexity="5" crap="5" count="47"/>
      <line num="315" type="stmt" count="47"/>
      <line num="316" type="stmt" count="11"/>
      <line num="317" type="stmt" count="40"/>
      <line num="318" type="stmt" count="20"/>
      <line num="320" type="stmt" count="24"/>
      <line num="321" type="stmt" count="24"/>
      <line num="322" type="stmt" count="24"/>
      <line num="325" type="stmt" count="24"/>
      <line num="326" type="stmt" count="4"/>
      <line num="328" type="stmt" count="21"/>
      <line num="329" type="stmt" count="24"/>
      <line num="330" type="stmt" count="3"/>
      <metrics loc="333" ncloc="309" classes="1" methods="13" coveredmethods="11" conditionals="0" coveredconditionals="0" statements="210" coveredstatements="208" elements="223" coveredelements="219"/>
    </file>
    <file name="/home/runner/work/tsumego-hero/tsumego-hero/src/Controller/CronController.php">
      <class name="CronController" namespace="global">
        <metrics complexity="39" methods="11" coveredmethods="7" conditionals="0" coveredconditionals="0" statements="137" coveredstatements="129" elements="148" coveredelements="136"/>
      </class>
      <line num="3" type="stmt" count="1"/>
      <line num="8" type="method" name="daily" visibility="public" complexity="3" crap="3" count="9"/>
      <line num="10" type="stmt" count="9"/>
      <line num="11" type="stmt" count="1"/>
      <line num="14" type="stmt" count="8"/>
      <line num="16" type="stmt" count="1"/>
      <line num="17" type="stmt" count="1"/>
      <line num="20" type="stmt" count="8"/>
      <line num="21" type="stmt" count="8"/>
      <line num="22" type="stmt" count="8"/>
      <line num="23" type="stmt" count="8"/>
      <line num="24" type="stmt" count="8"/>
      <line num="25" type="stmt" count="8"/>
      <line num="26" type="stmt" count="8"/>
      <line num="28" type="stmt" count="8"/>
      <line num="29" type="stmt" count="8"/>
      <line num="32" type="method" name="dailyUsersReset" visibility="private" complexity="1" crap="1" count="8"/>
      <line num="34" type="stmt" count="8"/>
      <line num="35" type="stmt" count="8"/>
      <line num="36" type="stmt" count="8"/>
      <line num="37" type="stmt" count="8"/>
      <line num="38" type="stmt" count="8"/>
      <line num="39" type="stmt" count="8"/>
      <line num="40" type="stmt" count="8"/>
      <line num="41" type="stmt" count="8"/>
      <line num="42" type="stmt" count="8"/>
      <line num="43" type="stmt" count="8"/>
      <line num="44" type="stmt" count="8"/>
      <line num="45" type="stmt" count="8"/>
      <line num="46" type="stmt" count="8"/>
      <line num="49" type="method" name="dailyPotionConditionReset" visibility="private" complexity="1" crap="1" count="8"/>
      <line num="51" type="stmt" count="8"/>
      <line num="52" type="stmt" count="8"/>
      <line num="55" type="method" name="dailyTsumegoStatusReset" visibility="private" complexity="1" crap="1" count="8"/>
      <line num="57" type="stmt" count="8"/>
      <line num="58" type="stmt" count="8"/>
      <line num="61" type="method" name="dailyStalingSolvedTsumegoStatuses" visibility="private" complexity="1" crap="1" count="8"/>
      <line num="63" type="stmt" count="8"/>
      <line num="68" type="stmt" count="8"/>
      <line num="71" type="method" name="deduceUserOfTheDay" visibility="private" complexity="6" crap="6.40" count="8"/>
      <line num="73" type="stmt" count="8"/>
      <line num="75" type="stmt" count="8"/>
      <line num="76" type="stmt" count="8"/>
      <line num="77" type="stmt" count="0"/>
      <line num="79" type="stmt" count="8"/>
      <line num="80" type="stmt" count="8"/>
      <line num="81" type="stmt" count="8"/>
      <line num="82" type="stmt" count="8"/>
      <line num="83" type="stmt" count="0"/>
      <line num="86" type="method" name="deduceQuoteToUse" visibility="private" complexity="6" crap="6.17" count="8"/>
      <line num="88" type="stmt" count="8"/>
      <line num="89" type="stmt" count="8"/>
      <line num="90" type="stmt" count="8"/>
      <line num="91" type="stmt" count="0"/>
      <line num="93" type="stmt" count="8"/>
      <line num="94" type="stmt" count="8"/>
      <line num="95" type="stmt" count="8"/>
      <line num="96" type="stmt" count="8"/>
      <line num="97" type="stmt" count="8"/>
      <line num="98" type="stmt" count="8"/>
      <line num="99" type="stmt" count="8"/>
      <line num="100" type="stmt" count="0"/>
      <line num="103" type="method" name="createDayRecord" visibility="private" complexity="11" crap="11" count="8"/>
      <line num="105" type="stmt" count="8"/>
      <line num="106" type="stmt" count="8"/>
      <line num="107" type="stmt" count="0"/>
      <line num="109" type="stmt" count="8"/>
      <line num="110" type="stmt" count="8"/>
      <line num="112" type="stmt" count="8"/>
      <line num="113" type="stmt" count="8"/>
      <line num="114" type="stmt" count="8"/>
      <line num="116" type="stmt" count="8"/>
      <line num="117" type="stmt" count="8"/>
      <line num="118" type="stmt" count="2"/>
      <line num="119" type="stmt" count="7"/>
      <line num="120" type="stmt" count="6"/>
      <line num="121" type="stmt" count="2"/>
      <line num="122" type="stmt" count="2"/>
      <line num="123" type="stmt" count="8"/>
      <line num="124" type="stmt" count="8"/>
      <line num="125" type="stmt" count="8"/>
      <line num="126" type="stmt" count="3"/>
      <line num="127" type="stmt" count="5"/>
      <line num="128" type="stmt" count="1"/>
      <line num="129" type="stmt" count="5"/>
      <line num="130" type="stmt" count="5"/>
      <line num="131" type="stmt" count="8"/>
      <line num="132" type="stmt" count="8"/>
      <line num="133" type="stmt" count="8"/>
      <line num="134" type="stmt" count="3"/>
      <line num="135" type="stmt" count="6"/>
      <line num="136" type="stmt" count="3"/>
      <line num="137" type="stmt" count="3"/>
      <line num="138" type="stmt" count="3"/>
      <line num="139" type="stmt" count="8"/>
      <line num="141" type="stmt" count="8"/>
      <line num="142" type="stmt" count="8"/>
      <line num="143" type="stmt" count="8"/>
      <line num="144" type="stmt" count="8"/>
      <line num="145" type="stmt" count="8"/>
      <line num="146" type="stmt" count="8"/>
      <line num="147" type="stmt" count="8"/>
      <line num="148" type="stmt" count="8"/>
      <line num="149" type="stmt" count="8"/>
      <line num="150" type="stmt" count="8"/>
      <line num="152" type="stmt" count="8"/>
      <line num="153" type="stmt" count="8"/>
      <line num="154" type="stmt" count="8"/>
      <line num="155" type="stmt" count="8"/>
      <line num="156" type="stmt" count="8"/>
      <line num="157" type="stmt" count="8"/>
      <line num="158" type="stmt" count="8"/>
      <line num="161" type="method" name="publish" visibility="public" complexity="3" crap="3" count="10"/>
      <line num="163" type="stmt" count="10"/>
      <line num="164" type="stmt" count="10"/>
      <line num="165" type="stmt" count="10"/>
      <line num="167" type="stmt" count="2"/>
      <line num="168" type="stmt" count="2"/>
      <line num="169" type="stmt" count="2"/>
      <line num="173" type="method" name="publishSingle" visibility="protected" complexity="5" crap="5.04" count="2"/>
      <line num="175" type="stmt" count="2"/>
      <line num="176" type="stmt" count="2"/>
      <line num="177" type="stmt" count="0"/>
      <line num="178" type="stmt" count="2"/>
      <line num="179" type="stmt" count="2"/>
      <line num="180" type="stmt" count="0"/>
      <line num="182" type="stmt" count="2"/>
      <line num="186" type="stmt" count="1"/>
      <line num="187" type="stmt" count="1"/>
      <line num="188" type="stmt" count="1"/>
      <line num="189" type="stmt" count="1"/>
      <line num="190" type="stmt" count="0"/>
      <line num="193" type="stmt" count="1"/>
      <line num="194" type="stmt" count="1"/>
      <line num="199" type="stmt" count="2"/>
      <line num="200" type="stmt" count="2"/>
      <line num="201" type="stmt" count="2"/>
      <line num="202" type="stmt" count="2"/>
      <line num="203" type="stmt" count="2"/>
      <line num="204" type="stmt" count="2"/>
      <line num="207" type="stmt" count="2"/>
      <line num="209" type="stmt" count="2"/>
      <line num="210" type="stmt" count="2"/>
      <line num="211" type="stmt" count="2"/>
      <line num="212" type="stmt" count="2"/>
      <line num="213" type="stmt" count="2"/>
      <line num="216" type="method" name="updateSolvedCounts" visibility="private" complexity="1" crap="1" count="8"/>
      <line num="218" type="stmt" count="8"/>
      <line num="225" type="stmt" count="8"/>
      <metrics loc="228" ncloc="222" classes="1" methods="11" coveredmethods="7" conditionals="0" coveredconditionals="0" statements="138" coveredstatements="130" elements="149" coveredelements="137"/>
    </file>
    <file name="/home/runner/work/tsumego-hero/tsumego-hero/src/Controller/HeroController.php">
      <class name="HeroController" namespace="global">
        <metrics complexity="18" methods="5" coveredmethods="3" conditionals="0" coveredconditionals="0" statements="79" coveredstatements="75" elements="84" coveredelements="78"/>
      </class>
      <line num="3" type="stmt" count="2"/>
      <line num="7" type="method" name="refinement" visibility="public" complexity="6" crap="6.01" count="2"/>
      <line num="9" type="stmt" count="2"/>
      <line num="10" type="stmt" count="0"/>
      <line num="11" type="stmt" count="2"/>
      <line num="12" type="stmt" count="1"/>
      <line num="14" type="stmt" count="1"/>
      <line num="15" type="stmt" count="1"/>
      <line num="16" type="stmt" count="1"/>
      <line num="17" type="stmt" count="1"/>
      <line num="18" type="stmt" count="1"/>
      <line num="19" type="stmt" count="1"/>
      <line num="22" type="stmt" count="1"/>
      <line num="23" type="stmt" count="1"/>
      <line num="24" type="stmt" count="1"/>
      <line num="25" type="stmt" count="1"/>
      <line num="26" type="stmt" count="1"/>
      <line num="29" type="stmt" count="1"/>
      <line num="30" type="stmt" count="1"/>
      <line num="31" type="stmt" count="1"/>
      <line num="32" type="stmt" count="0"/>
      <line num="33" type="stmt" count="1"/>
      <line num="34" type="stmt" count="1"/>
      <line num="35" type="stmt" count="1"/>
      <line num="36" type="stmt" count="1"/>
      <line num="37" type="stmt" count="1"/>
      <line num="39" type="stmt" count="1"/>
      <line num="40" type="stmt" count="1"/>
      <line num="41" type="stmt" count="1"/>
      <line num="42" type="stmt" count="1"/>
      <line num="45" type="stmt" count="1"/>
      <line num="46" type="stmt" count="1"/>
      <line num="47" type="stmt" count="1"/>
      <line num="48" type="stmt" count="1"/>
      <line num="49" type="stmt" count="1"/>
      <line num="50" type="stmt" count="1"/>
      <line num="53" type="method" name="sprint" visibility="public" complexity="2" crap="2" count="2"/>
      <line num="55" type="stmt" count="2"/>
      <line num="56" type="stmt" count="1"/>
      <line num="57" type="stmt" count="1"/>
      <line num="58" type="stmt" count="1"/>
      <line num="59" type="stmt" count="1"/>
      <line num="60" type="stmt" count="1"/>
      <line num="61" type="stmt" count="1"/>
      <line num="62" type="stmt" count="1"/>
      <line num="65" type="method" name="intuition" visibility="public" complexity="2" crap="2" count="2"/>
      <line num="67" type="stmt" count="2"/>
      <line num="68" type="stmt" count="1"/>
      <line num="69" type="stmt" count="1"/>
      <line num="70" type="stmt" count="1"/>
      <line num="71" type="stmt" count="1"/>
      <line num="74" type="method" name="rejuvenation" visibility="public" complexity="2" crap="2" count="2"/>
      <line num="76" type="stmt" count="2"/>
      <line num="77" type="stmt" count="1"/>
      <line num="78" type="stmt" count="1"/>
      <line num="79" type="stmt" count="1"/>
      <line num="80" type="stmt" count="1"/>
      <line num="81" type="stmt" count="1"/>
      <line num="82" type="stmt" count="1"/>
      <line num="84" type="stmt" count="1"/>
      <line num="85" type="stmt" count="1"/>
      <line num="87" type="stmt" count="1"/>
      <line num="88" type="stmt" count="1"/>
      <line num="91" type="method" name="revelation" visibility="public" complexity="6" crap="6.03" count="3"/>
      <line num="93" type="stmt" count="3"/>
      <line num="94" type="stmt" count="1"/>
      <line num="96" type="stmt" count="2"/>
      <line num="97" type="stmt" count="1"/>
      <line num="102" type="stmt" count="2"/>
      <line num="103" type="stmt" count="0"/>
      <line num="105" type="stmt" count="2"/>
      <line num="106" type="stmt" count="2"/>
      <line num="107" type="stmt" count="0"/>
      <line num="109" type="stmt" count="2"/>
      <line num="110" type="stmt" count="2"/>
      <line num="112" type="stmt" count="1"/>
      <line num="113" type="stmt" count="1"/>
      <line num="114" type="stmt" count="1"/>
      <line num="115" type="stmt" count="1"/>
      <line num="118" type="stmt" count="1"/>
      <line num="120" type="stmt" count="2"/>
      <line num="121" type="stmt" count="2"/>
      <line num="122" type="stmt" count="2"/>
      <line num="124" type="stmt" count="2"/>
      <line num="125" type="stmt" count="2"/>
      <metrics loc="128" ncloc="123" classes="1" methods="5" coveredmethods="3" conditionals="0" coveredconditionals="0" statements="80" coveredstatements="76" elements="85" coveredelements="79"/>
    </file>
    <file name="/home/runner/work/tsumego-hero/tsumego-hero/src/Controller/RatingModeController.php">
      <class name="RatingModeController" namespace="global">
        <metrics complexity="6" methods="2" coveredmethods="1" conditionals="0" coveredconditionals="0" statements="38" coveredstatements="37" elements="40" coveredelements="38"/>
      </class>
      <line num="5" type="method" name="ratingAdjustment" visibility="public" complexity="1" crap="1" count="3"/>
      <line num="7" type="stmt" count="3"/>
      <line num="8" type="stmt" count="3"/>
      <line num="9" type="stmt" count="3"/>
      <line num="10" type="stmt" count="3"/>
      <line num="11" type="stmt" count="3"/>
      <line num="12" type="stmt" count="3"/>
      <line num="13" type="stmt" count="3"/>
      <line num="14" type="stmt" count="3"/>
      <line num="15" type="stmt" count="3"/>
      <line num="16" type="stmt" count="3"/>
      <line num="19" type="method" name="index" visibility="public" complexity="5" crap="5" count="3"/>
      <line num="21" type="stmt" count="3"/>
      <line num="22" type="stmt" count="0"/>
      <line num="24" type="stmt" count="3"/>
      <line num="25" type="stmt" count="3"/>
      <line num="26" type="stmt" count="3"/>
      <line num="27" type="stmt" count="1"/>
      <line num="29" type="stmt" count="3"/>
      <line num="30" type="stmt" count="3"/>
      <line num="31" type="stmt" count="3"/>
      <line num="32" type="stmt" count="3"/>
      <line num="34" type="stmt" count="3"/>
      <line num="35" type="stmt" count="3"/>
      <line num="36" type="stmt" count="3"/>
      <line num="37" type="stmt" count="3"/>
      <line num="44" type="stmt" count="3"/>
      <line num="45" type="stmt" count="3"/>
      <line num="47" type="stmt" count="3"/>
      <line num="49" type="stmt" count="2"/>
      <line num="50" type="stmt" count="2"/>
      <line num="52" type="stmt" count="1"/>
      <line num="54" type="stmt" count="1"/>
      <line num="55" type="stmt" count="1"/>
      <line num="57" type="stmt" count="1"/>
      <line num="58" type="stmt" count="1"/>
      <line num="59" type="stmt" count="1"/>
      <line num="60" type="stmt" count="1"/>
      <line num="61" type="stmt" count="1"/>
      <line num="62" type="stmt" count="1"/>
      <metrics loc="65" ncloc="65" classes="1" methods="2" coveredmethods="1" conditionals="0" coveredconditionals="0" statements="38" coveredstatements="37" elements="40" coveredelements="38"/>
    </file>
    <file name="/home/runner/work/tsumego-hero/tsumego-hero/src/Controller/SetsController.php">
      <class name="SetsController" namespace="global">
        <metrics complexity="239" methods="20" coveredmethods="6" conditionals="0" coveredconditionals="0" statements="800" coveredstatements="723" elements="820" coveredelements="729"/>
      </class>
      <line num="3" type="stmt" count="2"/>
      <line num="4" type="stmt" count="2"/>
      <line num="5" type="stmt" count="2"/>
      <line num="6" type="stmt" count="2"/>
      <line num="7" type="stmt" count="2"/>
      <line num="8" type="stmt" count="2"/>
      <line num="9" type="stmt" count="2"/>
      <line num="10" type="stmt" count="2"/>
      <line num="11" type="stmt" count="2"/>
      <line num="12" type="stmt" count="2"/>
      <line num="13" type="stmt" count="2"/>
      <line num="14" type="stmt" count="2"/>
      <line num="15" type="stmt" count="2"/>
      <line num="16" type="stmt" count="2"/>
      <line num="17" type="stmt" count="2"/>
      <line num="18" type="stmt" count="2"/>
      <line num="19" type="stmt" count="2"/>
      <line num="20" type="stmt" count="2"/>
      <line num="31" type="method" name="sandbox" visibility="public" complexity="19" crap="19.57" count="11"/>
      <line num="33" type="stmt" count="11"/>
      <line num="35" type="stmt" count="7"/>
      <line num="36" type="stmt" count="7"/>
      <line num="37" type="stmt" count="7"/>
      <line num="38" type="stmt" count="7"/>
      <line num="40" type="stmt" count="7"/>
      <line num="41" type="stmt" count="7"/>
      <line num="42" type="stmt" count="7"/>
      <line num="44" type="stmt" count="7"/>
      <line num="46" type="stmt" count="0"/>
      <line num="47" type="stmt" count="0"/>
      <line num="49" type="stmt" count="0"/>
      <line num="50" type="stmt" count="0"/>
      <line num="54" type="stmt" count="7"/>
      <line num="55" type="stmt" count="7"/>
      <line num="56" type="stmt" count="7"/>
      <line num="57" type="stmt" count="7"/>
      <line num="59" type="stmt" count="7"/>
      <line num="61" type="stmt" count="7"/>
      <line num="62" type="stmt" count="7"/>
      <line num="63" type="stmt" count="7"/>
      <line num="64" type="stmt" count="7"/>
      <line num="65" type="stmt" count="7"/>
      <line num="66" type="stmt" count="7"/>
      <line num="67" type="stmt" count="0"/>
      <line num="69" type="stmt" count="7"/>
      <line num="71" type="stmt" count="7"/>
      <line num="72" type="stmt" count="7"/>
      <line num="74" type="stmt" count="3"/>
      <line num="75" type="stmt" count="3"/>
      <line num="76" type="stmt" count="3"/>
      <line num="77" type="stmt" count="3"/>
      <line num="78" type="stmt" count="3"/>
      <line num="81" type="stmt" count="2"/>
      <line num="82" type="stmt" count="2"/>
      <line num="83" type="stmt" count="2"/>
      <line num="84" type="stmt" count="0"/>
      <line num="85" type="stmt" count="0"/>
      <line num="87" type="stmt" count="3"/>
      <line num="88" type="stmt" count="2"/>
      <line num="90" type="stmt" count="1"/>
      <line num="91" type="stmt" count="3"/>
      <line num="92" type="stmt" count="3"/>
      <line num="93" type="stmt" count="2"/>
      <line num="94" type="stmt" count="3"/>
      <line num="95" type="stmt" count="3"/>
      <line num="96" type="stmt" count="3"/>
      <line num="97" type="stmt" count="3"/>
      <line num="98" type="stmt" count="3"/>
      <line num="99" type="stmt" count="3"/>
      <line num="100" type="stmt" count="3"/>
      <line num="101" type="stmt" count="3"/>
      <line num="102" type="stmt" count="3"/>
      <line num="105" type="stmt" count="7"/>
      <line num="106" type="stmt" count="7"/>
      <line num="107" type="stmt" count="7"/>
      <line num="108" type="stmt" count="4"/>
      <line num="110" type="stmt" count="7"/>
      <line num="111" type="stmt" count="7"/>
      <line num="112" type="stmt" count="7"/>
      <line num="115" type="method" name="mine" visibility="public" complexity="2" crap="2.15" count="3"/>
      <line num="117" type="stmt" count="3"/>
      <line num="118" type="stmt" count="0"/>
      <line num="120" type="stmt" count="3"/>
      <line num="123" type="method" name="userSets" visibility="public" complexity="1" crap="1" count="1"/>
      <line num="125" type="stmt" count="1"/>
      <line num="128" type="method" name="_showUserSets" visibility="private" complexity="8" crap="8" count="4"/>
      <line num="130" type="stmt" count="4"/>
      <line num="132" type="stmt" count="4"/>
      <line num="133" type="stmt" count="4"/>
      <line num="134" type="stmt" count="4"/>
      <line num="135" type="stmt" count="4"/>
      <line num="136" type="stmt" count="4"/>
      <line num="137" type="stmt" count="4"/>
      <line num="140" type="stmt" count="4"/>
      <line num="142" type="stmt" count="4"/>
      <line num="154" type="stmt" count="4"/>
      <line num="156" type="stmt" count="4"/>
      <line num="158" type="stmt" count="4"/>
      <line num="159" type="stmt" count="4"/>
      <line num="161" type="stmt" count="4"/>
      <line num="162" type="stmt" count="4"/>
      <line num="163" type="stmt" count="4"/>
      <line num="165" type="stmt" count="4"/>
      <line num="166" type="stmt" count="4"/>
      <line num="167" type="stmt" count="4"/>
      <line num="168" type="stmt" count="4"/>
      <line num="169" type="stmt" count="4"/>
      <line num="170" type="stmt" count="4"/>
      <line num="171" type="stmt" count="4"/>
      <line num="172" type="stmt" count="4"/>
      <line num="175" type="stmt" count="4"/>
      <line num="176" type="stmt" count="4"/>
      <line num="179" type="method" name="create" visibility="public" complexity="8" crap="8" count="9"/>
      <line num="181" type="stmt" count="9"/>
      <line num="183" type="stmt" count="7"/>
      <line num="184" type="stmt" count="7"/>
      <line num="185" type="stmt" count="7"/>
      <line num="186" type="stmt" count="7"/>
      <line num="188" type="stmt" count="7"/>
      <line num="190" type="stmt" count="7"/>
      <line num="192" type="stmt" count="7"/>
      <line num="193" type="stmt" count="7"/>
      <line num="194" type="stmt" count="7"/>
      <line num="195" type="stmt" count="7"/>
      <line num="196" type="stmt" count="1"/>
      <line num="197" type="stmt" count="7"/>
      <line num="198" type="stmt" count="1"/>
      <line num="200" type="stmt" count="6"/>
      <line num="202" type="stmt" count="7"/>
      <line num="204" type="stmt" count="7"/>
      <line num="206" type="stmt" count="3"/>
      <line num="207" type="stmt" count="3"/>
      <line num="210" type="stmt" count="4"/>
      <line num="212" type="stmt" count="7"/>
      <line num="213" type="stmt" count="7"/>
      <line num="215" type="stmt" count="7"/>
      <line num="217" type="stmt" count="3"/>
      <line num="218" type="stmt" count="3"/>
      <line num="219" type="stmt" count="3"/>
      <line num="220" type="stmt" count="3"/>
      <line num="221" type="stmt" count="3"/>
      <line num="222" type="stmt" count="3"/>
      <line num="223" type="stmt" count="3"/>
      <line num="225" type="stmt" count="3"/>
      <line num="226" type="stmt" count="3"/>
      <line num="227" type="stmt" count="3"/>
      <line num="228" type="stmt" count="3"/>
      <line num="229" type="stmt" count="3"/>
      <line num="230" type="stmt" count="3"/>
      <line num="233" type="stmt" count="7"/>
      <line num="234" type="stmt" count="6"/>
      <line num="236" type="stmt" count="1"/>
      <line num="243" type="method" name="edit" visibility="public" complexity="54" crap="59.11" count="23"/>
      <line num="245" type="stmt" count="23"/>
      <line num="246" type="stmt" count="23"/>
      <line num="248" type="stmt" count="23"/>
      <line num="249" type="stmt" count="23"/>
      <line num="250" type="stmt" count="0"/>
      <line num="252" type="stmt" count="23"/>
      <line num="253" type="stmt" count="19"/>
      <line num="254" type="stmt" count="19"/>
      <line num="257" type="stmt" count="19"/>
      <line num="263" type="stmt" count="19"/>
      <line num="266" type="stmt" count="19"/>
      <line num="268" type="stmt" count="19"/>
      <line num="270" type="stmt" count="9"/>
      <line num="271" type="stmt" count="9"/>
[...]
      <line num="102" type="method" name="extract" visibility="public" complexity="1" crap="1" count="734"/>
      <line num="104" type="stmt" count="734"/>
      <line num="105" type="stmt" count="734"/>
      <line num="106" type="stmt" count="734"/>
      <line num="109" type="method" name="extractWithDefault" visibility="public" complexity="2" crap="2" count="441"/>
      <line num="111" type="stmt" count="441"/>
      <line num="112" type="stmt" count="441"/>
      <line num="113" type="stmt" count="441"/>
      <line num="114" type="stmt" count="426"/>
      <line num="115" type="stmt" count="441"/>
      <line num="118" type="method" name="getRatio" visibility="public" complexity="2" crap="2" count="33"/>
      <line num="120" type="stmt" count="33"/>
      <line num="121" type="stmt" count="6"/>
      <line num="122" type="stmt" count="30"/>
      <line num="125" type="method" name="isHttpUrl" visibility="public" complexity="1" crap="1" count="5"/>
      <line num="127" type="stmt" count="5"/>
      <line num="129" type="stmt" count="5"/>
      <line num="132" type="method" name="getPercent" visibility="public" complexity="1" crap="1" count="4"/>
      <line num="134" type="stmt" count="4"/>
      <line num="137" type="method" name="indexByID" visibility="public" complexity="2" crap="2" count="2"/>
      <line num="139" type="stmt" count="2"/>
      <line num="140" type="stmt" count="2"/>
      <line num="141" type="stmt" count="2"/>
      <line num="142" type="stmt" count="2"/>
      <line num="145" type="method" name="isInGithubCI" visibility="public" complexity="3" crap="3" count="763"/>
      <line num="147" type="stmt" count="763"/>
      <line num="148" type="stmt" count="754"/>
      <line num="149" type="stmt" count="9"/>
      <line num="150" type="stmt" count="4"/>
      <line num="151" type="stmt" count="5"/>
      <line num="154" type="method" name="isInTestEnvironment" visibility="public" complexity="3" crap="3" count="739"/>
      <line num="156" type="stmt" count="739"/>
      <line num="157" type="stmt" count="1"/>
      <line num="158" type="stmt" count="738"/>
      <line num="161" type="method" name="getMyAddress" visibility="public" complexity="4" crap="4" count="334"/>
      <line num="163" type="stmt" count="334"/>
      <line num="164" type="stmt" count="332"/>
      <line num="165" type="stmt" count="2"/>
      <line num="166" type="stmt" count="1"/>
      <line num="167" type="stmt" count="1"/>
      <line num="170" type="method" name="getInternalAddress" visibility="public" complexity="2" crap="2" count="5"/>
      <line num="172" type="stmt" count="5"/>
      <line num="173" type="stmt" count="4"/>
      <line num="174" type="stmt" count="1"/>
      <line num="177" type="method" name="addSqlCondition" visibility="public" complexity="4" crap="4" count="15"/>
      <line num="179" type="stmt" count="15"/>
      <line num="180" type="stmt" count="1"/>
      <line num="181" type="stmt" count="14"/>
      <line num="183" type="stmt" count="10"/>
      <line num="184" type="stmt" count="10"/>
      <line num="186" type="stmt" count="10"/>
      <line num="187" type="stmt" count="10"/>
      <line num="188" type="stmt" count="1"/>
      <line num="190" type="stmt" count="9"/>
      <line num="193" type="method" name="addSqlOrCondition" visibility="public" complexity="2" crap="2" count="6"/>
      <line num="195" type="stmt" count="6"/>
      <line num="197" type="stmt" count="5"/>
      <line num="198" type="stmt" count="5"/>
      <line num="200" type="stmt" count="3"/>
      <line num="203" type="method" name="boolString" visibility="public" complexity="2" crap="2" count="131"/>
      <line num="205" type="stmt" count="131"/>
      <line num="208" type="method" name="getHealthBasedOnLevel" visibility="public" complexity="1" crap="1" count="56"/>
      <line num="210" type="stmt" count="56"/>
      <line num="213" type="method" name="query" visibility="public" complexity="1" crap="1" count="160"/>
      <line num="216" type="stmt" count="160"/>
      <line num="217" type="stmt" count="160"/>
      <line num="218" type="stmt" count="160"/>
      <line num="224" type="method" name="execute" visibility="public" complexity="1" crap="1" count="26"/>
      <line num="227" type="stmt" count="26"/>
      <line num="228" type="stmt" count="26"/>
      <line num="229" type="stmt" count="26"/>
      <line num="232" type="method" name="clampOptional" visibility="public" complexity="3" crap="3" count="41"/>
      <line num="234" type="stmt" count="41"/>
      <line num="235" type="stmt" count="41"/>
      <line num="236" type="stmt" count="2"/>
      <line num="237" type="stmt" count="41"/>
      <line num="238" type="stmt" count="4"/>
      <line num="239" type="stmt" count="41"/>
      <line num="242" type="method" name="strOrNull" visibility="public" complexity="2" crap="2" count="1"/>
      <line num="244" type="stmt" count="1"/>
      <line num="245" type="stmt" count="1"/>
      <line num="246" type="stmt" count="1"/>
      <line num="249" type="method" name="getGraphColor" visibility="public" complexity="2" crap="2" count="3"/>
      <line num="251" type="stmt" count="3"/>
      <line num="254" type="method" name="getGraphGridColor" visibility="public" complexity="2" crap="2" count="3"/>
      <line num="256" type="stmt" count="3"/>
      <line num="259" type="method" name="getGraphThemeMode" visibility="public" complexity="2" crap="2" count="3"/>
      <line num="261" type="stmt" count="3"/>
      <line num="264" type="method" name="getValueGraphHeight" visibility="public" complexity="1" crap="1" count="3"/>
      <line num="266" type="stmt" count="3"/>
      <line num="269" type="method" name="getFollowingSgfCoordinates" visibility="public" complexity="7" crap="56" count="0"/>
      <line num="271" type="stmt" count="0"/>
      <line num="274" type="stmt" count="0"/>
      <line num="275" type="stmt" count="0"/>
      <line num="276" type="stmt" count="0"/>
      <line num="277" type="stmt" count="0"/>
      <line num="278" type="stmt" count="0"/>
      <line num="279" type="stmt" count="0"/>
      <line num="280" type="stmt" count="0"/>
      <line num="281" type="stmt" count="0"/>
      <line num="282" type="stmt" count="0"/>
      <line num="283" type="stmt" count="0"/>
      <line num="284" type="stmt" count="0"/>
      <line num="286" type="stmt" count="0"/>
      <line num="287" type="stmt" count="0"/>
      <line num="297" type="method" name="toIso8601" visibility="public" complexity="1" crap="1" count="38"/>
      <line num="299" type="stmt" count="38"/>
      <line num="302" type="method" name="calculateLibertyStatus" visibility="public" complexity="3" crap="12" count="0"/>
      <line num="310" type="stmt" count="0"/>
      <line num="311" type="stmt" count="0"/>
      <line num="313" type="stmt" count="0"/>
      <line num="315" type="stmt" count="0"/>
      <line num="317" type="stmt" count="0"/>
      <line num="319" type="stmt" count="0"/>
      <line num="321" type="stmt" count="0"/>
      <line num="324" type="stmt" count="0"/>
      <line num="325" type="stmt" count="0"/>
      <line num="327" type="stmt" count="0"/>
      <line num="330" type="stmt" count="0"/>
      <line num="331" type="stmt" count="0"/>
      <line num="334" type="stmt" count="0"/>
      <line num="337" type="stmt" count="0"/>
      <metrics loc="340" ncloc="318" classes="1" methods="34" coveredmethods="31" conditionals="0" coveredconditionals="0" statements="145" coveredstatements="116" elements="179" coveredelements="147"/>
    </file>
    <file name="/home/runner/work/tsumego-hero/tsumego-hero/src/Utility/ValueGraphRenderer.php">
      <class name="ValueGraphRenderer" namespace="global">
        <metrics complexity="6" methods="1" coveredmethods="1" conditionals="0" coveredconditionals="0" statements="21" coveredstatements="21" elements="22" coveredelements="22"/>
      </class>
      <line num="5" type="method" name="render" visibility="public" complexity="6" crap="6" count="3"/>
      <line num="7" type="stmt" count="3"/>
      <line num="8" type="stmt" count="3"/>
      <line num="10" type="stmt" count="3"/>
      <line num="11" type="stmt" count="3"/>
      <line num="12" type="stmt" count="1"/>
      <line num="13" type="stmt" count="3"/>
      <line num="14" type="stmt" count="3"/>
      <line num="15" type="stmt" count="3"/>
      <line num="16" type="stmt" count="3"/>
      <line num="19" type="stmt" count="3"/>
      <line num="20" type="stmt" count="3"/>
      <line num="21" type="stmt" count="1"/>
      <line num="23" type="stmt" count="3"/>
      <line num="26" type="stmt" count="3"/>
      <line num="30" type="stmt" count="3"/>
      <line num="32" type="stmt" count="3"/>
      <line num="34" type="stmt" count="3"/>
      <line num="60" type="stmt" count="3"/>
      <line num="63" type="stmt" count="3"/>
      <line num="74" type="stmt" count="3"/>
      <line num="77" type="stmt" count="3"/>
      <metrics loc="80" ncloc="80" classes="1" methods="1" coveredmethods="1" conditionals="0" coveredconditionals="0" statements="21" coveredstatements="21" elements="22" coveredelements="22"/>
    </file>
    <file name="/home/runner/work/tsumego-hero/tsumego-hero/src/Utility/ViteManifest.php">
      <class name="ViteManifest" namespace="global">
        <metrics complexity="22" methods="9" coveredmethods="3" conditionals="0" coveredconditionals="0" statements="44" coveredstatements="32" elements="53" coveredelements="35"/>
      </class>
      <line num="58" type="method" name="css" visibility="public" complexity="2" crap="2.06" count="130"/>
      <line num="60" type="stmt" count="130"/>
      <line num="61" type="stmt" count="130"/>
      <line num="62" type="stmt" count="0"/>
      <line num="64" type="stmt" count="130"/>
      <line num="70" type="method" name="cssUrl" visibility="public" complexity="3" crap="3.71" count="130"/>
      <line num="72" type="stmt" count="130"/>
      <line num="73" type="stmt" count="130"/>
      <line num="76" type="stmt" count="130"/>
      <line num="77" type="stmt" count="130"/>
      <line num="80" type="stmt" count="0"/>
      <line num="81" type="stmt" count="0"/>
      <line num="83" type="stmt" count="0"/>
      <line num="95" type="method" name="legacyScript" visibility="public" complexity="2" crap="2.03" count="130"/>
      <line num="97" type="stmt" count="130"/>
      <line num="98" type="stmt" count="130"/>
      <line num="100" type="stmt" count="130"/>
      <line num="101" type="stmt" count="0"/>
      <line num="103" type="stmt" count="130"/>
      <line num="112" type="method" name="script" visibility="public" complexity="2" crap="2.03" count="129"/>
      <line num="114" type="stmt" count="129"/>
      <line num="115" type="stmt" count="129"/>
      <line num="117" type="stmt" count="129"/>
      <line num="118" type="stmt" count="0"/>
      <line num="120" type="stmt" count="129"/>
      <line num="130" type="method" name="load" visibility="private" complexity="4" crap="4.13" count="130"/>
      <line num="132" type="stmt" count="130"/>
      <line num="133" type="stmt" count="130"/>
      <line num="135" type="stmt" count="2"/>
      <line num="137" type="stmt" count="2"/>
      <line num="138" type="stmt" count="0"/>
      <line num="140" type="stmt" count="2"/>
      <line num="141" type="stmt" count="2"/>
      <line num="142" type="stmt" count="0"/>
      <line num="144" type="stmt" count="2"/>
      <line num="145" type="stmt" count="2"/>
      <line num="148" type="method" name="linkTag" visibility="private" complexity="1" crap="1" count="130"/>
      <line num="150" type="stmt" count="130"/>
      <line num="151" type="stmt" count="130"/>
      <line num="154" type="method" name="scriptTag" visibility="private" complexity="1" crap="1" count="129"/>
      <line num="156" type="stmt" count="129"/>
      <line num="157" type="stmt" count="129"/>
      <line num="160" type="method" name="plainScriptTag" visibility="private" complexity="1" crap="1" count="130"/>
      <line num="162" type="stmt" count="130"/>
      <line num="163" type="stmt" count="130"/>
      <line num="166" type="method" name="buildAttrs" visibility="private" complexity="6" crap="12.72" count="130"/>
      <line num="168" type="stmt" count="130"/>
      <line num="169" type="stmt" count="130"/>
      <line num="171" type="stmt" count="0"/>
      <line num="172" type="stmt" count="0"/>
      <line num="173" type="stmt" count="0"/>
      <line num="174" type="stmt" count="0"/>
      <line num="176" type="stmt" count="130"/>
      <metrics loc="179" ncloc="113" classes="1" methods="9" coveredmethods="3" conditionals="0" coveredconditionals="0" statements="44" coveredstatements="32" elements="53" coveredelements="35"/>
    </file>
    <file name="/home/runner/work/tsumego-hero/tsumego-hero/src/View/AppView.php">
      <class name="AppView" namespace="global">
        <metrics complexity="2" methods="1" coveredmethods="0" conditionals="0" coveredconditionals="0" statements="20" coveredstatements="6" elements="21" coveredelements="6"/>
      </class>
      <line num="3" type="stmt" count="2"/>
      <line num="23" type="method" name="_evaluate" visibility="protected" complexity="2" crap="3.37" count="130"/>
      <line num="25" type="stmt" count="130"/>
      <line num="26" type="stmt" count="130"/>
      <line num="27" type="stmt" count="130"/>
      <line num="31" type="stmt" count="130"/>
      <line num="33" type="stmt" count="0"/>
      <line num="35" type="stmt" count="0"/>
      <line num="36" type="stmt" count="0"/>
      <line num="40" type="stmt" count="0"/>
      <line num="41" type="stmt" count="0"/>
      <line num="42" type="stmt" count="0"/>
      <line num="43" type="stmt" count="0"/>
      <line num="44" type="stmt" count="0"/>
      <line num="45" type="stmt" count="0"/>
      <line num="47" type="stmt" count="0"/>
      <line num="48" type="stmt" count="0"/>
      <line num="49" type="stmt" count="0"/>
      <line num="50" type="stmt" count="0"/>
      <line num="51" type="stmt" count="0"/>
      <line num="54" type="stmt" count="130"/>
      <line num="56" type="stmt" count="130"/>
      <metrics loc="60" ncloc="42" classes="1" methods="1" coveredmethods="0" conditionals="0" coveredconditionals="0" statements="21" coveredstatements="7" elements="22" coveredelements="7"/>
    </file>
    <file name="/home/runner/work/tsumego-hero/tsumego-hero/src/View/Helper/AppHelper.php">
      <class name="AppHelper" namespace="global">
        <metrics complexity="0" methods="0" coveredmethods="0" conditionals="0" coveredconditionals="0" statements="0" coveredstatements="0" elements="0" coveredelements="0"/>
      </class>
      <metrics loc="30" ncloc="5" classes="0" methods="0" coveredmethods="0" conditionals="0" coveredconditionals="0" statements="0" coveredstatements="0" elements="0" coveredelements="0"/>
    </file>
    <file name="/home/runner/work/tsumego-hero/tsumego-hero/src/View/Helper/HighscoreHelper.php">
      <class name="HighscoreHelper" namespace="global">
        <metrics complexity="14" methods="1" coveredmethods="1" conditionals="0" coveredconditionals="0" statements="42" coveredstatements="42" elements="43" coveredelements="43"/>
      </class>
      <line num="3" type="stmt" count="2"/>
      <line num="27" type="method" name="renderTable" visibility="public" complexity="14" crap="14" count="16"/>
      <line num="33" type="stmt" count="16"/>
      <line num="35" type="stmt" count="16"/>
      <line num="38" type="stmt" count="16"/>
      <line num="39" type="stmt" count="16"/>
      <line num="42" type="stmt" count="16"/>
      <line num="43" type="stmt" count="16"/>
      <line num="44" type="stmt" count="16"/>
      <line num="45" type="stmt" count="16"/>
      <line num="46" type="stmt" count="16"/>
      <line num="47" type="stmt" count="16"/>
      <line num="49" type="stmt" count="16"/>
      <line num="52" type="stmt" count="16"/>
      <line num="53" type="stmt" count="16"/>
      <line num="55" type="stmt" count="16"/>
      <line num="58" type="stmt" count="16"/>
      <line num="59" type="stmt" count="1"/>
      <line num="62" type="stmt" count="16"/>
      <line num="63" type="stmt" count="16"/>
      <line num="64" type="stmt" count="16"/>
      <line num="65" type="stmt" count="15"/>
      <line num="66" type="stmt" count="15"/>
      <line num="67" type="stmt" count="7"/>
      <line num="68" type="stmt" count="7"/>
      <line num="71" type="stmt" count="16"/>
      <line num="72" type="stmt" count="16"/>
      <line num="74" type="stmt" count="11"/>
      <line num="75" type="stmt" count="11"/>
      <line num="76" type="stmt" count="11"/>
      <line num="77" type="stmt" count="11"/>
      <line num="80" type="stmt" count="16"/>
      <line num="82" type="stmt" count="16"/>
      <line num="83" type="stmt" count="16"/>
      <line num="84" type="stmt" count="16"/>
      <line num="85" type="stmt" count="16"/>
      <line num="86" type="stmt" count="16"/>
      <line num="87" type="stmt" count="16"/>
      <line num="89" type="stmt" count="16"/>
      <line num="90" type="stmt" count="16"/>
      <line num="94" type="stmt" count="16"/>
      <line num="95" type="stmt" count="14"/>
      <line num="97" type="stmt" count="16"/>
      <line num="98" type="stmt" count="16"/>
      <metrics loc="101" ncloc="73" classes="1" methods="1" coveredmethods="1" conditionals="0" coveredconditionals="0" statements="43" coveredstatements="43" elements="44" coveredelements="44"/>
    </file>
    <file name="/home/runner/work/tsumego-hero/tsumego-hero/src/View/Helper/PaginationHelper.php">
      <class name="PaginationHelper" namespace="global">
        <metrics complexity="10" methods="1" coveredmethods="0" conditionals="0" coveredconditionals="0" statements="31" coveredstatements="29" elements="32" coveredelements="29"/>
      </class>
      <line num="3" type="stmt" count="2"/>
      <line num="22" type="method" name="render" visibility="public" complexity="10" crap="10.03" count="14"/>
      <line num="24" type="stmt" count="14"/>
      <line num="25" type="stmt" count="14"/>
      <line num="28" type="stmt" count="1"/>
      <line num="29" type="stmt" count="1"/>
      <line num="32" type="stmt" count="1"/>
      <line num="33" type="stmt" count="1"/>
      <line num="34" type="stmt" count="1"/>
      <line num="36" type="stmt" count="1"/>
      <line num="37" type="stmt" count="1"/>
      <line num="40" type="stmt" count="1"/>
      <line num="41" type="stmt" count="1"/>
      <line num="44" type="stmt" count="1"/>
      <line num="45" type="stmt" count="1"/>
      <line num="46" type="stmt" count="1"/>
      <line num="47" type="stmt" count="0"/>
      <line num="48" type="stmt" count="1"/>
      <line num="49" type="stmt" count="1"/>
      <line num="50" type="stmt" count="1"/>
      <line num="51" type="stmt" count="1"/>
      <line num="54" type="stmt" count="1"/>
      <line num="55" type="stmt" count="1"/>
      <line num="57" type="stmt" count="1"/>
      <line num="58" type="stmt" count="0"/>
      <line num="59" type="stmt" count="1"/>
      <line num="60" type="stmt" count="1"/>
      <line num="62" type="stmt" count="1"/>
      <line num="63" type="stmt" count="1"/>
      <line num="67" type="stmt" count="1"/>
      <line num="68" type="stmt" count="1"/>
      <line num="70" type="stmt" count="1"/>
      <line num="71" type="stmt" count="1"/>
      <metrics loc="74" ncloc="52" classes="1" methods="1" coveredmethods="0" conditionals="0" coveredconditionals="0" statements="32" coveredstatements="30" elements="33" coveredelements="30"/>
    </file>
    <metrics files="129" loc="16136" ncloc="14483" classes="118" methods="646" coveredmethods="455" conditionals="0" coveredconditionals="0" statements="7801" coveredstatements="7002" elements="8447" coveredelements="7457"/>
  </project>
</coverage>
